{"/home/user/dicoding-aiweb/team/client/src/App.jsx": {"path":"/home/user/dicoding-aiweb/team/client/src/App.jsx","all":true,"statementMap":{"0":{"start":{"line":1,"column":0},"end":{"line":1,"column":74}},"1":{"start":{"line":2,"column":0},"end":{"line":2,"column":39}},"2":{"start":{"line":3,"column":0},"end":{"line":3,"column":42}},"3":{"start":{"line":4,"column":0},"end":{"line":4,"column":67}},"4":{"start":{"line":5,"column":0},"end":{"line":5,"column":70}},"5":{"start":{"line":6,"column":0},"end":{"line":6,"column":42}},"6":{"start":{"line":7,"column":0},"end":{"line":7,"column":55}},"7":{"start":{"line":8,"column":0},"end":{"line":8,"column":57}},"8":{"start":{"line":9,"column":0},"end":{"line":9,"column":57}},"9":{"start":{"line":10,"column":0},"end":{"line":10,"column":56}},"10":{"start":{"line":11,"column":0},"end":{"line":11,"column":70}},"11":{"start":{"line":12,"column":0},"end":{"line":12,"column":54}},"13":{"start":{"line":14,"column":0},"end":{"line":14,"column":56}},"14":{"start":{"line":15,"column":0},"end":{"line":15,"column":77}},"15":{"start":{"line":16,"column":0},"end":{"line":16,"column":83}},"16":{"start":{"line":17,"column":0},"end":{"line":17,"column":66}},"17":{"start":{"line":18,"column":0},"end":{"line":18,"column":78}},"18":{"start":{"line":19,"column":0},"end":{"line":19,"column":68}},"19":{"start":{"line":20,"column":0},"end":{"line":20,"column":64}},"20":{"start":{"line":21,"column":0},"end":{"line":21,"column":64}},"21":{"start":{"line":22,"column":0},"end":{"line":22,"column":78}},"23":{"start":{"line":24,"column":0},"end":{"line":24,"column":21}},"24":{"start":{"line":25,"column":0},"end":{"line":25,"column":77}},"25":{"start":{"line":26,"column":0},"end":{"line":26,"column":93}},"26":{"start":{"line":27,"column":0},"end":{"line":27,"column":1}},"28":{"start":{"line":29,"column":0},"end":{"line":29,"column":31}},"29":{"start":{"line":30,"column":0},"end":{"line":30,"column":10}},"30":{"start":{"line":31,"column":0},"end":{"line":31,"column":19}},"31":{"start":{"line":32,"column":0},"end":{"line":32,"column":14}},"32":{"start":{"line":33,"column":0},"end":{"line":33,"column":22}},"33":{"start":{"line":34,"column":0},"end":{"line":34,"column":25}},"34":{"start":{"line":35,"column":0},"end":{"line":35,"column":27}},"35":{"start":{"line":36,"column":0},"end":{"line":36,"column":29}},"36":{"start":{"line":37,"column":0},"end":{"line":37,"column":64}},"37":{"start":{"line":38,"column":0},"end":{"line":38,"column":26}},"38":{"start":{"line":39,"column":0},"end":{"line":39,"column":57}},"39":{"start":{"line":40,"column":0},"end":{"line":40,"column":60}},"40":{"start":{"line":41,"column":0},"end":{"line":41,"column":68}},"41":{"start":{"line":42,"column":0},"end":{"line":42,"column":74}},"42":{"start":{"line":43,"column":0},"end":{"line":43,"column":134}},"43":{"start":{"line":44,"column":0},"end":{"line":44,"column":143}},"44":{"start":{"line":45,"column":0},"end":{"line":45,"column":140}},"45":{"start":{"line":46,"column":0},"end":{"line":46,"column":140}},"46":{"start":{"line":47,"column":0},"end":{"line":47,"column":134}},"47":{"start":{"line":48,"column":0},"end":{"line":48,"column":28}},"48":{"start":{"line":49,"column":0},"end":{"line":49,"column":27}},"49":{"start":{"line":50,"column":0},"end":{"line":50,"column":27}},"50":{"start":{"line":51,"column":0},"end":{"line":51,"column":30}},"51":{"start":{"line":52,"column":0},"end":{"line":52,"column":28}},"52":{"start":{"line":53,"column":0},"end":{"line":53,"column":26}},"53":{"start":{"line":54,"column":0},"end":{"line":54,"column":23}},"54":{"start":{"line":55,"column":0},"end":{"line":55,"column":15}},"55":{"start":{"line":56,"column":0},"end":{"line":56,"column":20}},"57":{"start":{"line":58,"column":0},"end":{"line":58,"column":1}}},"s":{"0":0,"1":0,"2":0,"3":0,"4":0,"5":0,"6":0,"7":0,"8":0,"9":0,"10":0,"11":0,"13":0,"14":0,"15":0,"16":0,"17":0,"18":0,"19":0,"20":0,"21":0,"23":0,"24":0,"25":0,"26":0,"28":0,"29":0,"30":0,"31":0,"32":0,"33":0,"34":0,"35":0,"36":0,"37":0,"38":0,"39":0,"40":0,"41":0,"42":0,"43":0,"44":0,"45":0,"46":0,"47":0,"48":0,"49":0,"50":0,"51":0,"52":0,"53":0,"54":0,"55":0,"57":0},"branchMap":{"0":{"type":"branch","line":1,"loc":{"start":{"line":1,"column":3012},"end":{"line":58,"column":1}},"locations":[{"start":{"line":1,"column":3012},"end":{"line":58,"column":1}}]}},"b":{"0":[0]},"fnMap":{"0":{"name":"(empty-report)","decl":{"start":{"line":1,"column":3012},"end":{"line":58,"column":1}},"loc":{"start":{"line":1,"column":3012},"end":{"line":58,"column":1}},"line":1}},"f":{"0":0}}
,"/home/user/dicoding-aiweb/team/client/src/main.jsx": {"path":"/home/user/dicoding-aiweb/team/client/src/main.jsx","all":true,"statementMap":{"0":{"start":{"line":1,"column":0},"end":{"line":1,"column":35}},"1":{"start":{"line":2,"column":0},"end":{"line":2,"column":46}},"2":{"start":{"line":3,"column":0},"end":{"line":3,"column":39}},"3":{"start":{"line":4,"column":0},"end":{"line":4,"column":28}},"4":{"start":{"line":5,"column":0},"end":{"line":5,"column":28}},"5":{"start":{"line":6,"column":0},"end":{"line":6,"column":21}},"7":{"start":{"line":8,"column":0},"end":{"line":8,"column":51}},"8":{"start":{"line":9,"column":0},"end":{"line":9,"column":14}},"9":{"start":{"line":10,"column":0},"end":{"line":10,"column":28}},"10":{"start":{"line":11,"column":0},"end":{"line":11,"column":13}},"11":{"start":{"line":12,"column":0},"end":{"line":12,"column":15}},"12":{"start":{"line":13,"column":0},"end":{"line":13,"column":16}},"13":{"start":{"line":14,"column":0},"end":{"line":14,"column":2}}},"s":{"0":0,"1":0,"2":0,"3":0,"4":0,"5":0,"7":0,"8":0,"9":0,"10":0,"11":0,"12":0,"13":0},"branchMap":{"0":{"type":"branch","line":1,"loc":{"start":{"line":1,"column":306},"end":{"line":14,"column":-225}},"locations":[{"start":{"line":1,"column":306},"end":{"line":14,"column":-225}}]}},"b":{"0":[0]},"fnMap":{"0":{"name":"(empty-report)","decl":{"start":{"line":1,"column":306},"end":{"line":14,"column":-225}},"loc":{"start":{"line":1,"column":306},"end":{"line":14,"column":-225}},"line":1}},"f":{"0":0}}
,"/home/user/dicoding-aiweb/team/client/src/components/AdaptationBanner.jsx": {"path":"/home/user/dicoding-aiweb/team/client/src/components/AdaptationBanner.jsx","all":false,"statementMap":{"0":{"start":{"line":1,"column":0},"end":{"line":1,"column":47}},"1":{"start":{"line":2,"column":0},"end":{"line":2,"column":60}},"2":{"start":{"line":3,"column":0},"end":{"line":3,"column":67}},"4":{"start":{"line":5,"column":0},"end":{"line":5,"column":44}},"5":{"start":{"line":6,"column":0},"end":{"line":6,"column":47}},"6":{"start":{"line":7,"column":0},"end":{"line":7,"column":33}},"8":{"start":{"line":9,"column":0},"end":{"line":9,"column":27}},"10":{"start":{"line":11,"column":0},"end":{"line":11,"column":44}},"11":{"start":{"line":12,"column":0},"end":{"line":12,"column":50}},"13":{"start":{"line":14,"column":0},"end":{"line":14,"column":34}},"14":{"start":{"line":15,"column":0},"end":{"line":15,"column":9}},"15":{"start":{"line":16,"column":0},"end":{"line":16,"column":36}},"16":{"start":{"line":17,"column":0},"end":{"line":17,"column":22}},"17":{"start":{"line":18,"column":0},"end":{"line":18,"column":13}},"19":{"start":{"line":20,"column":0},"end":{"line":20,"column":5}},"20":{"start":{"line":21,"column":0},"end":{"line":21,"column":4}},"22":{"start":{"line":23,"column":0},"end":{"line":23,"column":35}},"23":{"start":{"line":24,"column":0},"end":{"line":24,"column":20}},"24":{"start":{"line":25,"column":0},"end":{"line":25,"column":26}},"25":{"start":{"line":26,"column":0},"end":{"line":26,"column":4}},"27":{"start":{"line":28,"column":0},"end":{"line":28,"column":10}},"28":{"start":{"line":29,"column":0},"end":{"line":29,"column":8}},"29":{"start":{"line":30,"column":0},"end":{"line":30,"column":42}},"30":{"start":{"line":31,"column":0},"end":{"line":31,"column":24}},"31":{"start":{"line":32,"column":0},"end":{"line":32,"column":104}},"32":{"start":{"line":33,"column":0},"end":{"line":33,"column":16}},"33":{"start":{"line":34,"column":0},"end":{"line":34,"column":61}},"34":{"start":{"line":35,"column":0},"end":{"line":35,"column":64}},"35":{"start":{"line":36,"column":0},"end":{"line":36,"column":9}},"37":{"start":{"line":38,"column":0},"end":{"line":38,"column":30}},"38":{"start":{"line":39,"column":0},"end":{"line":39,"column":74}},"39":{"start":{"line":40,"column":0},"end":{"line":40,"column":47}},"40":{"start":{"line":41,"column":0},"end":{"line":41,"column":12}},"41":{"start":{"line":42,"column":0},"end":{"line":42,"column":171}},"42":{"start":{"line":43,"column":0},"end":{"line":43,"column":12}},"43":{"start":{"line":44,"column":0},"end":{"line":44,"column":66}},"44":{"start":{"line":45,"column":0},"end":{"line":45,"column":15}},"45":{"start":{"line":46,"column":0},"end":{"line":46,"column":37}},"46":{"start":{"line":47,"column":0},"end":{"line":47,"column":85}},"47":{"start":{"line":48,"column":0},"end":{"line":48,"column":20}},"48":{"start":{"line":49,"column":0},"end":{"line":49,"column":61}},"49":{"start":{"line":50,"column":0},"end":{"line":50,"column":64}},"50":{"start":{"line":51,"column":0},"end":{"line":51,"column":13}},"51":{"start":{"line":52,"column":0},"end":{"line":52,"column":9}},"53":{"start":{"line":54,"column":0},"end":{"line":54,"column":17}},"54":{"start":{"line":55,"column":0},"end":{"line":55,"column":25}},"55":{"start":{"line":56,"column":0},"end":{"line":56,"column":17}},"56":{"start":{"line":57,"column":0},"end":{"line":57,"column":32}},"57":{"start":{"line":58,"column":0},"end":{"line":58,"column":131}},"58":{"start":{"line":59,"column":0},"end":{"line":59,"column":11}},"60":{"start":{"line":61,"column":0},"end":{"line":61,"column":19}},"62":{"start":{"line":63,"column":0},"end":{"line":63,"column":15}},"63":{"start":{"line":64,"column":0},"end":{"line":64,"column":33}},"64":{"start":{"line":65,"column":0},"end":{"line":65,"column":85}},"65":{"start":{"line":66,"column":0},"end":{"line":66,"column":20}},"66":{"start":{"line":67,"column":0},"end":{"line":67,"column":58}},"67":{"start":{"line":68,"column":0},"end":{"line":68,"column":60}},"68":{"start":{"line":69,"column":0},"end":{"line":69,"column":13}},"69":{"start":{"line":70,"column":0},"end":{"line":70,"column":9}},"71":{"start":{"line":72,"column":0},"end":{"line":72,"column":17}},"72":{"start":{"line":73,"column":0},"end":{"line":73,"column":12}},"73":{"start":{"line":74,"column":0},"end":{"line":74,"column":10}},"75":{"start":{"line":76,"column":0},"end":{"line":76,"column":1}}},"s":{"0":1,"1":1,"2":1,"4":6,"5":6,"6":6,"8":6,"10":5,"11":5,"13":5,"14":0,"15":0,"16":0,"17":0,"19":0,"20":0,"22":5,"23":0,"24":0,"25":0,"27":5,"28":5,"29":6,"30":6,"31":6,"32":6,"33":3,"34":2,"35":6,"37":6,"38":6,"39":6,"40":6,"41":6,"42":6,"43":6,"44":6,"45":6,"46":6,"47":6,"48":3,"49":2,"50":6,"51":6,"53":6,"54":6,"55":2,"56":2,"57":2,"58":2,"60":2,"62":6,"63":6,"64":6,"65":6,"66":3,"67":2,"68":6,"69":6,"71":6,"72":6,"73":6,"75":6},"branchMap":{"0":{"type":"branch","line":5,"loc":{"start":{"line":5,"column":0},"end":{"line":76,"column":1}},"locations":[{"start":{"line":5,"column":0},"end":{"line":76,"column":1}}]},"1":{"type":"branch","line":9,"loc":{"start":{"line":9,"column":15},"end":{"line":9,"column":27}},"locations":[{"start":{"line":9,"column":15},"end":{"line":9,"column":27}}]},"2":{"type":"branch","line":9,"loc":{"start":{"line":9,"column":22},"end":{"line":30,"column":23}},"locations":[{"start":{"line":9,"column":22},"end":{"line":30,"column":23}}]},"3":{"type":"branch","line":30,"loc":{"start":{"line":30,"column":12},"end":{"line":30,"column":33}},"locations":[{"start":{"line":30,"column":12},"end":{"line":30,"column":33}}]},"4":{"type":"branch","line":30,"loc":{"start":{"line":30,"column":23},"end":{"line":30,"column":42}},"locations":[{"start":{"line":30,"column":23},"end":{"line":30,"column":42}}]},"5":{"type":"branch","line":33,"loc":{"start":{"line":33,"column":8},"end":{"line":34,"column":61}},"locations":[{"start":{"line":33,"column":8},"end":{"line":34,"column":61}}]},"6":{"type":"branch","line":34,"loc":{"start":{"line":34,"column":12},"end":{"line":35,"column":64}},"locations":[{"start":{"line":34,"column":12},"end":{"line":35,"column":64}}]},"7":{"type":"branch","line":40,"loc":{"start":{"line":40,"column":11},"end":{"line":40,"column":36}},"locations":[{"start":{"line":40,"column":11},"end":{"line":40,"column":36}}]},"8":{"type":"branch","line":40,"loc":{"start":{"line":40,"column":22},"end":{"line":40,"column":47}},"locations":[{"start":{"line":40,"column":22},"end":{"line":40,"column":47}}]},"9":{"type":"branch","line":42,"loc":{"start":{"line":42,"column":19},"end":{"line":42,"column":167}},"locations":[{"start":{"line":42,"column":19},"end":{"line":42,"column":167}}]},"10":{"type":"branch","line":42,"loc":{"start":{"line":42,"column":31},"end":{"line":42,"column":112}},"locations":[{"start":{"line":42,"column":31},"end":{"line":42,"column":112}}]},"11":{"type":"branch","line":42,"loc":{"start":{"line":42,"column":42},"end":{"line":42,"column":167}},"locations":[{"start":{"line":42,"column":42},"end":{"line":42,"column":167}}]},"12":{"type":"branch","line":48,"loc":{"start":{"line":48,"column":12},"end":{"line":49,"column":61}},"locations":[{"start":{"line":48,"column":12},"end":{"line":49,"column":61}}]},"13":{"type":"branch","line":49,"loc":{"start":{"line":49,"column":16},"end":{"line":50,"column":64}},"locations":[{"start":{"line":49,"column":16},"end":{"line":50,"column":64}}]},"14":{"type":"branch","line":55,"loc":{"start":{"line":55,"column":9},"end":{"line":61,"column":19}},"locations":[{"start":{"line":55,"column":9},"end":{"line":61,"column":19}}]},"15":{"type":"branch","line":66,"loc":{"start":{"line":66,"column":12},"end":{"line":67,"column":58}},"locations":[{"start":{"line":66,"column":12},"end":{"line":67,"column":58}}]},"16":{"type":"branch","line":67,"loc":{"start":{"line":67,"column":16},"end":{"line":68,"column":60}},"locations":[{"start":{"line":67,"column":16},"end":{"line":68,"column":60}}]}},"b":{"0":[6],"1":[1],"2":[5],"3":[3],"4":[2],"5":[3],"6":[2],"7":[3],"8":[2],"9":[3],"10":[2],"11":[1],"12":[3],"13":[2],"14":[2],"15":[3],"16":[2]},"fnMap":{"0":{"name":"AdaptationBanner","decl":{"start":{"line":5,"column":0},"end":{"line":76,"column":1}},"loc":{"start":{"line":5,"column":0},"end":{"line":76,"column":1}},"line":5},"1":{"name":"handleUndo","decl":{"start":{"line":14,"column":21},"end":{"line":21,"column":4}},"loc":{"start":{"line":14,"column":21},"end":{"line":21,"column":4}},"line":14},"2":{"name":"handleViewChanges","decl":{"start":{"line":23,"column":28},"end":{"line":26,"column":4}},"loc":{"start":{"line":23,"column":28},"end":{"line":26,"column":4}},"line":23}},"f":{"0":6,"1":0,"2":0}}
,"/home/user/dicoding-aiweb/team/client/src/components/AdjustmentPanel.jsx": {"path":"/home/user/dicoding-aiweb/team/client/src/components/AdjustmentPanel.jsx","all":false,"statementMap":{"0":{"start":{"line":1,"column":0},"end":{"line":1,"column":33}},"1":{"start":{"line":2,"column":0},"end":{"line":2,"column":60}},"3":{"start":{"line":4,"column":0},"end":{"line":4,"column":23}},"4":{"start":{"line":5,"column":0},"end":{"line":5,"column":60}},"5":{"start":{"line":6,"column":0},"end":{"line":6,"column":72}},"6":{"start":{"line":7,"column":0},"end":{"line":7,"column":61}},"7":{"start":{"line":8,"column":0},"end":{"line":8,"column":61}},"8":{"start":{"line":9,"column":0},"end":{"line":9,"column":2}},"10":{"start":{"line":11,"column":0},"end":{"line":11,"column":66}},"11":{"start":{"line":12,"column":0},"end":{"line":12,"column":44}},"12":{"start":{"line":13,"column":0},"end":{"line":13,"column":57}},"13":{"start":{"line":14,"column":0},"end":{"line":14,"column":48}},"15":{"start":{"line":16,"column":0},"end":{"line":16,"column":45}},"16":{"start":{"line":17,"column":0},"end":{"line":17,"column":21}},"17":{"start":{"line":18,"column":0},"end":{"line":18,"column":9}},"18":{"start":{"line":19,"column":0},"end":{"line":19,"column":32}},"19":{"start":{"line":20,"column":0},"end":{"line":20,"column":40}},"20":{"start":{"line":21,"column":0},"end":{"line":21,"column":14}},"21":{"start":{"line":22,"column":0},"end":{"line":22,"column":80}},"22":{"start":{"line":23,"column":0},"end":{"line":23,"column":7}},"23":{"start":{"line":24,"column":0},"end":{"line":24,"column":15}},"24":{"start":{"line":25,"column":0},"end":{"line":25,"column":24}},"25":{"start":{"line":26,"column":0},"end":{"line":26,"column":5}},"26":{"start":{"line":27,"column":0},"end":{"line":27,"column":4}},"28":{"start":{"line":29,"column":0},"end":{"line":29,"column":40}},"29":{"start":{"line":30,"column":0},"end":{"line":30,"column":49}},"30":{"start":{"line":31,"column":0},"end":{"line":31,"column":21}},"31":{"start":{"line":32,"column":0},"end":{"line":32,"column":9}},"32":{"start":{"line":33,"column":0},"end":{"line":33,"column":32}},"33":{"start":{"line":34,"column":0},"end":{"line":34,"column":60}},"34":{"start":{"line":35,"column":0},"end":{"line":35,"column":14}},"35":{"start":{"line":36,"column":0},"end":{"line":36,"column":106}},"36":{"start":{"line":37,"column":0},"end":{"line":37,"column":7}},"37":{"start":{"line":38,"column":0},"end":{"line":38,"column":27}},"38":{"start":{"line":39,"column":0},"end":{"line":39,"column":15}},"39":{"start":{"line":40,"column":0},"end":{"line":40,"column":24}},"40":{"start":{"line":41,"column":0},"end":{"line":41,"column":5}},"41":{"start":{"line":42,"column":0},"end":{"line":42,"column":4}},"43":{"start":{"line":44,"column":0},"end":{"line":44,"column":10}},"44":{"start":{"line":45,"column":0},"end":{"line":45,"column":26}},"45":{"start":{"line":46,"column":0},"end":{"line":46,"column":89}},"47":{"start":{"line":48,"column":0},"end":{"line":48,"column":10}},"48":{"start":{"line":49,"column":0},"end":{"line":49,"column":46}},"49":{"start":{"line":50,"column":0},"end":{"line":50,"column":40}},"50":{"start":{"line":51,"column":0},"end":{"line":51,"column":17}},"51":{"start":{"line":52,"column":0},"end":{"line":52,"column":29}},"52":{"start":{"line":53,"column":0},"end":{"line":53,"column":25}},"53":{"start":{"line":54,"column":0},"end":{"line":54,"column":58}},"54":{"start":{"line":55,"column":0},"end":{"line":55,"column":30}},"55":{"start":{"line":56,"column":0},"end":{"line":56,"column":247}},"57":{"start":{"line":58,"column":0},"end":{"line":58,"column":60}},"58":{"start":{"line":59,"column":0},"end":{"line":59,"column":26}},"59":{"start":{"line":60,"column":0},"end":{"line":60,"column":19}},"60":{"start":{"line":61,"column":0},"end":{"line":61,"column":11}},"61":{"start":{"line":62,"column":0},"end":{"line":62,"column":12}},"62":{"start":{"line":63,"column":0},"end":{"line":63,"column":39}},"63":{"start":{"line":64,"column":0},"end":{"line":64,"column":14}},"64":{"start":{"line":65,"column":0},"end":{"line":65,"column":21}},"65":{"start":{"line":66,"column":0},"end":{"line":66,"column":31}},"66":{"start":{"line":67,"column":0},"end":{"line":67,"column":60}},"67":{"start":{"line":68,"column":0},"end":{"line":68,"column":75}},"68":{"start":{"line":69,"column":0},"end":{"line":69,"column":50}},"69":{"start":{"line":70,"column":0},"end":{"line":70,"column":28}},"70":{"start":{"line":71,"column":0},"end":{"line":71,"column":81}},"71":{"start":{"line":72,"column":0},"end":{"line":72,"column":51}},"72":{"start":{"line":73,"column":0},"end":{"line":73,"column":10}},"73":{"start":{"line":74,"column":0},"end":{"line":74,"column":15}},"74":{"start":{"line":75,"column":0},"end":{"line":75,"column":36}},"75":{"start":{"line":76,"column":0},"end":{"line":76,"column":53}},"76":{"start":{"line":77,"column":0},"end":{"line":77,"column":77}},"77":{"start":{"line":78,"column":0},"end":{"line":78,"column":39}},"79":{"start":{"line":80,"column":0},"end":{"line":80,"column":89}},"80":{"start":{"line":81,"column":0},"end":{"line":81,"column":118}},"81":{"start":{"line":82,"column":0},"end":{"line":82,"column":16}},"82":{"start":{"line":83,"column":0},"end":{"line":83,"column":17}},"83":{"start":{"line":84,"column":0},"end":{"line":84,"column":12}},"84":{"start":{"line":85,"column":0},"end":{"line":85,"column":10}},"86":{"start":{"line":87,"column":0},"end":{"line":87,"column":1}}},"s":{"0":1,"1":1,"3":1,"4":1,"5":1,"6":1,"7":1,"8":1,"10":8,"11":8,"12":8,"13":8,"15":8,"16":1,"17":1,"18":1,"19":1,"20":1,"21":0,"22":0,"23":1,"24":1,"25":1,"26":1,"28":8,"29":1,"30":1,"31":1,"32":1,"33":1,"34":1,"35":0,"36":0,"37":1,"38":1,"39":1,"40":1,"41":1,"43":8,"44":8,"45":8,"47":8,"48":8,"49":8,"50":32,"51":32,"52":32,"53":32,"54":32,"55":32,"57":32,"58":32,"59":32,"60":8,"61":8,"62":8,"63":8,"64":8,"65":8,"66":8,"67":8,"68":8,"69":8,"70":8,"71":8,"72":8,"73":8,"74":8,"75":8,"76":8,"77":8,"79":8,"80":8,"81":8,"82":8,"83":8,"84":8,"86":8},"branchMap":{"0":{"type":"branch","line":11,"loc":{"start":{"line":11,"column":0},"end":{"line":87,"column":1}},"locations":[{"start":{"line":11,"column":0},"end":{"line":87,"column":1}}]},"1":{"type":"branch","line":76,"loc":{"start":{"line":76,"column":40},"end":{"line":76,"column":53}},"locations":[{"start":{"line":76,"column":40},"end":{"line":76,"column":53}}]},"2":{"type":"branch","line":16,"loc":{"start":{"line":16,"column":28},"end":{"line":27,"column":4}},"locations":[{"start":{"line":16,"column":28},"end":{"line":27,"column":4}}]},"3":{"type":"branch","line":21,"loc":{"start":{"line":21,"column":6},"end":{"line":23,"column":7}},"locations":[{"start":{"line":21,"column":6},"end":{"line":23,"column":7}}]},"4":{"type":"branch","line":29,"loc":{"start":{"line":29,"column":27},"end":{"line":42,"column":4}},"locations":[{"start":{"line":29,"column":27},"end":{"line":42,"column":4}}]},"5":{"type":"branch","line":30,"loc":{"start":{"line":30,"column":42},"end":{"line":30,"column":49}},"locations":[{"start":{"line":30,"column":42},"end":{"line":30,"column":49}}]},"6":{"type":"branch","line":35,"loc":{"start":{"line":35,"column":6},"end":{"line":37,"column":7}},"locations":[{"start":{"line":35,"column":6},"end":{"line":37,"column":7}}]},"7":{"type":"branch","line":50,"loc":{"start":{"line":50,"column":27},"end":{"line":60,"column":19}},"locations":[{"start":{"line":50,"column":27},"end":{"line":60,"column":19}}]},"8":{"type":"branch","line":54,"loc":{"start":{"line":54,"column":21},"end":{"line":54,"column":58}},"locations":[{"start":{"line":54,"column":21},"end":{"line":54,"column":58}}]},"9":{"type":"branch","line":67,"loc":{"start":{"line":67,"column":20},"end":{"line":67,"column":60}},"locations":[{"start":{"line":67,"column":20},"end":{"line":67,"column":60}}]}},"b":{"0":[8],"1":[1],"2":[1],"3":[0],"4":[1],"5":[0],"6":[0],"7":[32],"8":[1],"9":[1]},"fnMap":{"0":{"name":"AdjustmentPanel","decl":{"start":{"line":11,"column":0},"end":{"line":87,"column":1}},"loc":{"start":{"line":11,"column":0},"end":{"line":87,"column":1}},"line":11},"1":{"name":"handleQuickAction","decl":{"start":{"line":16,"column":28},"end":{"line":27,"column":4}},"loc":{"start":{"line":16,"column":28},"end":{"line":27,"column":4}},"line":16},"2":{"name":"handleCustomSend","decl":{"start":{"line":29,"column":27},"end":{"line":42,"column":4}},"loc":{"start":{"line":29,"column":27},"end":{"line":42,"column":4}},"line":29},"3":{"name":"onClick","decl":{"start":{"line":54,"column":21},"end":{"line":54,"column":58}},"loc":{"start":{"line":54,"column":21},"end":{"line":54,"column":58}},"line":54},"4":{"name":"onChange","decl":{"start":{"line":67,"column":20},"end":{"line":67,"column":60}},"loc":{"start":{"line":67,"column":20},"end":{"line":67,"column":60}},"line":67},"5":{"name":"onKeyDown","decl":{"start":{"line":68,"column":21},"end":{"line":68,"column":75}},"loc":{"start":{"line":68,"column":21},"end":{"line":68,"column":75}},"line":68}},"f":{"0":8,"1":1,"2":1,"3":1,"4":1,"5":0}}
,"/home/user/dicoding-aiweb/team/client/src/components/CheckInGateway.jsx": {"path":"/home/user/dicoding-aiweb/team/client/src/components/CheckInGateway.jsx","all":false,"statementMap":{"0":{"start":{"line":1,"column":0},"end":{"line":1,"column":65}},"1":{"start":{"line":2,"column":0},"end":{"line":2,"column":49}},"2":{"start":{"line":3,"column":0},"end":{"line":3,"column":60}},"4":{"start":{"line":5,"column":0},"end":{"line":5,"column":15}},"5":{"start":{"line":6,"column":0},"end":{"line":6,"column":56}},"6":{"start":{"line":7,"column":0},"end":{"line":7,"column":48}},"7":{"start":{"line":8,"column":0},"end":{"line":8,"column":53}},"8":{"start":{"line":9,"column":0},"end":{"line":9,"column":55}},"9":{"start":{"line":10,"column":0},"end":{"line":10,"column":52}},"10":{"start":{"line":11,"column":0},"end":{"line":11,"column":2}},"12":{"start":{"line":13,"column":0},"end":{"line":13,"column":21}},"13":{"start":{"line":14,"column":0},"end":{"line":14,"column":47}},"14":{"start":{"line":15,"column":0},"end":{"line":15,"column":1}},"16":{"start":{"line":17,"column":0},"end":{"line":17,"column":54}},"17":{"start":{"line":18,"column":0},"end":{"line":18,"column":56}},"18":{"start":{"line":19,"column":0},"end":{"line":19,"column":57}},"19":{"start":{"line":20,"column":0},"end":{"line":20,"column":52}},"20":{"start":{"line":21,"column":0},"end":{"line":21,"column":39}},"21":{"start":{"line":22,"column":0},"end":{"line":22,"column":34}},"22":{"start":{"line":23,"column":0},"end":{"line":23,"column":40}},"24":{"start":{"line":25,"column":0},"end":{"line":25,"column":19}},"25":{"start":{"line":26,"column":0},"end":{"line":26,"column":48}},"26":{"start":{"line":27,"column":0},"end":{"line":27,"column":17}},"27":{"start":{"line":28,"column":0},"end":{"line":28,"column":28}},"28":{"start":{"line":29,"column":0},"end":{"line":29,"column":13}},"29":{"start":{"line":30,"column":0},"end":{"line":30,"column":5}},"30":{"start":{"line":31,"column":0},"end":{"line":31,"column":9}},"31":{"start":{"line":32,"column":0},"end":{"line":32,"column":62}},"32":{"start":{"line":33,"column":0},"end":{"line":33,"column":39}},"33":{"start":{"line":34,"column":0},"end":{"line":34,"column":30}},"34":{"start":{"line":35,"column":0},"end":{"line":35,"column":15}},"35":{"start":{"line":36,"column":0},"end":{"line":36,"column":7}},"36":{"start":{"line":37,"column":0},"end":{"line":37,"column":13}},"38":{"start":{"line":39,"column":0},"end":{"line":39,"column":5}},"39":{"start":{"line":40,"column":0},"end":{"line":40,"column":25}},"40":{"start":{"line":41,"column":0},"end":{"line":41,"column":9}},"42":{"start":{"line":43,"column":0},"end":{"line":43,"column":36}},"43":{"start":{"line":44,"column":0},"end":{"line":44,"column":30}},"44":{"start":{"line":45,"column":0},"end":{"line":45,"column":23}},"45":{"start":{"line":46,"column":0},"end":{"line":46,"column":9}},"46":{"start":{"line":47,"column":0},"end":{"line":47,"column":40}},"47":{"start":{"line":48,"column":0},"end":{"line":48,"column":21}},"48":{"start":{"line":49,"column":0},"end":{"line":49,"column":47}},"49":{"start":{"line":50,"column":0},"end":{"line":50,"column":15}},"50":{"start":{"line":51,"column":0},"end":{"line":51,"column":11}},"51":{"start":{"line":52,"column":0},"end":{"line":52,"column":56}},"52":{"start":{"line":53,"column":0},"end":{"line":53,"column":23}},"53":{"start":{"line":54,"column":0},"end":{"line":54,"column":19}},"54":{"start":{"line":55,"column":0},"end":{"line":55,"column":7}},"55":{"start":{"line":56,"column":0},"end":{"line":56,"column":28}},"56":{"start":{"line":57,"column":0},"end":{"line":57,"column":26}},"57":{"start":{"line":58,"column":0},"end":{"line":58,"column":5}},"58":{"start":{"line":59,"column":0},"end":{"line":59,"column":4}},"60":{"start":{"line":61,"column":0},"end":{"line":61,"column":28}},"61":{"start":{"line":62,"column":0},"end":{"line":62,"column":9}},"62":{"start":{"line":63,"column":0},"end":{"line":63,"column":54}},"63":{"start":{"line":64,"column":0},"end":{"line":64,"column":21}},"64":{"start":{"line":65,"column":0},"end":{"line":65,"column":17}},"65":{"start":{"line":66,"column":0},"end":{"line":66,"column":5}},"66":{"start":{"line":67,"column":0},"end":{"line":67,"column":26}},"67":{"start":{"line":68,"column":0},"end":{"line":68,"column":4}},"69":{"start":{"line":70,"column":0},"end":{"line":70,"column":36}},"71":{"start":{"line":72,"column":0},"end":{"line":72,"column":10}},"72":{"start":{"line":73,"column":0},"end":{"line":73,"column":8}},"73":{"start":{"line":74,"column":0},"end":{"line":74,"column":22}},"74":{"start":{"line":75,"column":0},"end":{"line":75,"column":90}},"75":{"start":{"line":76,"column":0},"end":{"line":76,"column":19}},"76":{"start":{"line":77,"column":0},"end":{"line":77,"column":23}},"77":{"start":{"line":78,"column":0},"end":{"line":78,"column":37}},"79":{"start":{"line":80,"column":0},"end":{"line":80,"column":56}},"80":{"start":{"line":81,"column":0},"end":{"line":81,"column":47}},"81":{"start":{"line":82,"column":0},"end":{"line":82,"column":83}},"83":{"start":{"line":84,"column":0},"end":{"line":84,"column":13}},"84":{"start":{"line":85,"column":0},"end":{"line":85,"column":53}},"86":{"start":{"line":87,"column":0},"end":{"line":87,"column":12}},"87":{"start":{"line":88,"column":0},"end":{"line":88,"column":93}},"88":{"start":{"line":89,"column":0},"end":{"line":89,"column":51}},"89":{"start":{"line":90,"column":0},"end":{"line":90,"column":19}},"90":{"start":{"line":91,"column":0},"end":{"line":91,"column":25}},"91":{"start":{"line":92,"column":0},"end":{"line":92,"column":52}},"92":{"start":{"line":93,"column":0},"end":{"line":93,"column":156}},"93":{"start":{"line":94,"column":0},"end":{"line":94,"column":39}},"94":{"start":{"line":95,"column":0},"end":{"line":95,"column":66}},"95":{"start":{"line":96,"column":0},"end":{"line":96,"column":100}},"96":{"start":{"line":97,"column":0},"end":{"line":97,"column":17}},"97":{"start":{"line":98,"column":0},"end":{"line":98,"column":32}},"98":{"start":{"line":99,"column":0},"end":{"line":99,"column":51}},"100":{"start":{"line":101,"column":0},"end":{"line":101,"column":55}},"101":{"start":{"line":102,"column":0},"end":{"line":102,"column":87}},"102":{"start":{"line":103,"column":0},"end":{"line":103,"column":21}},"103":{"start":{"line":104,"column":0},"end":{"line":104,"column":13}},"104":{"start":{"line":105,"column":0},"end":{"line":105,"column":14}},"106":{"start":{"line":107,"column":0},"end":{"line":107,"column":50}},"107":{"start":{"line":108,"column":0},"end":{"line":108,"column":18}},"108":{"start":{"line":109,"column":0},"end":{"line":109,"column":35}},"109":{"start":{"line":110,"column":0},"end":{"line":110,"column":49}},"110":{"start":{"line":111,"column":0},"end":{"line":111,"column":176}},"112":{"start":{"line":113,"column":0},"end":{"line":113,"column":54}},"113":{"start":{"line":114,"column":0},"end":{"line":114,"column":19}},"114":{"start":{"line":115,"column":0},"end":{"line":115,"column":18}},"115":{"start":{"line":116,"column":0},"end":{"line":116,"column":33}},"116":{"start":{"line":117,"column":0},"end":{"line":117,"column":83}},"117":{"start":{"line":118,"column":0},"end":{"line":118,"column":11}},"119":{"start":{"line":120,"column":0},"end":{"line":120,"column":19}},"120":{"start":{"line":121,"column":0},"end":{"line":121,"column":14}},"121":{"start":{"line":122,"column":0},"end":{"line":122,"column":12}},"122":{"start":{"line":123,"column":0},"end":{"line":123,"column":10}},"124":{"start":{"line":125,"column":0},"end":{"line":125,"column":1}}},"s":{"0":1,"1":1,"2":1,"4":1,"5":1,"6":1,"7":1,"8":1,"9":1,"10":1,"12":7,"13":7,"14":7,"16":14,"17":14,"18":14,"19":14,"20":14,"21":14,"22":14,"24":14,"25":7,"26":7,"27":1,"28":1,"29":1,"30":6,"31":6,"32":7,"33":1,"34":1,"35":1,"36":7,"38":0,"39":5,"40":14,"42":14,"43":0,"44":0,"45":0,"46":0,"47":0,"48":0,"49":0,"50":0,"51":0,"52":0,"53":0,"54":0,"55":0,"56":0,"57":0,"58":0,"60":14,"61":1,"62":1,"63":1,"64":0,"65":0,"66":1,"67":1,"69":14,"71":6,"72":6,"73":6,"74":6,"75":6,"76":6,"77":6,"79":6,"80":6,"81":6,"83":6,"84":6,"86":6,"87":6,"88":6,"89":30,"90":30,"91":30,"92":30,"93":30,"94":1,"95":29,"96":30,"97":30,"98":30,"100":30,"101":30,"102":30,"103":6,"104":6,"106":6,"107":6,"108":6,"109":14,"110":14,"112":14,"113":14,"114":14,"115":14,"116":14,"117":14,"119":14,"120":14,"121":14,"122":14,"124":14},"branchMap":{"0":{"type":"branch","line":13,"loc":{"start":{"line":13,"column":0},"end":{"line":15,"column":1}},"locations":[{"start":{"line":13,"column":0},"end":{"line":15,"column":1}}]},"1":{"type":"branch","line":17,"loc":{"start":{"line":17,"column":0},"end":{"line":125,"column":1}},"locations":[{"start":{"line":17,"column":0},"end":{"line":125,"column":1}}]},"2":{"type":"branch","line":70,"loc":{"start":{"line":70,"column":20},"end":{"line":70,"column":36}},"locations":[{"start":{"line":70,"column":20},"end":{"line":70,"column":36}}]},"3":{"type":"branch","line":70,"loc":{"start":{"line":70,"column":27},"end":{"line":110,"column":39}},"locations":[{"start":{"line":70,"column":27},"end":{"line":110,"column":39}}]},"4":{"type":"branch","line":110,"loc":{"start":{"line":110,"column":23},"end":{"line":110,"column":49}},"locations":[{"start":{"line":110,"column":23},"end":{"line":110,"column":49}}]},"5":{"type":"branch","line":113,"loc":{"start":{"line":113,"column":13},"end":{"line":113,"column":42}},"locations":[{"start":{"line":113,"column":13},"end":{"line":113,"column":42}}]},"6":{"type":"branch","line":113,"loc":{"start":{"line":113,"column":25},"end":{"line":113,"column":54}},"locations":[{"start":{"line":113,"column":25},"end":{"line":113,"column":54}}]},"7":{"type":"branch","line":25,"loc":{"start":{"line":25,"column":12},"end":{"line":41,"column":5}},"locations":[{"start":{"line":25,"column":12},"end":{"line":41,"column":5}}]},"8":{"type":"branch","line":27,"loc":{"start":{"line":27,"column":16},"end":{"line":30,"column":5}},"locations":[{"start":{"line":27,"column":16},"end":{"line":30,"column":5}}]},"9":{"type":"branch","line":30,"loc":{"start":{"line":30,"column":4},"end":{"line":33,"column":38}},"locations":[{"start":{"line":30,"column":4},"end":{"line":33,"column":38}}]},"10":{"type":"branch","line":33,"loc":{"start":{"line":33,"column":38},"end":{"line":36,"column":7}},"locations":[{"start":{"line":33,"column":38},"end":{"line":36,"column":7}}]},"11":{"type":"branch","line":37,"loc":{"start":{"line":37,"column":4},"end":{"line":39,"column":5}},"locations":[{"start":{"line":37,"column":4},"end":{"line":39,"column":5}}]},"12":{"type":"branch","line":39,"loc":{"start":{"line":39,"column":4},"end":{"line":40,"column":25}},"locations":[{"start":{"line":39,"column":4},"end":{"line":40,"column":25}}]},"13":{"type":"branch","line":61,"loc":{"start":{"line":61,"column":21},"end":{"line":68,"column":4}},"locations":[{"start":{"line":61,"column":21},"end":{"line":68,"column":4}}]},"14":{"type":"branch","line":64,"loc":{"start":{"line":64,"column":4},"end":{"line":66,"column":5}},"locations":[{"start":{"line":64,"column":4},"end":{"line":66,"column":5}}]},"15":{"type":"branch","line":89,"loc":{"start":{"line":89,"column":21},"end":{"line":103,"column":21}},"locations":[{"start":{"line":89,"column":21},"end":{"line":103,"column":21}}]},"16":{"type":"branch","line":94,"loc":{"start":{"line":94,"column":33},"end":{"line":95,"column":66}},"locations":[{"start":{"line":94,"column":33},"end":{"line":95,"column":66}}]},"17":{"type":"branch","line":95,"loc":{"start":{"line":95,"column":20},"end":{"line":96,"column":100}},"locations":[{"start":{"line":95,"column":20},"end":{"line":96,"column":100}}]},"18":{"type":"branch","line":92,"loc":{"start":{"line":92,"column":23},"end":{"line":92,"column":52}},"locations":[{"start":{"line":92,"column":23},"end":{"line":92,"column":52}}]}},"b":{"0":[7],"1":[14],"2":[8],"3":[6],"4":[1],"5":[0],"6":[6],"7":[7],"8":[1],"9":[6],"10":[1],"11":[0],"12":[5],"13":[1],"14":[0],"15":[30],"16":[1],"17":[29],"18":[1]},"fnMap":{"0":{"name":"getToday","decl":{"start":{"line":13,"column":0},"end":{"line":15,"column":1}},"loc":{"start":{"line":13,"column":0},"end":{"line":15,"column":1}},"line":13},"1":{"name":"CheckInGateway","decl":{"start":{"line":17,"column":0},"end":{"line":125,"column":1}},"loc":{"start":{"line":17,"column":0},"end":{"line":125,"column":1}},"line":17},"2":{"name":"handleSubmit","decl":{"start":{"line":43,"column":23},"end":{"line":59,"column":4}},"loc":{"start":{"line":43,"column":23},"end":{"line":59,"column":4}},"line":43},"3":{"name":"handleSkip","decl":{"start":{"line":61,"column":21},"end":{"line":68,"column":4}},"loc":{"start":{"line":61,"column":21},"end":{"line":68,"column":4}},"line":61},"4":{"name":"onClick","decl":{"start":{"line":92,"column":23},"end":{"line":92,"column":52}},"loc":{"start":{"line":92,"column":23},"end":{"line":92,"column":52}},"line":92}},"f":{"0":7,"1":14,"2":0,"3":1,"4":1}}
,"/home/user/dicoding-aiweb/team/client/src/components/ErrorBoundary.jsx": {"path":"/home/user/dicoding-aiweb/team/client/src/components/ErrorBoundary.jsx","all":false,"statementMap":{"0":{"start":{"line":1,"column":0},"end":{"line":1,"column":34}},"2":{"start":{"line":3,"column":0},"end":{"line":3,"column":54}},"3":{"start":{"line":4,"column":0},"end":{"line":4,"column":43}},"5":{"start":{"line":6,"column":0},"end":{"line":6,"column":42}},"6":{"start":{"line":7,"column":0},"end":{"line":7,"column":37}},"7":{"start":{"line":8,"column":0},"end":{"line":8,"column":3}},"9":{"start":{"line":10,"column":0},"end":{"line":10,"column":39}},"10":{"start":{"line":11,"column":0},"end":{"line":11,"column":26}},"11":{"start":{"line":12,"column":0},"end":{"line":12,"column":72}},"12":{"start":{"line":13,"column":0},"end":{"line":13,"column":34}},"13":{"start":{"line":14,"column":0},"end":{"line":14,"column":56}},"14":{"start":{"line":15,"column":0},"end":{"line":15,"column":42}},"15":{"start":{"line":16,"column":0},"end":{"line":16,"column":32}},"16":{"start":{"line":17,"column":0},"end":{"line":17,"column":6}},"17":{"start":{"line":18,"column":0},"end":{"line":18,"column":51}},"18":{"start":{"line":19,"column":0},"end":{"line":19,"column":51}},"19":{"start":{"line":20,"column":0},"end":{"line":20,"column":39}},"20":{"start":{"line":21,"column":0},"end":{"line":21,"column":5}},"21":{"start":{"line":22,"column":0},"end":{"line":22,"column":3}},"23":{"start":{"line":24,"column":0},"end":{"line":24,"column":23}},"24":{"start":{"line":25,"column":0},"end":{"line":25,"column":52}},"25":{"start":{"line":26,"column":0},"end":{"line":26,"column":4}},"27":{"start":{"line":28,"column":0},"end":{"line":28,"column":12}},"28":{"start":{"line":29,"column":0},"end":{"line":29,"column":30}},"29":{"start":{"line":30,"column":0},"end":{"line":30,"column":47}},"30":{"start":{"line":31,"column":0},"end":{"line":31,"column":89}},"31":{"start":{"line":32,"column":0},"end":{"line":32,"column":36}},"32":{"start":{"line":33,"column":0},"end":{"line":33,"column":71}},"33":{"start":{"line":34,"column":0},"end":{"line":34,"column":104}},"34":{"start":{"line":35,"column":0},"end":{"line":35,"column":71}},"36":{"start":{"line":37,"column":0},"end":{"line":37,"column":21}},"37":{"start":{"line":38,"column":0},"end":{"line":38,"column":87}},"39":{"start":{"line":40,"column":0},"end":{"line":40,"column":21}},"40":{"start":{"line":41,"column":0},"end":{"line":41,"column":16}},"41":{"start":{"line":42,"column":0},"end":{"line":42,"column":14}},"43":{"start":{"line":44,"column":0},"end":{"line":44,"column":22}},"44":{"start":{"line":45,"column":0},"end":{"line":45,"column":5}},"45":{"start":{"line":46,"column":0},"end":{"line":46,"column":31}},"46":{"start":{"line":47,"column":0},"end":{"line":47,"column":3}},"47":{"start":{"line":48,"column":0},"end":{"line":48,"column":1}}},"s":{"0":1,"2":1,"3":9,"5":9,"6":10,"7":10,"9":9,"10":5,"11":5,"12":5,"13":5,"14":5,"15":5,"16":5,"17":5,"18":5,"19":1,"20":1,"21":5,"23":9,"24":1,"25":1,"27":9,"28":21,"29":10,"30":10,"31":10,"32":10,"33":10,"34":10,"36":10,"37":10,"39":10,"40":10,"41":10,"43":10,"44":10,"45":11,"46":21,"47":9},"branchMap":{"0":{"type":"branch","line":3,"loc":{"start":{"line":3,"column":53},"end":{"line":48,"column":1}},"locations":[{"start":{"line":3,"column":53},"end":{"line":48,"column":1}}]},"1":{"type":"branch","line":6,"loc":{"start":{"line":6,"column":9},"end":{"line":8,"column":3}},"locations":[{"start":{"line":6,"column":9},"end":{"line":8,"column":3}}]},"2":{"type":"branch","line":10,"loc":{"start":{"line":10,"column":2},"end":{"line":22,"column":3}},"locations":[{"start":{"line":10,"column":2},"end":{"line":22,"column":3}}]},"3":{"type":"branch","line":12,"loc":{"start":{"line":12,"column":22},"end":{"line":12,"column":56}},"locations":[{"start":{"line":12,"column":22},"end":{"line":12,"column":56}}]},"4":{"type":"branch","line":12,"loc":{"start":{"line":12,"column":51},"end":{"line":12,"column":72}},"locations":[{"start":{"line":12,"column":51},"end":{"line":12,"column":72}}]},"5":{"type":"branch","line":13,"loc":{"start":{"line":13,"column":20},"end":{"line":13,"column":34}},"locations":[{"start":{"line":13,"column":20},"end":{"line":13,"column":34}}]},"6":{"type":"branch","line":14,"loc":{"start":{"line":14,"column":33},"end":{"line":14,"column":56}},"locations":[{"start":{"line":14,"column":33},"end":{"line":14,"column":56}}]},"7":{"type":"branch","line":19,"loc":{"start":{"line":19,"column":50},"end":{"line":21,"column":5}},"locations":[{"start":{"line":19,"column":50},"end":{"line":21,"column":5}}]},"8":{"type":"branch","line":24,"loc":{"start":{"line":24,"column":16},"end":{"line":26,"column":4}},"locations":[{"start":{"line":24,"column":16},"end":{"line":26,"column":4}}]},"9":{"type":"branch","line":28,"loc":{"start":{"line":28,"column":2},"end":{"line":47,"column":3}},"locations":[{"start":{"line":28,"column":2},"end":{"line":47,"column":3}}]},"10":{"type":"branch","line":29,"loc":{"start":{"line":29,"column":29},"end":{"line":45,"column":5}},"locations":[{"start":{"line":29,"column":29},"end":{"line":45,"column":5}}]},"11":{"type":"branch","line":33,"loc":{"start":{"line":33,"column":25},"end":{"line":33,"column":67}},"locations":[{"start":{"line":33,"column":25},"end":{"line":33,"column":67}}]},"12":{"type":"branch","line":45,"loc":{"start":{"line":45,"column":4},"end":{"line":46,"column":31}},"locations":[{"start":{"line":45,"column":4},"end":{"line":46,"column":31}}]}},"b":{"0":[9],"1":[10],"2":[5],"3":[0],"4":[0],"5":[0],"6":[0],"7":[1],"8":[1],"9":[21],"10":[10],"11":[8],"12":[11]},"fnMap":{"0":{"name":"<instance_members_initializer>","decl":{"start":{"line":3,"column":53},"end":{"line":48,"column":1}},"loc":{"start":{"line":3,"column":53},"end":{"line":48,"column":1}},"line":3},"1":{"name":"getDerivedStateFromError","decl":{"start":{"line":6,"column":9},"end":{"line":8,"column":3}},"loc":{"start":{"line":6,"column":9},"end":{"line":8,"column":3}},"line":6},"2":{"name":"componentDidCatch","decl":{"start":{"line":10,"column":2},"end":{"line":22,"column":3}},"loc":{"start":{"line":10,"column":2},"end":{"line":22,"column":3}},"line":10},"3":{"name":"handleReset","decl":{"start":{"line":24,"column":16},"end":{"line":26,"column":4}},"loc":{"start":{"line":24,"column":16},"end":{"line":26,"column":4}},"line":24},"4":{"name":"render","decl":{"start":{"line":28,"column":2},"end":{"line":47,"column":3}},"loc":{"start":{"line":28,"column":2},"end":{"line":47,"column":3}},"line":28},"5":{"name":"onClick","decl":{"start":{"line":38,"column":55},"end":{"line":38,"column":87}},"loc":{"start":{"line":38,"column":55},"end":{"line":38,"column":87}},"line":38}},"f":{"0":9,"1":10,"2":5,"3":1,"4":21,"5":0}}
,"/home/user/dicoding-aiweb/team/client/src/components/FeedbackModal.jsx": {"path":"/home/user/dicoding-aiweb/team/client/src/components/FeedbackModal.jsx","all":false,"statementMap":{"0":{"start":{"line":1,"column":0},"end":{"line":1,"column":44}},"1":{"start":{"line":2,"column":0},"end":{"line":2,"column":35}},"3":{"start":{"line":4,"column":0},"end":{"line":4,"column":27}},"4":{"start":{"line":5,"column":0},"end":{"line":5,"column":39}},"5":{"start":{"line":6,"column":0},"end":{"line":6,"column":31}},"6":{"start":{"line":7,"column":0},"end":{"line":7,"column":29}},"7":{"start":{"line":8,"column":0},"end":{"line":8,"column":31}},"8":{"start":{"line":9,"column":0},"end":{"line":9,"column":39}},"9":{"start":{"line":10,"column":0},"end":{"line":10,"column":2}},"11":{"start":{"line":12,"column":0},"end":{"line":12,"column":78}},"12":{"start":{"line":13,"column":0},"end":{"line":13,"column":50}},"13":{"start":{"line":14,"column":0},"end":{"line":14,"column":40}},"14":{"start":{"line":15,"column":0},"end":{"line":15,"column":41}},"16":{"start":{"line":17,"column":0},"end":{"line":17,"column":19}},"17":{"start":{"line":18,"column":0},"end":{"line":18,"column":17}},"18":{"start":{"line":19,"column":0},"end":{"line":19,"column":23}},"19":{"start":{"line":20,"column":0},"end":{"line":20,"column":18}},"20":{"start":{"line":21,"column":0},"end":{"line":21,"column":19}},"21":{"start":{"line":22,"column":0},"end":{"line":22,"column":5}},"22":{"start":{"line":23,"column":0},"end":{"line":23,"column":15}},"24":{"start":{"line":25,"column":0},"end":{"line":25,"column":31}},"25":{"start":{"line":26,"column":0},"end":{"line":26,"column":91}},"26":{"start":{"line":27,"column":0},"end":{"line":27,"column":4}},"28":{"start":{"line":29,"column":0},"end":{"line":29,"column":10}},"29":{"start":{"line":30,"column":0},"end":{"line":30,"column":79}},"30":{"start":{"line":31,"column":0},"end":{"line":31,"column":33}},"31":{"start":{"line":32,"column":0},"end":{"line":32,"column":18}},"32":{"start":{"line":33,"column":0},"end":{"line":33,"column":66}},"36":{"start":{"line":37,"column":0},"end":{"line":37,"column":13}},"37":{"start":{"line":38,"column":0},"end":{"line":38,"column":77}},"39":{"start":{"line":40,"column":0},"end":{"line":40,"column":18}},"40":{"start":{"line":41,"column":0},"end":{"line":41,"column":40}},"41":{"start":{"line":42,"column":0},"end":{"line":42,"column":43}},"42":{"start":{"line":43,"column":0},"end":{"line":43,"column":21}},"43":{"start":{"line":44,"column":0},"end":{"line":44,"column":29}},"44":{"start":{"line":45,"column":0},"end":{"line":45,"column":29}},"45":{"start":{"line":46,"column":0},"end":{"line":46,"column":54}},"46":{"start":{"line":47,"column":0},"end":{"line":47,"column":100}},"47":{"start":{"line":48,"column":0},"end":{"line":48,"column":40}},"48":{"start":{"line":49,"column":0},"end":{"line":49,"column":68}},"49":{"start":{"line":50,"column":0},"end":{"line":50,"column":88}},"50":{"start":{"line":51,"column":0},"end":{"line":51,"column":19}},"52":{"start":{"line":53,"column":0},"end":{"line":53,"column":25}},"53":{"start":{"line":54,"column":0},"end":{"line":54,"column":23}},"54":{"start":{"line":55,"column":0},"end":{"line":55,"column":15}},"55":{"start":{"line":56,"column":0},"end":{"line":56,"column":16}},"56":{"start":{"line":57,"column":0},"end":{"line":57,"column":14}},"59":{"start":{"line":60,"column":0},"end":{"line":60,"column":13}},"60":{"start":{"line":61,"column":0},"end":{"line":61,"column":77}},"62":{"start":{"line":63,"column":0},"end":{"line":63,"column":18}},"63":{"start":{"line":64,"column":0},"end":{"line":64,"column":51}},"64":{"start":{"line":65,"column":0},"end":{"line":65,"column":44}},"65":{"start":{"line":66,"column":0},"end":{"line":66,"column":21}},"66":{"start":{"line":67,"column":0},"end":{"line":67,"column":26}},"67":{"start":{"line":68,"column":0},"end":{"line":68,"column":29}},"68":{"start":{"line":69,"column":0},"end":{"line":69,"column":46}},"69":{"start":{"line":70,"column":0},"end":{"line":70,"column":76}},"70":{"start":{"line":71,"column":0},"end":{"line":71,"column":71}},"71":{"start":{"line":72,"column":0},"end":{"line":72,"column":19}},"72":{"start":{"line":73,"column":0},"end":{"line":73,"column":45}},"73":{"start":{"line":74,"column":0},"end":{"line":74,"column":15}},"75":{"start":{"line":76,"column":0},"end":{"line":76,"column":23}},"76":{"start":{"line":77,"column":0},"end":{"line":77,"column":15}},"77":{"start":{"line":78,"column":0},"end":{"line":78,"column":16}},"78":{"start":{"line":79,"column":0},"end":{"line":79,"column":82}},"79":{"start":{"line":80,"column":0},"end":{"line":80,"column":36}},"80":{"start":{"line":81,"column":0},"end":{"line":81,"column":37}},"81":{"start":{"line":82,"column":0},"end":{"line":82,"column":16}},"82":{"start":{"line":83,"column":0},"end":{"line":83,"column":14}},"85":{"start":{"line":86,"column":0},"end":{"line":86,"column":13}},"86":{"start":{"line":87,"column":0},"end":{"line":87,"column":102}},"88":{"start":{"line":89,"column":0},"end":{"line":89,"column":18}},"89":{"start":{"line":90,"column":0},"end":{"line":90,"column":19}},"90":{"start":{"line":91,"column":0},"end":{"line":91,"column":31}},"91":{"start":{"line":92,"column":0},"end":{"line":92,"column":25}},"92":{"start":{"line":93,"column":0},"end":{"line":93,"column":54}},"93":{"start":{"line":94,"column":0},"end":{"line":94,"column":65}},"94":{"start":{"line":95,"column":0},"end":{"line":95,"column":51}},"95":{"start":{"line":96,"column":0},"end":{"line":96,"column":20}},"96":{"start":{"line":97,"column":0},"end":{"line":97,"column":12}},"97":{"start":{"line":98,"column":0},"end":{"line":98,"column":14}},"99":{"start":{"line":100,"column":0},"end":{"line":100,"column":53}},"100":{"start":{"line":101,"column":0},"end":{"line":101,"column":71}},"102":{"start":{"line":103,"column":0},"end":{"line":103,"column":19}},"103":{"start":{"line":104,"column":0},"end":{"line":104,"column":74}},"105":{"start":{"line":106,"column":0},"end":{"line":106,"column":19}},"106":{"start":{"line":107,"column":0},"end":{"line":107,"column":14}},"107":{"start":{"line":108,"column":0},"end":{"line":108,"column":12}},"108":{"start":{"line":109,"column":0},"end":{"line":109,"column":12}},"110":{"start":{"line":111,"column":0},"end":{"line":111,"column":1}}},"s":{"0":1,"1":1,"3":1,"4":1,"5":1,"6":1,"7":1,"8":1,"9":1,"11":14,"12":14,"13":14,"14":14,"16":14,"17":11,"18":5,"19":5,"20":5,"21":5,"22":14,"24":14,"25":1,"26":1,"28":14,"29":14,"30":14,"31":14,"32":8,"36":14,"37":14,"39":14,"40":14,"41":14,"42":70,"43":70,"44":70,"45":70,"46":70,"47":70,"48":14,"49":56,"50":70,"52":70,"53":70,"54":14,"55":14,"56":14,"59":14,"60":14,"62":14,"63":14,"64":14,"65":70,"66":70,"67":70,"68":70,"69":70,"70":70,"71":70,"72":70,"73":70,"75":70,"76":14,"77":14,"78":14,"79":14,"80":14,"81":14,"82":14,"85":14,"86":14,"88":14,"89":14,"90":14,"91":14,"92":14,"93":14,"94":14,"95":14,"96":14,"97":14,"99":14,"100":14,"102":14,"103":14,"105":14,"106":14,"107":14,"108":14,"110":14},"branchMap":{"0":{"type":"branch","line":12,"loc":{"start":{"line":12,"column":0},"end":{"line":111,"column":1}},"locations":[{"start":{"line":12,"column":0},"end":{"line":111,"column":1}}]},"1":{"type":"branch","line":32,"loc":{"start":{"line":32,"column":9},"end":{"line":33,"column":66}},"locations":[{"start":{"line":32,"column":9},"end":{"line":33,"column":66}}]},"2":{"type":"branch","line":17,"loc":{"start":{"line":17,"column":12},"end":{"line":23,"column":5}},"locations":[{"start":{"line":17,"column":12},"end":{"line":23,"column":5}}]},"3":{"type":"branch","line":18,"loc":{"start":{"line":18,"column":16},"end":{"line":22,"column":5}},"locations":[{"start":{"line":18,"column":16},"end":{"line":22,"column":5}}]},"4":{"type":"branch","line":25,"loc":{"start":{"line":25,"column":24},"end":{"line":27,"column":4}},"locations":[{"start":{"line":25,"column":24},"end":{"line":27,"column":4}}]},"5":{"type":"branch","line":26,"loc":{"start":{"line":26,"column":73},"end":{"line":26,"column":88}},"locations":[{"start":{"line":26,"column":73},"end":{"line":26,"column":88}}]},"6":{"type":"branch","line":42,"loc":{"start":{"line":42,"column":35},"end":{"line":54,"column":23}},"locations":[{"start":{"line":42,"column":35},"end":{"line":54,"column":23}}]},"7":{"type":"branch","line":48,"loc":{"start":{"line":48,"column":35},"end":{"line":49,"column":68}},"locations":[{"start":{"line":48,"column":35},"end":{"line":49,"column":68}}]},"8":{"type":"branch","line":49,"loc":{"start":{"line":49,"column":22},"end":{"line":50,"column":88}},"locations":[{"start":{"line":49,"column":22},"end":{"line":50,"column":88}}]},"9":{"type":"branch","line":46,"loc":{"start":{"line":46,"column":25},"end":{"line":46,"column":54}},"locations":[{"start":{"line":46,"column":25},"end":{"line":46,"column":54}}]},"10":{"type":"branch","line":65,"loc":{"start":{"line":65,"column":33},"end":{"line":76,"column":23}},"locations":[{"start":{"line":65,"column":33},"end":{"line":76,"column":23}}]},"11":{"type":"branch","line":71,"loc":{"start":{"line":71,"column":26},"end":{"line":71,"column":53}},"locations":[{"start":{"line":71,"column":26},"end":{"line":71,"column":53}}]},"12":{"type":"branch","line":71,"loc":{"start":{"line":71,"column":34},"end":{"line":71,"column":71}},"locations":[{"start":{"line":71,"column":34},"end":{"line":71,"column":71}}]},"13":{"type":"branch","line":93,"loc":{"start":{"line":93,"column":22},"end":{"line":93,"column":54}},"locations":[{"start":{"line":93,"column":22},"end":{"line":93,"column":54}}]}},"b":{"0":[14],"1":[8],"2":[11],"3":[5],"4":[1],"5":[0],"6":[70],"7":[14],"8":[56],"9":[1],"10":[70],"11":[42],"12":[28],"13":[1]},"fnMap":{"0":{"name":"FeedbackModal","decl":{"start":{"line":12,"column":0},"end":{"line":111,"column":1}},"loc":{"start":{"line":12,"column":0},"end":{"line":111,"column":1}},"line":12},"1":{"name":"handleConfirm","decl":{"start":{"line":25,"column":24},"end":{"line":27,"column":4}},"loc":{"start":{"line":25,"column":24},"end":{"line":27,"column":4}},"line":25},"2":{"name":"onClick","decl":{"start":{"line":46,"column":25},"end":{"line":46,"column":54}},"loc":{"start":{"line":46,"column":25},"end":{"line":46,"column":54}},"line":46},"3":{"name":"onClick","decl":{"start":{"line":69,"column":25},"end":{"line":69,"column":46}},"loc":{"start":{"line":69,"column":25},"end":{"line":69,"column":46}},"line":69},"4":{"name":"onChange","decl":{"start":{"line":93,"column":22},"end":{"line":93,"column":54}},"loc":{"start":{"line":93,"column":22},"end":{"line":93,"column":54}},"line":93}},"f":{"0":14,"1":1,"2":1,"3":0,"4":1}}
,"/home/user/dicoding-aiweb/team/client/src/components/ModifyTaskModal.jsx": {"path":"/home/user/dicoding-aiweb/team/client/src/components/ModifyTaskModal.jsx","all":false,"statementMap":{"0":{"start":{"line":1,"column":0},"end":{"line":1,"column":44}},"1":{"start":{"line":2,"column":0},"end":{"line":2,"column":35}},"3":{"start":{"line":4,"column":0},"end":{"line":4,"column":22}},"4":{"start":{"line":5,"column":0},"end":{"line":5,"column":50}},"5":{"start":{"line":6,"column":0},"end":{"line":6,"column":52}},"6":{"start":{"line":7,"column":0},"end":{"line":7,"column":51}},"7":{"start":{"line":8,"column":0},"end":{"line":8,"column":2}},"9":{"start":{"line":10,"column":0},"end":{"line":10,"column":77}},"10":{"start":{"line":11,"column":0},"end":{"line":11,"column":41}},"11":{"start":{"line":12,"column":0},"end":{"line":12,"column":47}},"12":{"start":{"line":13,"column":0},"end":{"line":13,"column":46}},"13":{"start":{"line":14,"column":0},"end":{"line":14,"column":39}},"14":{"start":{"line":15,"column":0},"end":{"line":15,"column":43}},"16":{"start":{"line":17,"column":0},"end":{"line":17,"column":19}},"17":{"start":{"line":18,"column":0},"end":{"line":18,"column":25}},"18":{"start":{"line":19,"column":0},"end":{"line":19,"column":33}},"19":{"start":{"line":20,"column":0},"end":{"line":20,"column":48}},"20":{"start":{"line":21,"column":0},"end":{"line":21,"column":46}},"21":{"start":{"line":22,"column":0},"end":{"line":22,"column":114}},"22":{"start":{"line":23,"column":0},"end":{"line":23,"column":20}},"23":{"start":{"line":24,"column":0},"end":{"line":24,"column":5}},"24":{"start":{"line":25,"column":0},"end":{"line":25,"column":21}},"26":{"start":{"line":27,"column":0},"end":{"line":27,"column":26}},"27":{"start":{"line":28,"column":0},"end":{"line":28,"column":17}},"28":{"start":{"line":29,"column":0},"end":{"line":29,"column":53}},"29":{"start":{"line":30,"column":0},"end":{"line":30,"column":31}},"30":{"start":{"line":31,"column":0},"end":{"line":31,"column":66}},"31":{"start":{"line":32,"column":0},"end":{"line":32,"column":37}},"32":{"start":{"line":33,"column":0},"end":{"line":33,"column":40}},"33":{"start":{"line":34,"column":0},"end":{"line":34,"column":17}},"34":{"start":{"line":35,"column":0},"end":{"line":35,"column":39}},"35":{"start":{"line":36,"column":0},"end":{"line":36,"column":4}},"37":{"start":{"line":38,"column":0},"end":{"line":38,"column":28}},"38":{"start":{"line":39,"column":0},"end":{"line":39,"column":28}},"39":{"start":{"line":40,"column":0},"end":{"line":40,"column":12}},"40":{"start":{"line":41,"column":0},"end":{"line":41,"column":22}},"41":{"start":{"line":42,"column":0},"end":{"line":42,"column":26}},"42":{"start":{"line":43,"column":0},"end":{"line":43,"column":42}},"43":{"start":{"line":44,"column":0},"end":{"line":44,"column":25}},"44":{"start":{"line":45,"column":0},"end":{"line":45,"column":25}},"45":{"start":{"line":46,"column":0},"end":{"line":46,"column":7}},"46":{"start":{"line":47,"column":0},"end":{"line":47,"column":4}},"48":{"start":{"line":49,"column":0},"end":{"line":49,"column":10}},"49":{"start":{"line":50,"column":0},"end":{"line":50,"column":77}},"50":{"start":{"line":51,"column":0},"end":{"line":51,"column":33}},"51":{"start":{"line":52,"column":0},"end":{"line":52,"column":13}},"52":{"start":{"line":53,"column":0},"end":{"line":53,"column":100}},"54":{"start":{"line":55,"column":0},"end":{"line":55,"column":18}},"55":{"start":{"line":56,"column":0},"end":{"line":56,"column":16}},"56":{"start":{"line":57,"column":0},"end":{"line":57,"column":29}},"57":{"start":{"line":58,"column":0},"end":{"line":58,"column":23}},"58":{"start":{"line":59,"column":0},"end":{"line":59,"column":25}},"59":{"start":{"line":60,"column":0},"end":{"line":60,"column":54}},"60":{"start":{"line":61,"column":0},"end":{"line":61,"column":29}},"61":{"start":{"line":62,"column":0},"end":{"line":62,"column":37}},"62":{"start":{"line":63,"column":0},"end":{"line":63,"column":12}},"63":{"start":{"line":64,"column":0},"end":{"line":64,"column":72}},"64":{"start":{"line":65,"column":0},"end":{"line":65,"column":14}},"66":{"start":{"line":67,"column":0},"end":{"line":67,"column":13}},"67":{"start":{"line":68,"column":0},"end":{"line":68,"column":103}},"69":{"start":{"line":70,"column":0},"end":{"line":70,"column":18}},"70":{"start":{"line":71,"column":0},"end":{"line":71,"column":16}},"71":{"start":{"line":72,"column":0},"end":{"line":72,"column":32}},"72":{"start":{"line":73,"column":0},"end":{"line":73,"column":25}},"73":{"start":{"line":74,"column":0},"end":{"line":74,"column":28}},"74":{"start":{"line":75,"column":0},"end":{"line":75,"column":57}},"75":{"start":{"line":76,"column":0},"end":{"line":76,"column":20}},"76":{"start":{"line":77,"column":0},"end":{"line":77,"column":20}},"77":{"start":{"line":78,"column":0},"end":{"line":78,"column":20}},"78":{"start":{"line":79,"column":0},"end":{"line":79,"column":29}},"79":{"start":{"line":80,"column":0},"end":{"line":80,"column":12}},"80":{"start":{"line":81,"column":0},"end":{"line":81,"column":78}},"81":{"start":{"line":82,"column":0},"end":{"line":82,"column":14}},"83":{"start":{"line":84,"column":0},"end":{"line":84,"column":13}},"84":{"start":{"line":85,"column":0},"end":{"line":85,"column":99}},"86":{"start":{"line":87,"column":0},"end":{"line":87,"column":18}},"87":{"start":{"line":88,"column":0},"end":{"line":88,"column":16}},"88":{"start":{"line":89,"column":0},"end":{"line":89,"column":28}},"89":{"start":{"line":90,"column":0},"end":{"line":90,"column":23}},"90":{"start":{"line":91,"column":0},"end":{"line":91,"column":24}},"91":{"start":{"line":92,"column":0},"end":{"line":92,"column":53}},"92":{"start":{"line":93,"column":0},"end":{"line":93,"column":29}},"93":{"start":{"line":94,"column":0},"end":{"line":94,"column":12}},"94":{"start":{"line":95,"column":0},"end":{"line":95,"column":70}},"95":{"start":{"line":96,"column":0},"end":{"line":96,"column":14}},"97":{"start":{"line":98,"column":0},"end":{"line":98,"column":13}},"98":{"start":{"line":99,"column":0},"end":{"line":99,"column":89}},"99":{"start":{"line":100,"column":0},"end":{"line":100,"column":50}},"100":{"start":{"line":101,"column":0},"end":{"line":101,"column":38}},"101":{"start":{"line":102,"column":0},"end":{"line":102,"column":21}},"102":{"start":{"line":103,"column":0},"end":{"line":103,"column":29}},"103":{"start":{"line":104,"column":0},"end":{"line":104,"column":29}},"104":{"start":{"line":105,"column":0},"end":{"line":105,"column":48}},"105":{"start":{"line":106,"column":0},"end":{"line":106,"column":96}},"106":{"start":{"line":107,"column":0},"end":{"line":107,"column":34}},"107":{"start":{"line":108,"column":0},"end":{"line":108,"column":74}},"108":{"start":{"line":109,"column":0},"end":{"line":109,"column":88}},"109":{"start":{"line":110,"column":0},"end":{"line":110,"column":19}},"111":{"start":{"line":112,"column":0},"end":{"line":112,"column":34}},"112":{"start":{"line":113,"column":0},"end":{"line":113,"column":23}},"113":{"start":{"line":114,"column":0},"end":{"line":114,"column":15}},"114":{"start":{"line":115,"column":0},"end":{"line":115,"column":16}},"115":{"start":{"line":116,"column":0},"end":{"line":116,"column":70}},"116":{"start":{"line":117,"column":0},"end":{"line":117,"column":14}},"118":{"start":{"line":119,"column":0},"end":{"line":119,"column":53}},"119":{"start":{"line":120,"column":0},"end":{"line":120,"column":71}},"121":{"start":{"line":122,"column":0},"end":{"line":122,"column":19}},"122":{"start":{"line":123,"column":0},"end":{"line":123,"column":71}},"124":{"start":{"line":125,"column":0},"end":{"line":125,"column":19}},"125":{"start":{"line":126,"column":0},"end":{"line":126,"column":14}},"126":{"start":{"line":127,"column":0},"end":{"line":127,"column":12}},"127":{"start":{"line":128,"column":0},"end":{"line":128,"column":12}},"129":{"start":{"line":130,"column":0},"end":{"line":130,"column":1}}},"s":{"0":1,"1":1,"3":1,"4":1,"5":1,"6":1,"7":1,"9":20,"10":20,"11":20,"12":20,"13":20,"14":20,"16":20,"17":11,"18":5,"19":5,"20":5,"21":5,"22":5,"23":5,"24":20,"26":20,"27":2,"28":2,"29":2,"30":2,"31":2,"32":2,"33":2,"34":2,"35":2,"37":20,"38":2,"39":1,"40":1,"41":1,"42":1,"43":1,"44":1,"45":1,"46":2,"48":20,"49":20,"50":20,"51":20,"52":20,"54":20,"55":20,"56":20,"57":20,"58":20,"59":20,"60":20,"61":20,"62":20,"63":20,"64":20,"66":20,"67":20,"69":20,"70":20,"71":20,"72":20,"73":20,"74":20,"75":20,"76":20,"77":20,"78":20,"79":20,"80":20,"81":20,"83":20,"84":20,"86":20,"87":20,"88":20,"89":20,"90":20,"91":20,"92":20,"93":20,"94":20,"95":20,"97":20,"98":20,"99":20,"100":20,"101":60,"102":60,"103":60,"104":60,"105":60,"106":60,"107":20,"108":40,"109":60,"111":60,"112":60,"113":20,"114":20,"115":20,"116":20,"118":20,"119":20,"121":20,"122":20,"124":20,"125":20,"126":20,"127":20,"129":20},"branchMap":{"0":{"type":"branch","line":10,"loc":{"start":{"line":10,"column":0},"end":{"line":130,"column":1}},"locations":[{"start":{"line":10,"column":0},"end":{"line":130,"column":1}}]},"1":{"type":"branch","line":64,"loc":{"start":{"line":64,"column":18},"end":{"line":64,"column":72}},"locations":[{"start":{"line":64,"column":18},"end":{"line":64,"column":72}}]},"2":{"type":"branch","line":81,"loc":{"start":{"line":81,"column":18},"end":{"line":81,"column":78}},"locations":[{"start":{"line":81,"column":18},"end":{"line":81,"column":78}}]},"3":{"type":"branch","line":95,"loc":{"start":{"line":95,"column":18},"end":{"line":95,"column":70}},"locations":[{"start":{"line":95,"column":18},"end":{"line":95,"column":70}}]},"4":{"type":"branch","line":116,"loc":{"start":{"line":116,"column":18},"end":{"line":116,"column":70}},"locations":[{"start":{"line":116,"column":18},"end":{"line":116,"column":70}}]},"5":{"type":"branch","line":17,"loc":{"start":{"line":17,"column":12},"end":{"line":25,"column":5}},"locations":[{"start":{"line":17,"column":12},"end":{"line":25,"column":5}}]},"6":{"type":"branch","line":18,"loc":{"start":{"line":18,"column":8},"end":{"line":18,"column":24}},"locations":[{"start":{"line":18,"column":8},"end":{"line":18,"column":24}}]},"7":{"type":"branch","line":18,"loc":{"start":{"line":18,"column":24},"end":{"line":24,"column":5}},"locations":[{"start":{"line":18,"column":24},"end":{"line":24,"column":5}}]},"8":{"type":"branch","line":19,"loc":{"start":{"line":19,"column":20},"end":{"line":19,"column":31}},"locations":[{"start":{"line":19,"column":20},"end":{"line":19,"column":31}}]},"9":{"type":"branch","line":20,"loc":{"start":{"line":20,"column":23},"end":{"line":20,"column":46}},"locations":[{"start":{"line":20,"column":23},"end":{"line":20,"column":46}}]},"10":{"type":"branch","line":21,"loc":{"start":{"line":21,"column":19},"end":{"line":21,"column":44}},"locations":[{"start":{"line":21,"column":19},"end":{"line":21,"column":44}}]},"11":{"type":"branch","line":22,"loc":{"start":{"line":22,"column":67},"end":{"line":22,"column":112}},"locations":[{"start":{"line":22,"column":67},"end":{"line":22,"column":112}}]},"12":{"type":"branch","line":27,"loc":{"start":{"line":27,"column":19},"end":{"line":36,"column":4}},"locations":[{"start":{"line":27,"column":19},"end":{"line":36,"column":4}}]},"13":{"type":"branch","line":29,"loc":{"start":{"line":29,"column":23},"end":{"line":29,"column":53}},"locations":[{"start":{"line":29,"column":23},"end":{"line":29,"column":53}}]},"14":{"type":"branch","line":31,"loc":{"start":{"line":31,"column":32},"end":{"line":31,"column":66}},"locations":[{"start":{"line":31,"column":32},"end":{"line":31,"column":66}}]},"15":{"type":"branch","line":32,"loc":{"start":{"line":32,"column":15},"end":{"line":32,"column":37}},"locations":[{"start":{"line":32,"column":15},"end":{"line":32,"column":37}}]},"16":{"type":"branch","line":33,"loc":{"start":{"line":33,"column":15},"end":{"line":33,"column":40}},"locations":[{"start":{"line":33,"column":15},"end":{"line":33,"column":40}}]},"17":{"type":"branch","line":38,"loc":{"start":{"line":38,"column":21},"end":{"line":47,"column":4}},"locations":[{"start":{"line":38,"column":21},"end":{"line":47,"column":4}}]},"18":{"type":"branch","line":39,"loc":{"start":{"line":39,"column":21},"end":{"line":46,"column":7}},"locations":[{"start":{"line":39,"column":21},"end":{"line":46,"column":7}}]},"19":{"type":"branch","line":60,"loc":{"start":{"line":60,"column":22},"end":{"line":60,"column":54}},"locations":[{"start":{"line":60,"column":22},"end":{"line":60,"column":54}}]},"20":{"type":"branch","line":101,"loc":{"start":{"line":101,"column":30},"end":{"line":113,"column":23}},"locations":[{"start":{"line":101,"column":30},"end":{"line":113,"column":23}}]},"21":{"type":"branch","line":107,"loc":{"start":{"line":107,"column":29},"end":{"line":108,"column":74}},"locations":[{"start":{"line":107,"column":29},"end":{"line":108,"column":74}}]},"22":{"type":"branch","line":108,"loc":{"start":{"line":108,"column":22},"end":{"line":109,"column":88}},"locations":[{"start":{"line":108,"column":22},"end":{"line":109,"column":88}}]}},"b":{"0":[20],"1":[1],"2":[0],"3":[0],"4":[0],"5":[11],"6":[5],"7":[5],"8":[0],"9":[0],"10":[0],"11":[0],"12":[2],"13":[1],"14":[0],"15":[0],"16":[0],"17":[2],"18":[1],"19":[2],"20":[60],"21":[20],"22":[40]},"fnMap":{"0":{"name":"ModifyTaskModal","decl":{"start":{"line":10,"column":0},"end":{"line":130,"column":1}},"loc":{"start":{"line":10,"column":0},"end":{"line":130,"column":1}},"line":10},"1":{"name":"validate","decl":{"start":{"line":27,"column":19},"end":{"line":36,"column":4}},"loc":{"start":{"line":27,"column":19},"end":{"line":36,"column":4}},"line":27},"2":{"name":"handleSave","decl":{"start":{"line":38,"column":21},"end":{"line":47,"column":4}},"loc":{"start":{"line":38,"column":21},"end":{"line":47,"column":4}},"line":38},"3":{"name":"onChange","decl":{"start":{"line":60,"column":22},"end":{"line":60,"column":54}},"loc":{"start":{"line":60,"column":22},"end":{"line":60,"column":54}},"line":60},"4":{"name":"onChange","decl":{"start":{"line":75,"column":22},"end":{"line":75,"column":57}},"loc":{"start":{"line":75,"column":22},"end":{"line":75,"column":57}},"line":75},"5":{"name":"onChange","decl":{"start":{"line":92,"column":22},"end":{"line":92,"column":53}},"loc":{"start":{"line":92,"column":22},"end":{"line":92,"column":53}},"line":92},"6":{"name":"onClick","decl":{"start":{"line":105,"column":25},"end":{"line":105,"column":48}},"loc":{"start":{"line":105,"column":25},"end":{"line":105,"column":48}},"line":105}},"f":{"0":20,"1":2,"2":2,"3":2,"4":0,"5":0,"6":0}}
,"/home/user/dicoding-aiweb/team/client/src/components/ProposalOverlay.jsx": {"path":"/home/user/dicoding-aiweb/team/client/src/components/ProposalOverlay.jsx","all":false,"statementMap":{"0":{"start":{"line":1,"column":0},"end":{"line":1,"column":42}},"1":{"start":{"line":2,"column":0},"end":{"line":2,"column":49}},"2":{"start":{"line":3,"column":0},"end":{"line":3,"column":50}},"4":{"start":{"line":5,"column":0},"end":{"line":5,"column":21}},"5":{"start":{"line":6,"column":0},"end":{"line":6,"column":85}},"6":{"start":{"line":7,"column":0},"end":{"line":7,"column":88}},"7":{"start":{"line":8,"column":0},"end":{"line":8,"column":81}},"8":{"start":{"line":9,"column":0},"end":{"line":9,"column":2}},"10":{"start":{"line":11,"column":0},"end":{"line":11,"column":94}},"11":{"start":{"line":12,"column":0},"end":{"line":12,"column":36}},"12":{"start":{"line":13,"column":0},"end":{"line":13,"column":41}},"14":{"start":{"line":15,"column":0},"end":{"line":15,"column":19}},"15":{"start":{"line":16,"column":0},"end":{"line":16,"column":26}},"16":{"start":{"line":17,"column":0},"end":{"line":17,"column":33}},"17":{"start":{"line":18,"column":0},"end":{"line":18,"column":41}},"18":{"start":{"line":19,"column":0},"end":{"line":19,"column":6}},"19":{"start":{"line":20,"column":0},"end":{"line":20,"column":53}},"20":{"start":{"line":21,"column":0},"end":{"line":21,"column":69}},"21":{"start":{"line":22,"column":0},"end":{"line":22,"column":27}},"23":{"start":{"line":24,"column":0},"end":{"line":24,"column":29}},"25":{"start":{"line":26,"column":0},"end":{"line":26,"column":10}},"26":{"start":{"line":27,"column":0},"end":{"line":27,"column":104}},"27":{"start":{"line":28,"column":0},"end":{"line":28,"column":10}},"28":{"start":{"line":29,"column":0},"end":{"line":29,"column":26}},"29":{"start":{"line":30,"column":0},"end":{"line":30,"column":104}},"30":{"start":{"line":31,"column":0},"end":{"line":31,"column":44}},"31":{"start":{"line":32,"column":0},"end":{"line":32,"column":21}},"32":{"start":{"line":33,"column":0},"end":{"line":33,"column":25}},"33":{"start":{"line":34,"column":0},"end":{"line":34,"column":40}},"35":{"start":{"line":36,"column":0},"end":{"line":36,"column":84}},"37":{"start":{"line":38,"column":0},"end":{"line":38,"column":13}},"38":{"start":{"line":39,"column":0},"end":{"line":39,"column":75}},"40":{"start":{"line":41,"column":0},"end":{"line":41,"column":40}},"41":{"start":{"line":42,"column":0},"end":{"line":42,"column":42}},"42":{"start":{"line":43,"column":0},"end":{"line":43,"column":46}},"43":{"start":{"line":44,"column":0},"end":{"line":44,"column":56}},"44":{"start":{"line":45,"column":0},"end":{"line":45,"column":71}},"45":{"start":{"line":46,"column":0},"end":{"line":46,"column":22}},"46":{"start":{"line":47,"column":0},"end":{"line":47,"column":88}},"47":{"start":{"line":48,"column":0},"end":{"line":48,"column":59}},"48":{"start":{"line":49,"column":0},"end":{"line":49,"column":98}},"49":{"start":{"line":50,"column":0},"end":{"line":50,"column":126}},"50":{"start":{"line":51,"column":0},"end":{"line":51,"column":48}},"51":{"start":{"line":52,"column":0},"end":{"line":52,"column":27}},"52":{"start":{"line":53,"column":0},"end":{"line":53,"column":95}},"53":{"start":{"line":54,"column":0},"end":{"line":54,"column":24}},"54":{"start":{"line":55,"column":0},"end":{"line":55,"column":90}},"55":{"start":{"line":56,"column":0},"end":{"line":56,"column":90}},"56":{"start":{"line":57,"column":0},"end":{"line":57,"column":22}},"58":{"start":{"line":59,"column":0},"end":{"line":59,"column":15}},"59":{"start":{"line":60,"column":0},"end":{"line":60,"column":16}},"62":{"start":{"line":63,"column":0},"end":{"line":63,"column":48}},"63":{"start":{"line":64,"column":0},"end":{"line":64,"column":17}},"64":{"start":{"line":65,"column":0},"end":{"line":65,"column":30}},"65":{"start":{"line":66,"column":0},"end":{"line":66,"column":45}},"66":{"start":{"line":67,"column":0},"end":{"line":67,"column":11}},"68":{"start":{"line":69,"column":0},"end":{"line":69,"column":19}},"69":{"start":{"line":70,"column":0},"end":{"line":70,"column":17}},"70":{"start":{"line":71,"column":0},"end":{"line":71,"column":30}},"71":{"start":{"line":72,"column":0},"end":{"line":72,"column":32}},"72":{"start":{"line":73,"column":0},"end":{"line":73,"column":151}},"74":{"start":{"line":75,"column":0},"end":{"line":75,"column":51}},"75":{"start":{"line":76,"column":0},"end":{"line":76,"column":19}},"76":{"start":{"line":77,"column":0},"end":{"line":77,"column":14}},"77":{"start":{"line":78,"column":0},"end":{"line":78,"column":12}},"78":{"start":{"line":79,"column":0},"end":{"line":79,"column":10}},"80":{"start":{"line":81,"column":0},"end":{"line":81,"column":1}}},"s":{"0":1,"1":1,"2":1,"4":1,"5":1,"6":1,"7":1,"8":1,"10":12,"11":12,"12":12,"14":12,"15":12,"16":5,"17":0,"18":0,"19":5,"20":5,"21":12,"23":12,"25":5,"26":5,"27":5,"28":5,"29":5,"30":5,"31":5,"32":5,"33":5,"35":5,"37":5,"38":5,"40":12,"41":1,"42":1,"43":2,"44":2,"45":2,"46":2,"47":2,"48":2,"49":2,"50":2,"51":2,"52":2,"53":2,"54":2,"55":2,"56":2,"58":1,"59":1,"62":12,"63":12,"64":12,"65":12,"66":12,"68":12,"69":12,"70":12,"71":12,"72":12,"74":12,"75":12,"76":12,"77":12,"78":12,"80":12},"branchMap":{"0":{"type":"branch","line":11,"loc":{"start":{"line":11,"column":0},"end":{"line":81,"column":1}},"locations":[{"start":{"line":11,"column":0},"end":{"line":81,"column":1}}]},"1":{"type":"branch","line":24,"loc":{"start":{"line":24,"column":17},"end":{"line":24,"column":29}},"locations":[{"start":{"line":24,"column":17},"end":{"line":24,"column":29}}]},"2":{"type":"branch","line":24,"loc":{"start":{"line":24,"column":24},"end":{"line":41,"column":34}},"locations":[{"start":{"line":24,"column":24},"end":{"line":41,"column":34}}]},"3":{"type":"branch","line":41,"loc":{"start":{"line":41,"column":34},"end":{"line":60,"column":16}},"locations":[{"start":{"line":41,"column":34},"end":{"line":60,"column":16}}]},"4":{"type":"branch","line":75,"loc":{"start":{"line":75,"column":13},"end":{"line":75,"column":42}},"locations":[{"start":{"line":75,"column":13},"end":{"line":75,"column":42}}]},"5":{"type":"branch","line":75,"loc":{"start":{"line":75,"column":25},"end":{"line":75,"column":51}},"locations":[{"start":{"line":75,"column":25},"end":{"line":75,"column":51}}]},"6":{"type":"branch","line":15,"loc":{"start":{"line":15,"column":12},"end":{"line":22,"column":5}},"locations":[{"start":{"line":15,"column":12},"end":{"line":22,"column":5}}]},"7":{"type":"branch","line":16,"loc":{"start":{"line":16,"column":19},"end":{"line":16,"column":26}},"locations":[{"start":{"line":16,"column":19},"end":{"line":16,"column":26}}]},"8":{"type":"branch","line":16,"loc":{"start":{"line":16,"column":19},"end":{"line":21,"column":69}},"locations":[{"start":{"line":16,"column":19},"end":{"line":21,"column":69}}]},"9":{"type":"branch","line":21,"loc":{"start":{"line":21,"column":11},"end":{"line":21,"column":69}},"locations":[{"start":{"line":21,"column":11},"end":{"line":21,"column":69}}]},"10":{"type":"branch","line":31,"loc":{"start":{"line":31,"column":17},"end":{"line":31,"column":44}},"locations":[{"start":{"line":31,"column":17},"end":{"line":31,"column":44}}]},"11":{"type":"branch","line":43,"loc":{"start":{"line":43,"column":32},"end":{"line":59,"column":13}},"locations":[{"start":{"line":43,"column":32},"end":{"line":59,"column":13}}]},"12":{"type":"branch","line":44,"loc":{"start":{"line":44,"column":36},"end":{"line":44,"column":56}},"locations":[{"start":{"line":44,"column":36},"end":{"line":44,"column":56}}]},"13":{"type":"branch","line":45,"loc":{"start":{"line":45,"column":48},"end":{"line":45,"column":71}},"locations":[{"start":{"line":45,"column":48},"end":{"line":45,"column":71}}]},"14":{"type":"branch","line":51,"loc":{"start":{"line":51,"column":28},"end":{"line":51,"column":48}},"locations":[{"start":{"line":51,"column":28},"end":{"line":51,"column":48}}]},"15":{"type":"branch","line":56,"loc":{"start":{"line":56,"column":88},"end":{"line":56,"column":90}},"locations":[{"start":{"line":56,"column":88},"end":{"line":56,"column":90}}]}},"b":{"0":[12],"1":[7],"2":[5],"3":[1],"4":[1],"5":[4],"6":[12],"7":[7],"8":[5],"9":[5],"10":[2],"11":[2],"12":[0],"13":[0],"14":[0],"15":[0]},"fnMap":{"0":{"name":"ProposalOverlay","decl":{"start":{"line":11,"column":0},"end":{"line":81,"column":1}},"loc":{"start":{"line":11,"column":0},"end":{"line":81,"column":1}},"line":11},"1":{"name":"handleEscape","decl":{"start":{"line":17,"column":25},"end":{"line":19,"column":6}},"loc":{"start":{"line":17,"column":25},"end":{"line":19,"column":6}},"line":17},"2":{"name":"onClick","decl":{"start":{"line":31,"column":17},"end":{"line":31,"column":44}},"loc":{"start":{"line":31,"column":17},"end":{"line":31,"column":44}},"line":31}},"f":{"0":12,"1":0,"2":2}}
,"/home/user/dicoding-aiweb/team/client/src/components/ProtectedRoute.jsx": {"path":"/home/user/dicoding-aiweb/team/client/src/components/ProtectedRoute.jsx","all":false,"statementMap":{"0":{"start":{"line":1,"column":0},"end":{"line":1,"column":44}},"1":{"start":{"line":2,"column":0},"end":{"line":2,"column":57}},"3":{"start":{"line":4,"column":0},"end":{"line":4,"column":54}},"4":{"start":{"line":5,"column":0},"end":{"line":5,"column":64}},"6":{"start":{"line":7,"column":0},"end":{"line":7,"column":34}},"7":{"start":{"line":8,"column":0},"end":{"line":8,"column":12}},"8":{"start":{"line":9,"column":0},"end":{"line":9,"column":69}},"9":{"start":{"line":10,"column":0},"end":{"line":10,"column":110}},"10":{"start":{"line":11,"column":0},"end":{"line":11,"column":12}},"12":{"start":{"line":13,"column":0},"end":{"line":13,"column":3}},"14":{"start":{"line":15,"column":0},"end":{"line":15,"column":25}},"15":{"start":{"line":16,"column":0},"end":{"line":16,"column":44}},"16":{"start":{"line":17,"column":0},"end":{"line":17,"column":3}},"18":{"start":{"line":19,"column":0},"end":{"line":19,"column":18}},"19":{"start":{"line":20,"column":0},"end":{"line":20,"column":1}}},"s":{"0":1,"1":1,"3":4,"4":4,"6":4,"7":2,"8":2,"9":2,"10":2,"12":2,"14":4,"15":1,"16":1,"18":1,"19":1},"branchMap":{"0":{"type":"branch","line":4,"loc":{"start":{"line":4,"column":0},"end":{"line":20,"column":1}},"locations":[{"start":{"line":4,"column":0},"end":{"line":20,"column":1}}]},"1":{"type":"branch","line":7,"loc":{"start":{"line":7,"column":7},"end":{"line":7,"column":33}},"locations":[{"start":{"line":7,"column":7},"end":{"line":7,"column":33}}]},"2":{"type":"branch","line":7,"loc":{"start":{"line":7,"column":33},"end":{"line":15,"column":24}},"locations":[{"start":{"line":7,"column":33},"end":{"line":15,"column":24}}]},"3":{"type":"branch","line":15,"loc":{"start":{"line":15,"column":24},"end":{"line":20,"column":1}},"locations":[{"start":{"line":15,"column":24},"end":{"line":20,"column":1}}]}},"b":{"0":[4],"1":[3],"2":[2],"3":[1]},"fnMap":{"0":{"name":"ProtectedRoute","decl":{"start":{"line":4,"column":0},"end":{"line":20,"column":1}},"loc":{"start":{"line":4,"column":0},"end":{"line":20,"column":1}},"line":4}},"f":{"0":4}}
[...]
":83,"column":9}},"83":{"start":{"line":84,"column":0},"end":{"line":84,"column":4}},"84":{"start":{"line":85,"column":0},"end":{"line":85,"column":3}},"86":{"start":{"line":87,"column":0},"end":{"line":87,"column":97}},"87":{"start":{"line":88,"column":0},"end":{"line":88,"column":42}}},"s":{"0":1,"1":1,"3":1,"4":1,"5":1,"6":0,"7":0,"8":0,"9":1,"11":1,"12":1,"13":1,"14":0,"15":0,"16":0,"17":1,"19":1,"20":1,"21":1,"22":0,"23":0,"24":0,"25":0,"26":0,"27":0,"28":1,"30":1,"31":1,"32":1,"33":1,"34":1,"35":1,"36":1,"37":1,"38":1,"39":1,"41":1,"42":1,"43":1,"44":1,"45":1,"46":1,"47":1,"48":1,"49":1,"50":1,"51":1,"52":1,"53":1,"54":1,"55":1,"56":2,"57":2,"58":1,"59":1,"60":2,"61":2,"62":2,"63":2,"64":2,"65":2,"66":1,"67":1,"68":2,"69":2,"70":2,"71":2,"72":2,"73":2,"74":2,"75":2,"76":2,"77":1,"78":1,"79":2,"80":2,"81":1,"82":2,"83":1,"84":1,"86":1,"87":1},"branchMap":{"0":{"type":"branch","line":46,"loc":{"start":{"line":46,"column":4},"end":{"line":48,"column":5}},"locations":[{"start":{"line":46,"column":4},"end":{"line":48,"column":5}}]},"1":{"type":"branch","line":49,"loc":{"start":{"line":49,"column":4},"end":{"line":51,"column":5}},"locations":[{"start":{"line":49,"column":4},"end":{"line":51,"column":5}}]},"2":{"type":"branch","line":52,"loc":{"start":{"line":52,"column":4},"end":{"line":54,"column":5}},"locations":[{"start":{"line":52,"column":4},"end":{"line":54,"column":5}}]},"3":{"type":"branch","line":56,"loc":{"start":{"line":56,"column":17},"end":{"line":84,"column":3}},"locations":[{"start":{"line":56,"column":17},"end":{"line":84,"column":3}}]},"4":{"type":"branch","line":58,"loc":{"start":{"line":58,"column":40},"end":{"line":61,"column":7}},"locations":[{"start":{"line":58,"column":40},"end":{"line":61,"column":7}}]},"5":{"type":"branch","line":62,"loc":{"start":{"line":62,"column":42},"end":{"line":69,"column":7}},"locations":[{"start":{"line":62,"column":42},"end":{"line":69,"column":7}}]},"6":{"type":"branch","line":64,"loc":{"start":{"line":64,"column":47},"end":{"line":64,"column":52}},"locations":[{"start":{"line":64,"column":47},"end":{"line":64,"column":52}}]},"7":{"type":"branch","line":65,"loc":{"start":{"line":65,"column":58},"end":{"line":65,"column":65}},"locations":[{"start":{"line":65,"column":58},"end":{"line":65,"column":65}}]},"8":{"type":"branch","line":66,"loc":{"start":{"line":66,"column":33},"end":{"line":66,"column":45}},"locations":[{"start":{"line":66,"column":33},"end":{"line":66,"column":45}}]},"9":{"type":"branch","line":66,"loc":{"start":{"line":66,"column":47},"end":{"line":68,"column":9}},"locations":[{"start":{"line":66,"column":47},"end":{"line":68,"column":9}}]},"10":{"type":"branch","line":70,"loc":{"start":{"line":70,"column":41},"end":{"line":73,"column":7}},"locations":[{"start":{"line":70,"column":41},"end":{"line":73,"column":7}}]},"11":{"type":"branch","line":72,"loc":{"start":{"line":72,"column":44},"end":{"line":72,"column":76}},"locations":[{"start":{"line":72,"column":44},"end":{"line":72,"column":76}}]},"12":{"type":"branch","line":74,"loc":{"start":{"line":74,"column":46},"end":{"line":80,"column":7}},"locations":[{"start":{"line":74,"column":46},"end":{"line":80,"column":7}}]},"13":{"type":"branch","line":75,"loc":{"start":{"line":75,"column":55},"end":{"line":75,"column":62}},"locations":[{"start":{"line":75,"column":55},"end":{"line":75,"column":62}}]},"14":{"type":"branch","line":76,"loc":{"start":{"line":76,"column":70},"end":{"line":76,"column":77}},"locations":[{"start":{"line":76,"column":70},"end":{"line":76,"column":77}}]},"15":{"type":"branch","line":77,"loc":{"start":{"line":77,"column":33},"end":{"line":77,"column":45}},"locations":[{"start":{"line":77,"column":33},"end":{"line":77,"column":45}}]},"16":{"type":"branch","line":77,"loc":{"start":{"line":77,"column":47},"end":{"line":79,"column":9}},"locations":[{"start":{"line":77,"column":47},"end":{"line":79,"column":9}}]},"17":{"type":"branch","line":81,"loc":{"start":{"line":81,"column":45},"end":{"line":83,"column":7}},"locations":[{"start":{"line":81,"column":45},"end":{"line":83,"column":7}}]},"18":{"type":"branch","line":82,"loc":{"start":{"line":82,"column":44},"end":{"line":82,"column":72}},"locations":[{"start":{"line":82,"column":44},"end":{"line":82,"column":72}}]}},"b":{"0":[1],"1":[1],"2":[1],"3":[2],"4":[1],"5":[2],"6":[0],"7":[1],"8":[1],"9":[1],"10":[2],"11":[1],"12":[2],"13":[1],"14":[1],"15":[1],"16":[1],"17":[1],"18":[0]},"fnMap":{"0":{"name":"setPipelineTrace","decl":{"start":{"line":46,"column":4},"end":{"line":48,"column":5}},"loc":{"start":{"line":46,"column":4},"end":{"line":48,"column":5}},"line":46},"1":{"name":"setRequestId","decl":{"start":{"line":49,"column":4},"end":{"line":51,"column":5}},"loc":{"start":{"line":49,"column":4},"end":{"line":51,"column":5}},"line":49},"2":{"name":"resetObservability","decl":{"start":{"line":52,"column":4},"end":{"line":54,"column":5}},"loc":{"start":{"line":52,"column":4},"end":{"line":54,"column":5}},"line":52},"3":{"name":"extraReducers","decl":{"start":{"line":56,"column":17},"end":{"line":84,"column":3}},"loc":{"start":{"line":56,"column":17},"end":{"line":84,"column":3}},"line":56}},"f":{"0":1,"1":1,"2":1,"3":2}}
,"/home/user/dicoding-aiweb/team/client/src/utils/constants.js": {"path":"/home/user/dicoding-aiweb/team/client/src/utils/constants.js","all":false,"statementMap":{"0":{"start":{"line":1,"column":0},"end":{"line":1,"column":88}},"1":{"start":{"line":2,"column":0},"end":{"line":2,"column":74}},"2":{"start":{"line":3,"column":0},"end":{"line":3,"column":69}},"4":{"start":{"line":5,"column":0},"end":{"line":5,"column":23}},"5":{"start":{"line":6,"column":0},"end":{"line":6,"column":12}},"6":{"start":{"line":7,"column":0},"end":{"line":7,"column":18}},"7":{"start":{"line":8,"column":0},"end":{"line":8,"column":24}},"8":{"start":{"line":9,"column":0},"end":{"line":9,"column":18}},"9":{"start":{"line":10,"column":0},"end":{"line":10,"column":28}},"10":{"start":{"line":11,"column":0},"end":{"line":11,"column":24}},"11":{"start":{"line":12,"column":0},"end":{"line":12,"column":24}},"12":{"start":{"line":13,"column":0},"end":{"line":13,"column":18}},"13":{"start":{"line":14,"column":0},"end":{"line":14,"column":2}},"15":{"start":{"line":16,"column":0},"end":{"line":16,"column":29}},"16":{"start":{"line":17,"column":0},"end":{"line":17,"column":17}},"17":{"start":{"line":18,"column":0},"end":{"line":18,"column":15}},"18":{"start":{"line":19,"column":0},"end":{"line":19,"column":2}},"20":{"start":{"line":21,"column":0},"end":{"line":21,"column":34}},"21":{"start":{"line":22,"column":0},"end":{"line":22,"column":44}},"22":{"start":{"line":23,"column":0},"end":{"line":23,"column":45}},"23":{"start":{"line":24,"column":0},"end":{"line":24,"column":43}},"24":{"start":{"line":25,"column":0},"end":{"line":25,"column":47}},"25":{"start":{"line":26,"column":0},"end":{"line":26,"column":47}},"26":{"start":{"line":27,"column":0},"end":{"line":27,"column":43}},"27":{"start":{"line":28,"column":0},"end":{"line":28,"column":42}},"28":{"start":{"line":29,"column":0},"end":{"line":29,"column":44}},"29":{"start":{"line":30,"column":0},"end":{"line":30,"column":2}},"31":{"start":{"line":32,"column":0},"end":{"line":32,"column":67}},"33":{"start":{"line":34,"column":0},"end":{"line":34,"column":93}}},"s":{"0":1,"1":1,"2":1,"4":1,"5":1,"6":1,"7":1,"8":1,"9":1,"10":1,"11":1,"12":1,"13":1,"15":1,"16":1,"17":1,"18":1,"20":1,"21":1,"22":1,"23":1,"24":1,"25":1,"26":1,"27":1,"28":1,"29":1,"31":1,"33":1},"branchMap":{},"b":{},"fnMap":{},"f":{}}
,"/home/user/dicoding-aiweb/team/client/src/utils/helpers.js": {"path":"/home/user/dicoding-aiweb/team/client/src/utils/helpers.js","all":false,"statementMap":{"0":{"start":{"line":1,"column":0},"end":{"line":1,"column":78}},"2":{"start":{"line":3,"column":0},"end":{"line":3,"column":37}},"3":{"start":{"line":4,"column":0},"end":{"line":4,"column":43}},"4":{"start":{"line":5,"column":0},"end":{"line":5,"column":20}},"5":{"start":{"line":6,"column":0},"end":{"line":6,"column":18}},"6":{"start":{"line":7,"column":0},"end":{"line":7,"column":19}},"7":{"start":{"line":8,"column":0},"end":{"line":8,"column":28}},"8":{"start":{"line":9,"column":0},"end":{"line":9,"column":2}},"10":{"start":{"line":11,"column":0},"end":{"line":11,"column":44}},"11":{"start":{"line":12,"column":0},"end":{"line":12,"column":46}},"12":{"start":{"line":13,"column":0},"end":{"line":13,"column":41}},"13":{"start":{"line":14,"column":0},"end":{"line":14,"column":28}},"14":{"start":{"line":15,"column":0},"end":{"line":15,"column":54}},"15":{"start":{"line":16,"column":0},"end":{"line":16,"column":2}},"17":{"start":{"line":18,"column":0},"end":{"line":18,"column":43}},"18":{"start":{"line":19,"column":0},"end":{"line":19,"column":72}},"19":{"start":{"line":20,"column":0},"end":{"line":20,"column":42}},"20":{"start":{"line":21,"column":0},"end":{"line":21,"column":48}},"21":{"start":{"line":22,"column":0},"end":{"line":22,"column":2}},"23":{"start":{"line":24,"column":0},"end":{"line":24,"column":42}},"24":{"start":{"line":25,"column":0},"end":{"line":25,"column":16}},"25":{"start":{"line":26,"column":0},"end":{"line":26,"column":23}},"26":{"start":{"line":27,"column":0},"end":{"line":27,"column":28}},"27":{"start":{"line":28,"column":0},"end":{"line":28,"column":55}},"28":{"start":{"line":29,"column":0},"end":{"line":29,"column":4}},"29":{"start":{"line":30,"column":0},"end":{"line":30,"column":2}}},"s":{"0":1,"2":1,"3":1,"4":1,"5":1,"6":1,"7":1,"8":1,"10":1,"11":106,"12":83,"13":83,"14":106,"15":106,"17":1,"18":3,"19":3,"20":1,"21":1,"23":1,"24":1,"25":1,"26":3,"27":3,"28":1,"29":1},"branchMap":{"0":{"type":"branch","line":1,"loc":{"start":{"line":1,"column":22},"end":{"line":1,"column":77}},"locations":[{"start":{"line":1,"column":22},"end":{"line":1,"column":77}}]},"1":{"type":"branch","line":1,"loc":{"start":{"line":1,"column":52},"end":{"line":1,"column":77}},"locations":[{"start":{"line":1,"column":52},"end":{"line":1,"column":77}}]},"2":{"type":"branch","line":3,"loc":{"start":{"line":3,"column":26},"end":{"line":9,"column":2}},"locations":[{"start":{"line":3,"column":26},"end":{"line":9,"column":2}}]},"3":{"type":"branch","line":11,"loc":{"start":{"line":11,"column":30},"end":{"line":16,"column":2}},"locations":[{"start":{"line":11,"column":30},"end":{"line":16,"column":2}}]},"4":{"type":"branch","line":12,"loc":{"start":{"line":12,"column":20},"end":{"line":12,"column":46}},"locations":[{"start":{"line":12,"column":20},"end":{"line":12,"column":46}}]},"5":{"type":"branch","line":12,"loc":{"start":{"line":12,"column":45},"end":{"line":15,"column":14}},"locations":[{"start":{"line":12,"column":45},"end":{"line":15,"column":14}}]},"6":{"type":"branch","line":15,"loc":{"start":{"line":15,"column":14},"end":{"line":15,"column":36}},"locations":[{"start":{"line":15,"column":14},"end":{"line":15,"column":36}}]},"7":{"type":"branch","line":15,"loc":{"start":{"line":15,"column":37},"end":{"line":15,"column":53}},"locations":[{"start":{"line":15,"column":37},"end":{"line":15,"column":53}}]},"8":{"type":"branch","line":18,"loc":{"start":{"line":18,"column":31},"end":{"line":22,"column":2}},"locations":[{"start":{"line":18,"column":31},"end":{"line":22,"column":2}}]},"9":{"type":"branch","line":19,"loc":{"start":{"line":19,"column":20},"end":{"line":19,"column":35}},"locations":[{"start":{"line":19,"column":20},"end":{"line":19,"column":35}}]},"10":{"type":"branch","line":19,"loc":{"start":{"line":19,"column":37},"end":{"line":19,"column":72}},"locations":[{"start":{"line":19,"column":37},"end":{"line":19,"column":72}}]},"11":{"type":"branch","line":19,"loc":{"start":{"line":19,"column":71},"end":{"line":20,"column":21}},"locations":[{"start":{"line":19,"column":71},"end":{"line":20,"column":21}}]},"12":{"type":"branch","line":20,"loc":{"start":{"line":20,"column":21},"end":{"line":22,"column":2}},"locations":[{"start":{"line":20,"column":21},"end":{"line":22,"column":2}}]},"13":{"type":"branch","line":24,"loc":{"start":{"line":24,"column":24},"end":{"line":30,"column":2}},"locations":[{"start":{"line":24,"column":24},"end":{"line":30,"column":2}}]},"14":{"type":"branch","line":26,"loc":{"start":{"line":26,"column":9},"end":{"line":29,"column":3}},"locations":[{"start":{"line":26,"column":9},"end":{"line":29,"column":3}}]},"15":{"type":"branch","line":28,"loc":{"start":{"line":28,"column":27},"end":{"line":28,"column":46}},"locations":[{"start":{"line":28,"column":27},"end":{"line":28,"column":46}}]}},"b":{"0":[6],"1":[5],"2":[1],"3":[106],"4":[23],"5":[83],"6":[72],"7":[11],"8":[3],"9":[1],"10":[1],"11":[2],"12":[1],"13":[1],"14":[3],"15":[1]},"fnMap":{"0":{"name":"isDone","decl":{"start":{"line":1,"column":22},"end":{"line":1,"column":77}},"loc":{"start":{"line":1,"column":22},"end":{"line":1,"column":77}},"line":1},"1":{"name":"formatDate","decl":{"start":{"line":3,"column":26},"end":{"line":9,"column":2}},"loc":{"start":{"line":3,"column":26},"end":{"line":9,"column":2}},"line":3},"2":{"name":"formatDuration","decl":{"start":{"line":11,"column":30},"end":{"line":16,"column":2}},"loc":{"start":{"line":11,"column":30},"end":{"line":16,"column":2}},"line":11},"3":{"name":"getErrorMessage","decl":{"start":{"line":18,"column":31},"end":{"line":22,"column":2}},"loc":{"start":{"line":18,"column":31},"end":{"line":22,"column":2}},"line":18},"4":{"name":"debounce","decl":{"start":{"line":24,"column":24},"end":{"line":30,"column":2}},"loc":{"start":{"line":24,"column":24},"end":{"line":30,"column":2}},"line":24}},"f":{"0":6,"1":1,"2":106,"3":3,"4":1}}
,"/home/user/dicoding-aiweb/team/client/src/utils/invalidation.js": {"path":"/home/user/dicoding-aiweb/team/client/src/utils/invalidation.js","all":false,"statementMap":{"0":{"start":{"line":1,"column":0},"end":{"line":1,"column":44}},"2":{"start":{"line":3,"column":0},"end":{"line":3,"column":34}},"3":{"start":{"line":4,"column":0},"end":{"line":4,"column":7}},"4":{"start":{"line":5,"column":0},"end":{"line":5,"column":66}},"5":{"start":{"line":6,"column":0},"end":{"line":6,"column":11}},"6":{"start":{"line":7,"column":0},"end":{"line":7,"column":31}},"7":{"start":{"line":8,"column":0},"end":{"line":8,"column":3}},"8":{"start":{"line":9,"column":0},"end":{"line":9,"column":53}},"9":{"start":{"line":10,"column":0},"end":{"line":10,"column":1}},"11":{"start":{"line":12,"column":0},"end":{"line":12,"column":39}},"12":{"start":{"line":13,"column":0},"end":{"line":13,"column":7}},"13":{"start":{"line":14,"column":0},"end":{"line":14,"column":63}},"14":{"start":{"line":15,"column":0},"end":{"line":15,"column":11}},"15":{"start":{"line":16,"column":0},"end":{"line":16,"column":13}},"16":{"start":{"line":17,"column":0},"end":{"line":17,"column":3}},"17":{"start":{"line":18,"column":0},"end":{"line":18,"column":1}},"19":{"start":{"line":20,"column":0},"end":{"line":20,"column":41}},"20":{"start":{"line":21,"column":0},"end":{"line":21,"column":55}},"21":{"start":{"line":22,"column":0},"end":{"line":22,"column":71}},"22":{"start":{"line":23,"column":0},"end":{"line":23,"column":1}}},"s":{"0":1,"2":1,"3":1,"4":1,"5":1,"6":0,"7":0,"8":1,"9":1,"11":1,"12":2,"13":2,"14":2,"15":0,"16":0,"17":2,"19":1,"20":1,"21":1,"22":1},"branchMap":{"0":{"type":"branch","line":3,"loc":{"start":{"line":3,"column":7},"end":{"line":10,"column":1}},"locations":[{"start":{"line":3,"column":7},"end":{"line":10,"column":1}}]},"1":{"type":"branch","line":6,"loc":{"start":{"line":6,"column":4},"end":{"line":8,"column":3}},"locations":[{"start":{"line":6,"column":4},"end":{"line":8,"column":3}}]},"2":{"type":"branch","line":12,"loc":{"start":{"line":12,"column":7},"end":{"line":18,"column":1}},"locations":[{"start":{"line":12,"column":7},"end":{"line":18,"column":1}}]},"3":{"type":"branch","line":14,"loc":{"start":{"line":14,"column":58},"end":{"line":14,"column":62}},"locations":[{"start":{"line":14,"column":58},"end":{"line":14,"column":62}}]},"4":{"type":"branch","line":15,"loc":{"start":{"line":15,"column":4},"end":{"line":17,"column":3}},"locations":[{"start":{"line":15,"column":4},"end":{"line":17,"column":3}}]},"5":{"type":"branch","line":20,"loc":{"start":{"line":20,"column":7},"end":{"line":23,"column":1}},"locations":[{"start":{"line":20,"column":7},"end":{"line":23,"column":1}}]},"6":{"type":"branch","line":22,"loc":{"start":{"line":22,"column":9},"end":{"line":22,"column":70}},"locations":[{"start":{"line":22,"column":9},"end":{"line":22,"column":70}}]}},"b":{"0":[1],"1":[0],"2":[2],"3":[1],"4":[0],"5":[1],"6":[1]},"fnMap":{"0":{"name":"notifyMutation","decl":{"start":{"line":3,"column":7},"end":{"line":10,"column":1}},"loc":{"start":{"line":3,"column":7},"end":{"line":10,"column":1}},"line":3},"1":{"name":"getLastMutationTime","decl":{"start":{"line":12,"column":7},"end":{"line":18,"column":1}},"loc":{"start":{"line":12,"column":7},"end":{"line":18,"column":1}},"line":12},"2":{"name":"onDataChanged","decl":{"start":{"line":20,"column":7},"end":{"line":23,"column":1}},"loc":{"start":{"line":20,"column":7},"end":{"line":23,"column":1}},"line":20}},"f":{"0":1,"1":2,"2":1}}
,"/home/user/dicoding-aiweb/team/client/src/utils/scrollLock.js": {"path":"/home/user/dicoding-aiweb/team/client/src/utils/scrollLock.js","all":false,"statementMap":{"0":{"start":{"line":1,"column":0},"end":{"line":1,"column":18}},"2":{"start":{"line":3,"column":0},"end":{"line":3,"column":30}},"3":{"start":{"line":4,"column":0},"end":{"line":4,"column":14}},"4":{"start":{"line":5,"column":0},"end":{"line":5,"column":24}},"5":{"start":{"line":6,"column":0},"end":{"line":6,"column":44}},"6":{"start":{"line":7,"column":0},"end":{"line":7,"column":3}},"7":{"start":{"line":8,"column":0},"end":{"line":8,"column":1}},"9":{"start":{"line":10,"column":0},"end":{"line":10,"column":32}},"10":{"start":{"line":11,"column":0},"end":{"line":11,"column":41}},"11":{"start":{"line":12,"column":0},"end":{"line":12,"column":24}},"12":{"start":{"line":13,"column":0},"end":{"line":13,"column":38}},"13":{"start":{"line":14,"column":0},"end":{"line":14,"column":3}},"14":{"start":{"line":15,"column":0},"end":{"line":15,"column":1}},"16":{"start":{"line":17,"column":0},"end":{"line":17,"column":35}},"17":{"start":{"line":18,"column":0},"end":{"line":18,"column":16}},"18":{"start":{"line":19,"column":0},"end":{"line":19,"column":36}},"19":{"start":{"line":20,"column":0},"end":{"line":20,"column":1}}},"s":{"0":1,"2":1,"3":29,"4":29,"5":26,"6":26,"7":29,"9":1,"10":26,"11":26,"12":25,"13":25,"14":26,"16":1,"17":6,"18":6,"19":6},"branchMap":{"0":{"type":"branch","line":3,"loc":{"start":{"line":3,"column":7},"end":{"line":8,"column":1}},"locations":[{"start":{"line":3,"column":7},"end":{"line":8,"column":1}}]},"1":{"type":"branch","line":5,"loc":{"start":{"line":5,"column":23},"end":{"line":7,"column":3}},"locations":[{"start":{"line":5,"column":23},"end":{"line":7,"column":3}}]},"2":{"type":"branch","line":10,"loc":{"start":{"line":10,"column":7},"end":{"line":15,"column":1}},"locations":[{"start":{"line":10,"column":7},"end":{"line":15,"column":1}}]},"3":{"type":"branch","line":12,"loc":{"start":{"line":12,"column":23},"end":{"line":14,"column":3}},"locations":[{"start":{"line":12,"column":23},"end":{"line":14,"column":3}}]},"4":{"type":"branch","line":17,"loc":{"start":{"line":17,"column":7},"end":{"line":20,"column":1}},"locations":[{"start":{"line":17,"column":7},"end":{"line":20,"column":1}}]}},"b":{"0":[29],"1":[26],"2":[26],"3":[25],"4":[6]},"fnMap":{"0":{"name":"lockScroll","decl":{"start":{"line":3,"column":7},"end":{"line":8,"column":1}},"loc":{"start":{"line":3,"column":7},"end":{"line":8,"column":1}},"line":3},"1":{"name":"unlockScroll","decl":{"start":{"line":10,"column":7},"end":{"line":15,"column":1}},"loc":{"start":{"line":10,"column":7},"end":{"line":15,"column":1}},"line":10},"2":{"name":"resetScrollLock","decl":{"start":{"line":17,"column":7},"end":{"line":20,"column":1}},"loc":{"start":{"line":17,"column":7},"end":{"line":20,"column":1}},"line":17}},"f":{"0":29,"1":26,"2":6}}
}
