{"/home/user/dicoding-aiweb/server/src/app.js": {"path":"/home/user/dicoding-aiweb/server/src/app.js","statementMap":{"0":{"start":{"line":1,"column":16},"end":{"line":1,"column":34}},"1":{"start":{"line":2,"column":13},"end":{"line":2,"column":28}},"2":{"start":{"line":3,"column":21},"end":{"line":3,"column":45}},"3":{"start":{"line":4,"column":15},"end":{"line":4,"column":34}},"4":{"start":{"line":5,"column":26},"end":{"line":5,"column":63}},"5":{"start":{"line":6,"column":29},"end":{"line":6,"column":69}},"6":{"start":{"line":7,"column":25},"end":{"line":7,"column":61}},"7":{"start":{"line":8,"column":35},"end":{"line":8,"column":70}},"8":{"start":{"line":9,"column":24},"end":{"line":9,"column":59}},"9":{"start":{"line":11,"column":21},"end":{"line":11,"column":47}},"10":{"start":{"line":12,"column":22},"end":{"line":12,"column":49}},"11":{"start":{"line":13,"column":19},"end":{"line":13,"column":43}},"12":{"start":{"line":14,"column":19},"end":{"line":14,"column":44}},"13":{"start":{"line":15,"column":19},"end":{"line":15,"column":44}},"14":{"start":{"line":16,"column":17},"end":{"line":16,"column":39}},"15":{"start":{"line":17,"column":23},"end":{"line":17,"column":51}},"16":{"start":{"line":18,"column":20},"end":{"line":18,"column":45}},"17":{"start":{"line":20,"column":12},"end":{"line":20,"column":21}},"18":{"start":{"line":21,"column":0},"end":{"line":21,"column":68}},"19":{"start":{"line":22,"column":0},"end":{"line":22,"column":24}},"20":{"start":{"line":23,"column":0},"end":{"line":23,"column":24}},"21":{"start":{"line":24,"column":0},"end":{"line":24,"column":23}},"22":{"start":{"line":25,"column":0},"end":{"line":25,"column":26}},"23":{"start":{"line":27,"column":0},"end":{"line":27,"column":33}},"24":{"start":{"line":28,"column":0},"end":{"line":28,"column":48}},"25":{"start":{"line":29,"column":0},"end":{"line":29,"column":46}},"26":{"start":{"line":30,"column":0},"end":{"line":30,"column":34}},"27":{"start":{"line":31,"column":0},"end":{"line":31,"column":34}},"28":{"start":{"line":32,"column":0},"end":{"line":32,"column":40}},"29":{"start":{"line":33,"column":0},"end":{"line":33,"column":41}},"30":{"start":{"line":34,"column":0},"end":{"line":34,"column":35}},"31":{"start":{"line":36,"column":0},"end":{"line":36,"column":22}},"32":{"start":{"line":38,"column":0},"end":{"line":38,"column":21}}},"fnMap":{},"branchMap":{},"s":{"0":6,"1":6,"2":6,"3":6,"4":6,"5":6,"6":6,"7":6,"8":6,"9":6,"10":6,"11":6,"12":6,"13":6,"14":6,"15":6,"16":6,"17":6,"18":6,"19":6,"20":6,"21":6,"22":6,"23":6,"24":6,"25":6,"26":6,"27":6,"28":6,"29":6,"30":6,"31":6,"32":6},"f":{},"b":{},"_coverageSchema":"1a1c01bbd47fc00a2c39e90264f33305004495a9","hash":"4bd6c70283154afa0c37a37d3595e5f9be1e2dcc"}
,"/home/user/dicoding-aiweb/server/src/db.js": {"path":"/home/user/dicoding-aiweb/server/src/db.js","statementMap":{"0":{"start":{"line":1,"column":17},"end":{"line":1,"column":30}},"1":{"start":{"line":2,"column":15},"end":{"line":2,"column":34}},"2":{"start":{"line":3,"column":15},"end":{"line":3,"column":40}},"3":{"start":{"line":4,"column":42},"end":{"line":4,"column":66}},"4":{"start":{"line":6,"column":13},"end":{"line":11,"column":2}},"5":{"start":{"line":13,"column":0},"end":{"line":15,"column":3}},"6":{"start":{"line":14,"column":2},"end":{"line":14,"column":67}},"7":{"start":{"line":18,"column":12},"end":{"line":18,"column":26}},"8":{"start":{"line":19,"column":2},"end":{"line":19,"column":43}},"9":{"start":{"line":19,"column":14},"end":{"line":19,"column":43}},"10":{"start":{"line":21,"column":2},"end":{"line":26,"column":5}},"11":{"start":{"line":21,"column":25},"end":{"line":21,"column":46}},"12":{"start":{"line":30,"column":2},"end":{"line":48,"column":5}},"13":{"start":{"line":31,"column":19},"end":{"line":31,"column":39}},"14":{"start":{"line":32,"column":4},"end":{"line":42,"column":5}},"15":{"start":{"line":33,"column":6},"end":{"line":33,"column":34}},"16":{"start":{"line":34,"column":21},"end":{"line":34,"column":37}},"17":{"start":{"line":35,"column":6},"end":{"line":35,"column":35}},"18":{"start":{"line":36,"column":6},"end":{"line":36,"column":20}},"19":{"start":{"line":38,"column":6},"end":{"line":38,"column":53}},"20":{"start":{"line":39,"column":6},"end":{"line":39,"column":16}},"21":{"start":{"line":41,"column":6},"end":{"line":41,"column":23}},"22":{"start":{"line":52,"column":2},"end":{"line":57,"column":3}},"23":{"start":{"line":53,"column":19},"end":{"line":53,"column":47}},"24":{"start":{"line":54,"column":4},"end":{"line":54,"column":33}},"25":{"start":{"line":56,"column":4},"end":{"line":56,"column":17}},"26":{"start":{"line":60,"column":0},"end":{"line":60,"column":61}}},"fnMap":{"0":{"name":"(anonymous_0)","decl":{"start":{"line":13,"column":17},"end":{"line":13,"column":18}},"loc":{"start":{"line":13,"column":26},"end":{"line":15,"column":1}},"line":13},"1":{"name":"query","decl":{"start":{"line":17,"column":15},"end":{"line":17,"column":20}},"loc":{"start":{"line":17,"column":43},"end":{"line":27,"column":1}},"line":17},"2":{"name":"(anonymous_2)","decl":{"start":{"line":21,"column":19},"end":{"line":21,"column":20}},"loc":{"start":{"line":21,"column":25},"end":{"line":21,"column":46}},"line":21},"3":{"name":"withTransaction","decl":{"start":{"line":29,"column":15},"end":{"line":29,"column":30}},"loc":{"start":{"line":29,"column":35},"end":{"line":49,"column":1}},"line":29},"4":{"name":"(anonymous_4)","decl":{"start":{"line":30,"column":19},"end":{"line":30,"column":20}},"loc":{"start":{"line":30,"column":31},"end":{"line":43,"column":3}},"line":30},"5":{"name":"(anonymous_5)","decl":{"start":{"line":38,"column":43},"end":{"line":38,"column":44}},"loc":{"start":{"line":38,"column":49},"end":{"line":38,"column":51}},"line":38},"6":{"name":"isHealthy","decl":{"start":{"line":51,"column":15},"end":{"line":51,"column":24}},"loc":{"start":{"line":51,"column":27},"end":{"line":58,"column":1}},"line":51}},"branchMap":{"0":{"loc":{"start":{"line":18,"column":12},"end":{"line":18,"column":26}},"type":"binary-expr","locations":[{"start":{"line":18,"column":12},"end":{"line":18,"column":18}},{"start":{"line":18,"column":22},"end":{"line":18,"column":26}}],"line":18},"1":{"loc":{"start":{"line":19,"column":2},"end":{"line":19,"column":43}},"type":"if","locations":[{"start":{"line":19,"column":2},"end":{"line":19,"column":43}},{"start":{},"end":{}}],"line":19}},"s":{"0":28,"1":28,"2":28,"3":28,"4":28,"5":28,"6":0,"7":16,"8":16,"9":0,"10":16,"11":16,"12":0,"13":0,"14":0,"15":0,"16":0,"17":0,"18":0,"19":0,"20":0,"21":0,"22":2,"23":2,"24":2,"25":0,"26":28},"f":{"0":0,"1":16,"2":16,"3":0,"4":0,"5":0,"6":2},"b":{"0":[16,16],"1":[0,16]},"_coverageSchema":"1a1c01bbd47fc00a2c39e90264f33305004495a9","hash":"719511ff6deb88d98896f1ed082b9425168e0b7e"}
,"/home/user/dicoding-aiweb/server/src/config/firebase.js": {"path":"/home/user/dicoding-aiweb/server/src/config/firebase.js","statementMap":{"0":{"start":{"line":1,"column":14},"end":{"line":1,"column":39}},"1":{"start":{"line":3,"column":23},"end":{"line":11,"column":4}},"2":{"start":{"line":4,"column":14},"end":{"line":4,"column":50}},"3":{"start":{"line":5,"column":2},"end":{"line":5,"column":24}},"4":{"start":{"line":5,"column":12},"end":{"line":5,"column":24}},"5":{"start":{"line":6,"column":2},"end":{"line":10,"column":3}},"6":{"start":{"line":7,"column":4},"end":{"line":7,"column":27}},"7":{"start":{"line":9,"column":4},"end":{"line":9,"column":16}},"8":{"start":{"line":13,"column":0},"end":{"line":17,"column":1}},"9":{"start":{"line":14,"column":2},"end":{"line":16,"column":5}},"10":{"start":{"line":19,"column":0},"end":{"line":19,"column":23}}},"fnMap":{"0":{"name":"(anonymous_0)","decl":{"start":{"line":3,"column":24},"end":{"line":3,"column":25}},"loc":{"start":{"line":3,"column":30},"end":{"line":11,"column":1}},"line":3}},"branchMap":{"0":{"loc":{"start":{"line":5,"column":2},"end":{"line":5,"column":24}},"type":"if","locations":[{"start":{"line":5,"column":2},"end":{"line":5,"column":24}},{"start":{},"end":{}}],"line":5},"1":{"loc":{"start":{"line":13,"column":0},"end":{"line":17,"column":1}},"type":"if","locations":[{"start":{"line":13,"column":0},"end":{"line":17,"column":1}},{"start":{},"end":{}}],"line":13}},"s":{"0":6,"1":6,"2":6,"3":6,"4":0,"5":6,"6":6,"7":0,"8":6,"9":6,"10":6},"f":{"0":6},"b":{"0":[0,6],"1":[6,0]},"_coverageSchema":"1a1c01bbd47fc00a2c39e90264f33305004495a9","hash":"34cfb3d6c00d12508d9e92b435ba0926aa7c7df7"}
,"/home/user/dicoding-aiweb/server/src/config/index.js": {"path":"/home/user/dicoding-aiweb/server/src/config/index.js","statementMap":{"0":{"start":{"line":1,"column":13},"end":{"line":1,"column":28}},"1":{"start":{"line":3,"column":17},"end":{"line":6,"column":1}},"2":{"start":{"line":8,"column":0},"end":{"line":10,"column":1}},"3":{"start":{"line":9,"column":2},"end":{"line":9,"column":40}},"4":{"start":{"line":12,"column":20},"end":{"line":12,"column":56}},"5":{"start":{"line":14,"column":22},"end":{"line":14,"column":99}},"6":{"start":{"line":15,"column":20},"end":{"line":15,"column":59}},"7":{"start":{"line":17,"column":17},"end":{"line":17,"column":69}},"8":{"start":{"line":18,"column":0},"end":{"line":20,"column":1}},"9":{"start":{"line":19,"column":2},"end":{"line":19,"column":34}},"10":{"start":{"line":21,"column":0},"end":{"line":26,"column":1}},"11":{"start":{"line":22,"column":2},"end":{"line":25,"column":3}},"12":{"start":{"line":23,"column":4},"end":{"line":23,"column":59}},"13":{"start":{"line":24,"column":4},"end":{"line":24,"column":20}},"14":{"start":{"line":28,"column":23},"end":{"line":29,"column":32}},"15":{"start":{"line":29,"column":23},"end":{"line":29,"column":31}},"16":{"start":{"line":31,"column":0},"end":{"line":60,"column":2}}},"fnMap":{"0":{"name":"(anonymous_0)","decl":{"start":{"line":29,"column":18},"end":{"line":29,"column":19}},"loc":{"start":{"line":29,"column":23},"end":{"line":29,"column":31}},"line":29}},"branchMap":{"0":{"loc":{"start":{"line":12,"column":20},"end":{"line":12,"column":56}},"type":"binary-expr","locations":[{"start":{"line":12,"column":20},"end":{"line":12,"column":44}},{"start":{"line":12,"column":48},"end":{"line":12,"column":56}}],"line":12},"1":{"loc":{"start":{"line":14,"column":23},"end":{"line":14,"column":78}},"type":"binary-expr","locations":[{"start":{"line":14,"column":23},"end":{"line":14,"column":50}},{"start":{"line":14,"column":54},"end":{"line":14,"column":78}}],"line":14},"2":{"loc":{"start":{"line":15,"column":21},"end":{"line":15,"column":51}},"type":"binary-expr","locations":[{"start":{"line":15,"column":21},"end":{"line":15,"column":45}},{"start":{"line":15,"column":49},"end":{"line":15,"column":51}}],"line":15},"3":{"loc":{"start":{"line":18,"column":0},"end":{"line":20,"column":1}},"type":"if","locations":[{"start":{"line":18,"column":0},"end":{"line":20,"column":1}},{"start":{},"end":{}}],"line":18},"4":{"loc":{"start":{"line":22,"column":2},"end":{"line":25,"column":3}},"type":"if","locations":[{"start":{"line":22,"column":2},"end":{"line":25,"column":3}},{"start":{},"end":{}}],"line":22},"5":{"loc":{"start":{"line":28,"column":24},"end":{"line":28,"column":100}},"type":"binary-expr","locations":[{"start":{"line":28,"column":24},"end":{"line":28,"column":51}},{"start":{"line":28,"column":55},"end":{"line":28,"column":100}}],"line":28},"6":{"loc":{"start":{"line":32,"column":11},"end":{"line":32,"column":48}},"type":"binary-expr","locations":[{"start":{"line":32,"column":11},"end":{"line":32,"column":31}},{"start":{"line":32,"column":35},"end":{"line":32,"column":48}}],"line":32},"7":{"loc":{"start":{"line":33,"column":8},"end":{"line":33,"column":46}},"type":"binary-expr","locations":[{"start":{"line":33,"column":8},"end":{"line":33,"column":38}},{"start":{"line":33,"column":42},"end":{"line":33,"column":46}}],"line":33},"8":{"loc":{"start":{"line":40,"column":14},"end":{"line":40,"column":46}},"type":"binary-expr","locations":[{"start":{"line":40,"column":14},"end":{"line":40,"column":40}},{"start":{"line":40,"column":44},"end":{"line":40,"column":46}}],"line":40},"9":{"loc":{"start":{"line":41,"column":15},"end":{"line":41,"column":66}},"type":"binary-expr","locations":[{"start":{"line":41,"column":15},"end":{"line":41,"column":39}},{"start":{"line":41,"column":43},"end":{"line":41,"column":66}}],"line":41},"10":{"loc":{"start":{"line":42,"column":18},"end":{"line":42,"column":55}},"type":"binary-expr","locations":[{"start":{"line":42,"column":18},"end":{"line":42,"column":49}},{"start":{"line":42,"column":53},"end":{"line":42,"column":55}}],"line":42},"11":{"loc":{"start":{"line":43,"column":19},"end":{"line":43,"column":75}},"type":"binary-expr","locations":[{"start":{"line":43,"column":19},"end":{"line":43,"column":48}},{"start":{"line":43,"column":52},"end":{"line":43,"column":75}}],"line":43},"12":{"loc":{"start":{"line":44,"column":11},"end":{"line":44,"column":40}},"type":"binary-expr","locations":[{"start":{"line":44,"column":11},"end":{"line":44,"column":34}},{"start":{"line":44,"column":38},"end":{"line":44,"column":40}}],"line":44},"13":{"loc":{"start":{"line":45,"column":12},"end":{"line":45,"column":52}},"type":"binary-expr","locations":[{"start":{"line":45,"column":12},"end":{"line":45,"column":33}},{"start":{"line":45,"column":37},"end":{"line":45,"column":52}}],"line":45},"14":{"loc":{"start":{"line":46,"column":14},"end":{"line":46,"column":89}},"type":"binary-expr","locations":[{"start":{"line":46,"column":14},"end":{"line":46,"column":38}},{"start":{"line":46,"column":42},"end":{"line":46,"column":89}}],"line":46},"15":{"loc":{"start":{"line":50,"column":4},"end":{"line":52,"column":49}},"type":"binary-expr","locations":[{"start":{"line":50,"column":4},"end":{"line":50,"column":50}},{"start":{"line":51,"column":4},"end":{"line":51,"column":42}},{"start":{"line":52,"column":4},"end":{"line":52,"column":49}}],"line":50},"16":{"loc":{"start":{"line":50,"column":5},"end":{"line":50,"column":42}},"type":"binary-expr","locations":[{"start":{"line":50,"column":5},"end":{"line":50,"column":36}},{"start":{"line":50,"column":40},"end":{"line":50,"column":42}}],"line":50},"17":{"loc":{"start":{"line":51,"column":5},"end":{"line":51,"column":34}},"type":"binary-expr","locations":[{"start":{"line":51,"column":5},"end":{"line":51,"column":28}},{"start":{"line":51,"column":32},"end":{"line":51,"column":34}}],"line":51},"18":{"loc":{"start":{"line":52,"column":5},"end":{"line":52,"column":41}},"type":"binary-expr","locations":[{"start":{"line":52,"column":5},"end":{"line":52,"column":35}},{"start":{"line":52,"column":39},"end":{"line":52,"column":41}}],"line":52},"19":{"loc":{"start":{"line":54,"column":17},"end":{"line":54,"column":70}},"type":"binary-expr","locations":[{"start":{"line":54,"column":17},"end":{"line":54,"column":62}},{"start":{"line":54,"column":66},"end":{"line":54,"column":70}}],"line":54},"20":{"loc":{"start":{"line":54,"column":18},"end":{"line":54,"column":54}},"type":"binary-expr","locations":[{"start":{"line":54,"column":18},"end":{"line":54,"column":48}},{"start":{"line":54,"column":52},"end":{"line":54,"column":54}}],"line":54},"21":{"loc":{"start":{"line":55,"column":19},"end":{"line":55,"column":90}},"type":"binary-expr","locations":[{"start":{"line":55,"column":19},"end":{"line":55,"column":47}},{"start":{"line":55,"column":51},"end":{"line":55,"column":90}}],"line":55},"22":{"loc":{"start":{"line":58,"column":17},"end":{"line":58,"column":50}},"type":"binary-expr","locations":[{"start":{"line":58,"column":17},"end":{"line":58,"column":44}},{"start":{"line":58,"column":48},"end":{"line":58,"column":50}}],"line":58},"23":{"loc":{"start":{"line":59,"column":21},"end":{"line":59,"column":68}},"type":"binary-expr","locations":[{"start":{"line":59,"column":21},"end":{"line":59,"column":52}},{"start":{"line":59,"column":56},"end":{"line":59,"column":68}}],"line":59}},"s":{"0":28,"1":28,"2":28,"3":56,"4":28,"5":28,"6":28,"7":28,"8":28,"9":0,"10":28,"11":84,"12":0,"13":0,"14":28,"15":56,"16":28},"f":{"0":56},"b":{"0":[28,0],"1":[28,28],"2":[28,28],"3":[0,28],"4":[0,84],"5":[28,0],"6":[28,0],"7":[28,0],"8":[28,0],"9":[28,0],"10":[28,0],"11":[28,0],"12":[28,0],"13":[28,0],"14":[28,0],"15":[28,0,0],"16":[28,0],"17":[0,0],"18":[0,0],"19":[28,0],"20":[28,0],"21":[28,0],"22":[28,28],"23":[28,28]},"_coverageSchema":"1a1c01bbd47fc00a2c39e90264f33305004495a9","hash":"56f2d387c33c9fa8a4a0e9d1cd27c1bd00d2f9b0"}
,"/home/user/dicoding-aiweb/server/src/middleware/authenticate.js": {"path":"/home/user/dicoding-aiweb/server/src/middleware/authenticate.js","statementMap":{"0":{"start":{"line":1,"column":12},"end":{"line":1,"column":35}},"1":{"start":{"line":2,"column":15},"end":{"line":2,"column":35}},"2":{"start":{"line":5,"column":21},"end":{"line":5,"column":46}},"3":{"start":{"line":6,"column":2},"end":{"line":8,"column":3}},"4":{"start":{"line":7,"column":4},"end":{"line":7,"column":118}},"5":{"start":{"line":10,"column":16},"end":{"line":10,"column":35}},"6":{"start":{"line":11,"column":2},"end":{"line":17,"column":3}},"7":{"start":{"line":12,"column":20},"end":{"line":12,"column":55}},"8":{"start":{"line":13,"column":4},"end":{"line":13,"column":56}},"9":{"start":{"line":14,"column":4},"end":{"line":14,"column":11}},"10":{"start":{"line":16,"column":4},"end":{"line":16,"column":122}},"11":{"start":{"line":20,"column":0},"end":{"line":20,"column":34}}},"fnMap":{"0":{"name":"authenticate","decl":{"start":{"line":4,"column":9},"end":{"line":4,"column":21}},"loc":{"start":{"line":4,"column":38},"end":{"line":18,"column":1}},"line":4}},"branchMap":{"0":{"loc":{"start":{"line":6,"column":2},"end":{"line":8,"column":3}},"type":"if","locations":[{"start":{"line":6,"column":2},"end":{"line":8,"column":3}},{"start":{},"end":{}}],"line":6},"1":{"loc":{"start":{"line":6,"column":6},"end":{"line":6,"column":54}},"type":"binary-expr","locations":[{"start":{"line":6,"column":6},"end":{"line":6,"column":17}},{"start":{"line":6,"column":21},"end":{"line":6,"column":54}}],"line":6}},"s":{"0":6,"1":6,"2":41,"3":41,"4":21,"5":20,"6":20,"7":20,"8":19,"9":19,"10":1,"11":6},"f":{"0":41},"b":{"0":[21,20],"1":[41,20]},"_coverageSchema":"1a1c01bbd47fc00a2c39e90264f33305004495a9","hash":"07750a8ade6948a37880348a88ab472aa99f7acb"}
,"/home/user/dicoding-aiweb/server/src/middleware/errorHandler.js": {"path":"/home/user/dicoding-aiweb/server/src/middleware/errorHandler.js","statementMap":{"0":{"start":{"line":1,"column":15},"end":{"line":1,"column":41}},"1":{"start":{"line":4,"column":15},"end":{"line":4,"column":40}},"2":{"start":{"line":5,"column":2},"end":{"line":7,"column":3}},"3":{"start":{"line":6,"column":4},"end":{"line":6,"column":35}},"4":{"start":{"line":8,"column":2},"end":{"line":8,"column":14}},"5":{"start":{"line":12,"column":20},"end":{"line":12,"column":46}},"6":{"start":{"line":14,"column":2},"end":{"line":20,"column":3}},"7":{"start":{"line":15,"column":4},"end":{"line":19,"column":7}},"8":{"start":{"line":22,"column":2},"end":{"line":28,"column":3}},"9":{"start":{"line":23,"column":4},"end":{"line":27,"column":7}},"10":{"start":{"line":30,"column":2},"end":{"line":36,"column":3}},"11":{"start":{"line":31,"column":4},"end":{"line":35,"column":7}},"12":{"start":{"line":38,"column":2},"end":{"line":44,"column":3}},"13":{"start":{"line":39,"column":4},"end":{"line":43,"column":7}},"14":{"start":{"line":46,"column":2},"end":{"line":52,"column":3}},"15":{"start":{"line":47,"column":4},"end":{"line":51,"column":7}},"16":{"start":{"line":54,"column":2},"end":{"line":60,"column":3}},"17":{"start":{"line":55,"column":4},"end":{"line":59,"column":7}},"18":{"start":{"line":62,"column":21},"end":{"line":62,"column":56}},"19":{"start":{"line":63,"column":18},"end":{"line":63,"column":56}},"20":{"start":{"line":65,"column":2},"end":{"line":65,"column":78}},"21":{"start":{"line":67,"column":2},"end":{"line":74,"column":5}},"22":{"start":{"line":77,"column":0},"end":{"line":77,"column":34}}},"fnMap":{"0":{"name":"buildMeta","decl":{"start":{"line":3,"column":9},"end":{"line":3,"column":18}},"loc":{"start":{"line":3,"column":35},"end":{"line":9,"column":1}},"line":3},"1":{"name":"errorHandler","decl":{"start":{"line":11,"column":9},"end":{"line":11,"column":21}},"loc":{"start":{"line":11,"column":43},"end":{"line":75,"column":1}},"line":11}},"branchMap":{"0":{"loc":{"start":{"line":5,"column":2},"end":{"line":7,"column":3}},"type":"if","locations":[{"start":{"line":5,"column":2},"end":{"line":7,"column":3}},{"start":{},"end":{}}],"line":5},"1":{"loc":{"start":{"line":12,"column":20},"end":{"line":12,"column":46}},"type":"binary-expr","locations":[{"start":{"line":12,"column":20},"end":{"line":12,"column":33}},{"start":{"line":12,"column":37},"end":{"line":12,"column":46}}],"line":12},"2":{"loc":{"start":{"line":14,"column":2},"end":{"line":20,"column":3}},"type":"if","locations":[{"start":{"line":14,"column":2},"end":{"line":20,"column":3}},{"start":{},"end":{}}],"line":14},"3":{"loc":{"start":{"line":17,"column":50},"end":{"line":17,"column":95}},"type":"binary-expr","locations":[{"start":{"line":17,"column":50},"end":{"line":17,"column":72}},{"start":{"line":17,"column":76},"end":{"line":17,"column":95}}],"line":17},"4":{"loc":{"start":{"line":22,"column":2},"end":{"line":28,"column":3}},"type":"if","locations":[{"start":{"line":22,"column":2},"end":{"line":28,"column":3}},{"start":{},"end":{}}],"line":22},"5":{"loc":{"start":{"line":30,"column":2},"end":{"line":36,"column":3}},"type":"if","locations":[{"start":{"line":30,"column":2},"end":{"line":36,"column":3}},{"start":{},"end":{}}],"line":30},"6":{"loc":{"start":{"line":38,"column":2},"end":{"line":44,"column":3}},"type":"if","locations":[{"start":{"line":38,"column":2},"end":{"line":44,"column":3}},{"start":{},"end":{}}],"line":38},"7":{"loc":{"start":{"line":46,"column":2},"end":{"line":52,"column":3}},"type":"if","locations":[{"start":{"line":46,"column":2},"end":{"line":52,"column":3}},{"start":{},"end":{}}],"line":46},"8":{"loc":{"start":{"line":54,"column":2},"end":{"line":60,"column":3}},"type":"if","locations":[{"start":{"line":54,"column":2},"end":{"line":60,"column":3}},{"start":{},"end":{}}],"line":54},"9":{"loc":{"start":{"line":62,"column":21},"end":{"line":62,"column":56}},"type":"binary-expr","locations":[{"start":{"line":62,"column":21},"end":{"line":62,"column":35}},{"start":{"line":62,"column":39},"end":{"line":62,"column":49}},{"start":{"line":62,"column":53},"end":{"line":62,"column":56}}],"line":62},"10":{"loc":{"start":{"line":63,"column":18},"end":{"line":63,"column":56}},"type":"binary-expr","locations":[{"start":{"line":63,"column":18},"end":{"line":63,"column":29}},{"start":{"line":63,"column":33},"end":{"line":63,"column":56}}],"line":63},"11":{"loc":{"start":{"line":70,"column":12},"end":{"line":70,"column":40}},"type":"binary-expr","locations":[{"start":{"line":70,"column":12},"end":{"line":70,"column":20}},{"start":{"line":70,"column":24},"end":{"line":70,"column":40}}],"line":70},"12":{"loc":{"start":{"line":71,"column":15},"end":{"line":71,"column":88}},"type":"cond-expr","locations":[{"start":{"line":71,"column":55},"end":{"line":71,"column":78}},{"start":{"line":71,"column":81},"end":{"line":71,"column":88}}],"line":71}},"s":{"0":7,"1":30,"2":30,"3":1,"4":30,"5":30,"6":30,"7":5,"8":25,"9":1,"10":24,"11":1,"12":23,"13":1,"14":22,"15":1,"16":21,"17":1,"18":20,"19":20,"20":20,"21":20,"22":7},"f":{"0":30,"1":30},"b":{"0":[1,29],"1":[30,1],"2":[5,25],"3":[5,1],"4":[1,24],"5":[1,23],"6":[1,22],"7":[1,21],"8":[1,20],"9":[20,18,18],"10":[20,0],"11":[20,4],"12":[0,20]},"_coverageSchema":"1a1c01bbd47fc00a2c39e90264f33305004495a9","hash":"77ea415fbf85520a000eaaafe372c1d36f23728c"}
,"/home/user/dicoding-aiweb/server/src/middleware/metricsAuth.js": {"path":"/home/user/dicoding-aiweb/server/src/middleware/metricsAuth.js","statementMap":{"0":{"start":{"line":2,"column":17},"end":{"line":2,"column":37}},"1":{"start":{"line":3,"column":2},"end":{"line":3,"column":43}},"2":{"start":{"line":3,"column":29},"end":{"line":3,"column":43}},"3":{"start":{"line":5,"column":14},"end":{"line":5,"column":42}},"4":{"start":{"line":6,"column":2},"end":{"line":8,"column":3}},"5":{"start":{"line":7,"column":4},"end":{"line":7,"column":114}},"6":{"start":{"line":9,"column":2},"end":{"line":9,"column":9}},"7":{"start":{"line":12,"column":0},"end":{"line":12,"column":33}}},"fnMap":{"0":{"name":"metricsAuth","decl":{"start":{"line":1,"column":9},"end":{"line":1,"column":20}},"loc":{"start":{"line":1,"column":37},"end":{"line":10,"column":1}},"line":1}},"branchMap":{"0":{"loc":{"start":{"line":3,"column":2},"end":{"line":3,"column":43}},"type":"if","locations":[{"start":{"line":3,"column":2},"end":{"line":3,"column":43}},{"start":{},"end":{}}],"line":3},"1":{"loc":{"start":{"line":6,"column":2},"end":{"line":8,"column":3}},"type":"if","locations":[{"start":{"line":6,"column":2},"end":{"line":8,"column":3}},{"start":{},"end":{}}],"line":6}},"s":{"0":5,"1":5,"2":3,"3":2,"4":2,"5":1,"6":1,"7":9},"f":{"0":5},"b":{"0":[3,2],"1":[1,1]},"_coverageSchema":"1a1c01bbd47fc00a2c39e90264f33305004495a9","hash":"7797c404dd59d12cb627ac7655d96be3f4b55651"}
,"/home/user/dicoding-aiweb/server/src/middleware/rateLimiter.js": {"path":"/home/user/dicoding-aiweb/server/src/middleware/rateLimiter.js","statementMap":{"0":{"start":{"line":1,"column":18},"end":{"line":1,"column":47}},"1":{"start":{"line":2,"column":23},"end":{"line":2,"column":50}},"2":{"start":{"line":3,"column":38},"end":{"line":3,"column":66}},"3":{"start":{"line":4,"column":15},"end":{"line":4,"column":41}},"4":{"start":{"line":7,"column":2},"end":{"line":27,"column":5}},"5":{"start":{"line":14,"column":8},"end":{"line":21,"column":9}},"6":{"start":{"line":15,"column":10},"end":{"line":15,"column":31}},"7":{"start":{"line":16,"column":10},"end":{"line":16,"column":53}},"8":{"start":{"line":19,"column":10},"end":{"line":19,"column":73}},"9":{"start":{"line":20,"column":10},"end":{"line":20,"column":20}},"10":{"start":{"line":30,"column":20},"end":{"line":38,"column":2}},"11":{"start":{"line":34,"column":25},"end":{"line":34,"column":31}},"12":{"start":{"line":36,"column":4},"end":{"line":36,"column":113}},"13":{"start":{"line":40,"column":18},"end":{"line":48,"column":2}},"14":{"start":{"line":44,"column":25},"end":{"line":44,"column":47}},"15":{"start":{"line":46,"column":4},"end":{"line":46,"column":111}},"16":{"start":{"line":50,"column":0},"end":{"line":50,"column":44}}},"fnMap":{"0":{"name":"makeLimiter","decl":{"start":{"line":6,"column":9},"end":{"line":6,"column":20}},"loc":{"start":{"line":6,"column":27},"end":{"line":28,"column":1}},"line":6},"1":{"name":"(anonymous_1)","decl":{"start":{"line":13,"column":19},"end":{"line":13,"column":20}},"loc":{"start":{"line":13,"column":38},"end":{"line":22,"column":7}},"line":13},"2":{"name":"(anonymous_2)","decl":{"start":{"line":34,"column":16},"end":{"line":34,"column":17}},"loc":{"start":{"line":34,"column":25},"end":{"line":34,"column":31}},"line":34},"3":{"name":"(anonymous_3)","decl":{"start":{"line":35,"column":11},"end":{"line":35,"column":12}},"loc":{"start":{"line":35,"column":25},"end":{"line":37,"column":3}},"line":35},"4":{"name":"(anonymous_4)","decl":{"start":{"line":44,"column":16},"end":{"line":44,"column":17}},"loc":{"start":{"line":44,"column":25},"end":{"line":44,"column":47}},"line":44},"5":{"name":"(anonymous_5)","decl":{"start":{"line":45,"column":11},"end":{"line":45,"column":12}},"loc":{"start":{"line":45,"column":25},"end":{"line":47,"column":3}},"line":45}},"branchMap":{"0":{"loc":{"start":{"line":44,"column":25},"end":{"line":44,"column":47}},"type":"binary-expr","locations":[{"start":{"line":44,"column":25},"end":{"line":44,"column":37}},{"start":{"line":44,"column":41},"end":{"line":44,"column":47}}],"line":44}},"s":{"0":6,"1":6,"2":6,"3":6,"4":12,"5":37,"6":37,"7":37,"8":0,"9":0,"10":6,"11":11,"12":11,"13":6,"14":2,"15":0,"16":6},"f":{"0":12,"1":37,"2":11,"3":11,"4":2,"5":0},"b":{"0":[2,2]},"_coverageSchema":"1a1c01bbd47fc00a2c39e90264f33305004495a9","hash":"d01726a401e954c8351e5ede2e78f05be9ccdaca"}
,"/home/user/dicoding-aiweb/server/src/middleware/requestLogger.js": {"path":"/home/user/dicoding-aiweb/server/src/middleware/requestLogger.js","statementMap":{"0":{"start":{"line":1,"column":23},"end":{"line":1,"column":40}},"1":{"start":{"line":2,"column":15},"end":{"line":2,"column":41}},"2":{"start":{"line":3,"column":42},"end":{"line":3,"column":69}},"3":{"start":{"line":6,"column":2},"end":{"line":6,"column":31}},"4":{"start":{"line":7,"column":16},"end":{"line":7,"column":26}},"5":{"start":{"line":9,"column":2},"end":{"line":24,"column":5}},"6":{"start":{"line":10,"column":23},"end":{"line":10,"column":41}},"7":{"start":{"line":11,"column":18},"end":{"line":11,"column":85}},"8":{"start":{"line":13,"column":4},"end":{"line":13,"column":85}},"9":{"start":{"line":14,"column":4},"end":{"line":14,"column":74}},"10":{"start":{"line":16,"column":4},"end":{"line":23,"column":7}},"11":{"start":{"line":26,"column":2},"end":{"line":26,"column":9}},"12":{"start":{"line":29,"column":0},"end":{"line":29,"column":35}}},"fnMap":{"0":{"name":"requestLogger","decl":{"start":{"line":5,"column":9},"end":{"line":5,"column":22}},"loc":{"start":{"line":5,"column":39},"end":{"line":27,"column":1}},"line":5},"1":{"name":"(anonymous_1)","decl":{"start":{"line":9,"column":19},"end":{"line":9,"column":20}},"loc":{"start":{"line":9,"column":25},"end":{"line":24,"column":3}},"line":9}},"branchMap":{"0":{"loc":{"start":{"line":11,"column":18},"end":{"line":11,"column":85}},"type":"cond-expr","locations":[{"start":{"line":11,"column":30},"end":{"line":11,"column":74}},{"start":{"line":11,"column":77},"end":{"line":11,"column":85}}],"line":11},"1":{"loc":{"start":{"line":11,"column":31},"end":{"line":11,"column":48}},"type":"binary-expr","locations":[{"start":{"line":11,"column":31},"end":{"line":11,"column":42}},{"start":{"line":11,"column":46},"end":{"line":11,"column":48}}],"line":11},"2":{"loc":{"start":{"line":11,"column":53},"end":{"line":11,"column":73}},"type":"binary-expr","locations":[{"start":{"line":11,"column":53},"end":{"line":11,"column":67}},{"start":{"line":11,"column":71},"end":{"line":11,"column":73}}],"line":11},"3":{"loc":{"start":{"line":22,"column":15},"end":{"line":22,"column":35}},"type":"binary-expr","locations":[{"start":{"line":22,"column":15},"end":{"line":22,"column":27}},{"start":{"line":22,"column":31},"end":{"line":22,"column":35}}],"line":22}},"s":{"0":6,"1":6,"2":6,"3":56,"4":56,"5":56,"6":56,"7":56,"8":56,"9":56,"10":56,"11":56,"12":6},"f":{"0":56,"1":56},"b":{"0":[23,33],"1":[23,19],"2":[23,0],"3":[56,37]},"_coverageSchema":"1a1c01bbd47fc00a2c39e90264f33305004495a9","hash":"2b8274433a39c65404f63254c0c1327cd19dcedf"}
,"/home/user/dicoding-aiweb/server/src/middleware/responseEnricher.js": {"path":"/home/user/dicoding-aiweb/server/src/middleware/responseEnricher.js","statementMap":{"0":{"start":{"line":2,"column":23},"end":{"line":2,"column":41}},"1":{"start":{"line":3,"column":2},"end":{"line":9,"column":4}},"2":{"start":{"line":4,"column":4},"end":{"line":7,"column":5}},"3":{"start":{"line":5,"column":6},"end":{"line":5,"column":37}},"4":{"start":{"line":5,"column":22},"end":{"line":5,"column":37}},"5":{"start":{"line":6,"column":6},"end":{"line":6,"column":70}},"6":{"start":{"line":6,"column":33},"end":{"line":6,"column":70}},"7":{"start":{"line":8,"column":4},"end":{"line":8,"column":30}},"8":{"start":{"line":10,"column":2},"end":{"line":10,"column":9}},"9":{"start":{"line":13,"column":0},"end":{"line":13,"column":38}}},"fnMap":{"0":{"name":"responseEnricher","decl":{"start":{"line":1,"column":9},"end":{"line":1,"column":25}},"loc":{"start":{"line":1,"column":42},"end":{"line":11,"column":1}},"line":1},"1":{"name":"(anonymous_1)","decl":{"start":{"line":3,"column":13},"end":{"line":3,"column":14}},"loc":{"start":{"line":3,"column":29},"end":{"line":9,"column":3}},"line":3}},"branchMap":{"0":{"loc":{"start":{"line":4,"column":4},"end":{"line":7,"column":5}},"type":"if","locations":[{"start":{"line":4,"column":4},"end":{"line":7,"column":5}},{"start":{},"end":{}}],"line":4},"1":{"loc":{"start":{"line":4,"column":8},"end":{"line":4,"column":40}},"type":"binary-expr","locations":[{"start":{"line":4,"column":8},"end":{"line":4,"column":12}},{"start":{"line":4,"column":16},"end":{"line":4,"column":40}}],"line":4},"2":{"loc":{"start":{"line":5,"column":6},"end":{"line":5,"column":37}},"type":"if","locations":[{"start":{"line":5,"column":6},"end":{"line":5,"column":37}},{"start":{},"end":{}}],"line":5},"3":{"loc":{"start":{"line":6,"column":6},"end":{"line":6,"column":70}},"type":"if","locations":[{"start":{"line":6,"column":6},"end":{"line":6,"column":70}},{"start":{},"end":{}}],"line":6}},"s":{"0":56,"1":56,"2":54,"3":54,"4":35,"5":54,"6":35,"7":54,"8":56,"9":6},"f":{"0":56,"1":54},"b":{"0":[54,0],"1":[54,54],"2":[35,19],"3":[35,19]},"_coverageSchema":"1a1c01bbd47fc00a2c39e90264f33305004495a9","hash":"a869fa286120e071c1a5cd13b8f5a5d868e017ef"}
,"/home/user/dicoding-aiweb/server/src/models/ai-recommendation.model.js": {"path":"/home/user/dicoding-aiweb/server/src/models/ai-recommendation.model.js","statementMap":{"0":{"start":{"line":1,"column":14},"end":{"line":1,"column":28}},"1":{"start":{"line":3,"column":33},"end":{"line":3,"column":76}},"2":{"start":{"line":5,"column":31},"end":{"line":15,"column":2}},"3":{"start":{"line":17,"column":26},"end":{"line":20,"column":2}},"4":{"start":{"line":22,"column":0},"end":{"line":26,"column":2}}},"fnMap":{},"branchMap":{},"s":{"0":6,"1":6,"2":6,"3":6,"4":6},"f":{},"b":{},"_coverageSchema":"1a1c01bbd47fc00a2c39e90264f33305004495a9","hash":"115d4455ddc3d1aa1670ea69bd7d32b5b6340a45"}
,"/home/user/dicoding-aiweb/server/src/models/audit-log.model.js": {"path":"/home/user/dicoding-aiweb/server/src/models/audit-log.model.js","statementMap":{"0":{"start":{"line":1,"column":14},"end":{"line":1,"column":28}},"1":{"start":{"line":3,"column":23},"end":{"line":10,"column":2}},"2":{"start":{"line":12,"column":0},"end":{"line":12,"column":36}}},"fnMap":{},"branchMap":{},"s":{"0":1,"1":1,"2":1},"f":{},"b":{},"_coverageSchema":"1a1c01bbd47fc00a2c39e90264f33305004495a9","hash":"ef3ee22293372d0ad9e8c1b2b43a844226f47a64"}
,"/home/user/dicoding-aiweb/server/src/models/chat-message.model.js": {"path":"/home/user/dicoding-aiweb/server/src/models/chat-message.model.js","statementMap":{"0":{"start":{"line":1,"column":14},"end":{"line":1,"column":28}},"1":{"start":{"line":3,"column":24},"end":{"line":3,"column":83}},"2":{"start":{"line":5,"column":26},"end":{"line":13,"column":2}},"3":{"start":{"line":15,"column":0},"end":{"line":15,"column":56}}},"fnMap":{},"branchMap":{},"s":{"0":1,"1":1,"2":1,"3":1},"f":{},"b":{},"_coverageSchema":"1a1c01bbd47fc00a2c39e90264f33305004495a9","hash":"1754dae215a5a310aa8316b7c605e05a19dd9e4a"}
,"/home/user/dicoding-aiweb/server/src/models/coach.model.js": {"path":"/home/user/dicoding-aiweb/server/src/models/coach.model.js","statementMap":{"0":{"start":{"line":1,"column":14},"end":{"line":1,"column":28}},"1":{"start":{"line":3,"column":24},"end":{"line":7,"column":2}},"2":{"start":{"line":9,"column":26},"end":{"line":14,"column":2}},"3":{"start":{"line":16,"column":0},"end":{"line":16,"column":56}}},"fnMap":{},"branchMap":{},"s":{"0":7,"1":7,"2":7,"3":7},"f":{},"b":{},"_coverageSchema":"1a1c01bbd47fc00a2c39e90264f33305004495a9","hash":"37e9ab93f124b8b3c18248187712c73d9f9c83e2"}
,"/home/user/dicoding-aiweb/server/src/models/goal.model.js": {"path":"/home/user/dicoding-aiweb/server/src/models/goal.model.js","statementMap":{"0":{"start":{"line":1,"column":14},"end":{"line":1,"column":28}},"1":{"start":{"line":3,"column":23},"end":{"line":3,"column":66}},"2":{"start":{"line":5,"column":19},"end":{"line":14,"column":2}},"3":{"start":{"line":16,"column":25},"end":{"line":20,"column":2}},"4":{"start":{"line":22,"column":25},"end":{"line":27,"column":2}},"5":{"start":{"line":29,"column":0},"end":{"line":34,"column":2}}},"fnMap":{},"branchMap":{},"s":{"0":7,"1":7,"2":7,"3":7,"4":7,"5":7},"f":{},"b":{},"_coverageSchema":"1a1c01bbd47fc00a2c39e90264f33305004495a9","hash":"477006b0c182bb949d07ea14da75df8b13d6d415"}
,"/home/user/dicoding-aiweb/server/src/models/llm.model.js": {"path":"/home/user/dicoding-aiweb/server/src/models/llm.model.js","statementMap":{"0":{"start":{"line":1,"column":14},"end":{"line":1,"column":28}},"1":{"start":{"line":2,"column":26},"end":{"line":2,"column":49}},"2":{"start":{"line":4,"column":19},"end":{"line":9,"column":2}},"3":{"start":{"line":11,"column":25},"end":{"line":14,"column":2}},"4":{"start":{"line":16,"column":27},"end":{"line":19,"column":2}},"5":{"start":{"line":21,"column":0},"end":{"line":21,"column":70}}},"fnMap":{},"branchMap":{},"s":{"0":7,"1":7,"2":7,"3":7,"4":7,"5":7},"f":{},"b":{},"_coverageSchema":"1a1c01bbd47fc00a2c39e90264f33305004495a9","hash":"ef27f34a1ab0203820979fa3a6e43bcb731b1731"}
,"/home/user/dicoding-aiweb/server/src/models/plan-snapshot.model.js": {"path":"/home/user/dicoding-aiweb/server/src/models/plan-snapshot.model.js","statementMap":{"0":{"start":{"line":1,"column":14},"end":{"line":1,"column":28}},"1":{"start":{"line":3,"column":27},"end":{"line":11,"column":2}},"2":{"start":{"line":13,"column":0},"end":{"line":13,"column":40}}},"fnMap":{},"branchMap":{},"s":{"0":1,"1":1,"2":1},"f":{},"b":{},"_coverageSchema":"1a1c01bbd47fc00a2c39e90264f33305004495a9","hash":"1ed8ba2650688648f2bcaa73e25a12f5e9b2b544"}
,"/home/user/dicoding-aiweb/server/src/models/profile.model.js": {"path":"/home/user/dicoding-aiweb/server/src/models/profile.model.js","statementMap":{"0":{"start":{"line":1,"column":14},"end":{"line":1,"column":28}},"1":{"start":{"line":3,"column":26},"end":{"line":3,"column":69}},"2":{"start":{"line":5,"column":22},"end":{"line":12,"column":2}},"3":{"start":{"line":14,"column":0},"end":{"line":17,"column":2}}},"fnMap":{},"branchMap":{},"s":{"0":1,"1":1,"2":1,"3":1},"f":{},"b":{},"_coverageSchema":"1a1c01bbd47fc00a2c39e90264f33305004495a9","hash":"c0f1092f7e3c30dba9e48470788cccba1553e489"}
,"/home/user/dicoding-aiweb/server/src/models/progress-snapshot.model.js": {"path":"/home/user/dicoding-aiweb/server/src/models/progress-snapshot.model.js","statementMap":{"0":{"start":{"line":1,"column":14},"end":{"line":1,"column":28}},"1":{"start":{"line":3,"column":31},"end":{"line":11,"column":2}},"2":{"start":{"line":13,"column":0},"end":{"line":13,"column":44}}},"fnMap":{},"branchMap":{},"s":{"0":1,"1":1,"2":1},"f":{},"b":{},"_coverageSchema":"1a1c01bbd47fc00a2c39e90264f33305004495a9","hash":"164705f552edc1bbf6989f585750d7320d16d75a"}
,"/home/user/dicoding-aiweb/server/src/models/refresh-token.model.js": {"path":"/home/user/dicoding-aiweb/server/src/models/refresh-token.model.js","statementMap":{"0":{"start":{"line":1,"column":14},"end":{"line":1,"column":28}},"1":{"start":{"line":3,"column":27},"end":{"line":9,"column":2}},"2":{"start":{"line":11,"column":0},"end":{"line":11,"column":40}}},"fnMap":{},"branchMap":{},"s":{"0":1,"1":1,"2":1},"f":{},"b":{},"_coverageSchema":"1a1c01bbd47fc00a2c39e90264f33305004495a9","hash":"a1c80fc873b5ee2d876436950c671d1ac46381f6"}
,"/home/user/dicoding-aiweb/server/src/models/student-metrics.model.js": {"path":"/home/user/dicoding-aiweb/server/src/models/student-metrics.model.js","statementMap":{"0":{"start":{"line":1,"column":14},"end":{"line":1,"column":28}},"1":{"start":{"line":3,"column":29},"end":{"line":17,"column":2}},"2":{"start":{"line":19,"column":0},"end":{"line":19,"column":42}}},"fnMap":{},"branchMap":{},"s":{"0":1,"1":1,"2":1},"f":{},"b":{},"_coverageSchema":"1a1c01bbd47fc00a2c39e90264f33305004495a9","hash":"dfd77a9b576f79e7109d50109a5c5d5001ff661c"}
,"/home/user/dicoding-aiweb/server/src/models/task.model.js": {"path":"/home/user/dicoding-aiweb/server/src/models/task.model.js","statementMap":{"0":{"start":{"line":1,"column":14},"end":{"line":1,"column":28}},"1":{"start":{"line":3,"column":23},"end":{"line":3,"column":86}},"2":{"start":{"line":4,"column":23},"end":{"line":4,"column":56}},"3":{"start":{"line":5,"column":24},"end":{"line":5,"column":67}},"4":{"start":{"line":6,"column":21},"end":{"line":6,"column":121}},"5":{"start":{"line":8,"column":19},"end":{"line":30,"column":2}},"6":{"start":{"line":32,"column":25},"end":{"line":39,"column":2}},"7":{"start":{"line":41,"column":25},"end":{"line":50,"column":2}},"8":{"start":{"line":52,"column":22},"end":{"line":64,"column":2}},"9":{"start":{"line":66,"column":0},"end":{"line":75,"column":2}}},"fnMap":{},"branchMap":{},"s":{"0":8,"1":8,"2":8,"3":8,"4":8,"5":8,"6":8,"7":8,"8":8,"9":8},"f":{},"b":{},"_coverageSchema":"1a1c01bbd47fc00a2c39e90264f33305004495a9","hash":"13777b06cbe1536c9388f13a5716ce586cd2bc19"}
,"/home/user/dicoding-aiweb/server/src/models/user.model.js": {"path":"/home/user/dicoding-aiweb/server/src/models/user.model.js","statementMap":{"0":{"start":{"line":1,"column":14},"end":{"line":1,"column":28}},"1":{"start":{"line":3,"column":19},"end":{"line":10,"column":2}},"2":{"start":{"line":12,"column":23},"end":{"line":20,"column":2}},"3":{"start":{"line":22,"column":20},"end":{"line":25,"column":2}},"4":{"start":{"line":27,"column":0},"end":{"line":31,"column":2}}},"fnMap":{},"branchMap":{},"s":{"0":7,"1":7,"2":7,"3":7,"4":7},"f":{},"b":{},"_coverageSchema":"1a1c01bbd47fc00a2c39e90264f33305004495a9","hash":"e60c0ea1d3b9df78cb9cf62684850ab3d15952ae"}
,"/home/user/dicoding-aiweb/server/src/repositories/ai-recommendation.repo.js": {"path":"/home/user/dicoding-aiweb/server/src/repositories/ai-recommendation.repo.js","statementMap":{"0":{"start":{"line":1,"column":11},"end":{"line":1,"column":27}},"1":{"start":{"line":4,"column":15},"end":{"line":4,"column":42}},"2":{"start":{"line":5,"column":17},"end":{"line":9,"column":3}},"3":{"start":{"line":10,"column":2},"end":{"line":10,"column":32}},"4":{"start":{"line":14,"column":17},"end":{"line":19,"column":3}},"5":{"start":{"line":20,"column":2},"end":{"line":20,"column":24}},"6":{"start":{"line":24,"column":17},"end":{"line":28,"column":3}},"7":{"start":{"line":29,"column":2},"end":{"line":29,"column":24}},"8":{"start":{"line":33,"column":17},"end":{"line":37,"column":3}},"9":{"start":{"line":38,"column":2},"end":{"line":38,"column":24}},"10":{"start":{"line":42,"column":17},"end":{"line":49,"column":4}},"11":{"start":{"line":50,"column":2},"end":{"line":50,"column":82}},"12":{"start":{"line":53,"column":0},"end":{"line":53,"column":94}}},"fnMap":{"0":{"name":"findByIdAndUserId","decl":{"start":{"line":3,"column":15},"end":{"line":3,"column":32}},"loc":{"start":{"line":3,"column":53},"end":{"line":11,"column":1}},"line":3},"1":{"name":"create","decl":{"start":{"line":13,"column":15},"end":{"line":13,"column":21}},"loc":{"start":{"line":13,"column":89},"end":{"line":21,"column":1}},"line":13},"2":{"name":"updateStatus","decl":{"start":{"line":23,"column":15},"end":{"line":23,"column":27}},"loc":{"start":{"line":23,"column":48},"end":{"line":30,"column":1}},"line":23},"3":{"name":"updateOutput","decl":{"start":{"line":32,"column":15},"end":{"line":32,"column":27}},"loc":{"start":{"line":32,"column":48},"end":{"line":39,"column":1}},"line":32},"4":{"name":"computeAllMetrics","decl":{"start":{"line":41,"column":15},"end":{"line":41,"column":32}},"loc":{"start":{"line":41,"column":35},"end":{"line":51,"column":1}},"line":41}},"branchMap":{"0":{"loc":{"start":{"line":4,"column":15},"end":{"line":4,"column":42}},"type":"cond-expr","locations":[{"start":{"line":4,"column":24},"end":{"line":4,"column":37}},{"start":{"line":4,"column":40},"end":{"line":4,"column":42}}],"line":4},"1":{"loc":{"start":{"line":10,"column":9},"end":{"line":10,"column":31}},"type":"binary-expr","locations":[{"start":{"line":10,"column":9},"end":{"line":10,"column":23}},{"start":{"line":10,"column":27},"end":{"line":10,"column":31}}],"line":10},"2":{"loc":{"start":{"line":17,"column":14},"end":{"line":17,"column":29}},"type":"binary-expr","locations":[{"start":{"line":17,"column":14},"end":{"line":17,"column":21}},{"start":{"line":17,"column":25},"end":{"line":17,"column":29}}],"line":17},"3":{"loc":{"start":{"line":17,"column":60},"end":{"line":17,"column":74}},"type":"binary-expr","locations":[{"start":{"line":17,"column":60},"end":{"line":17,"column":66}},{"start":{"line":17,"column":70},"end":{"line":17,"column":74}}],"line":17},"4":{"loc":{"start":{"line":50,"column":9},"end":{"line":50,"column":81}},"type":"binary-expr","locations":[{"start":{"line":50,"column":9},"end":{"line":50,"column":23}},{"start":{"line":50,"column":27},"end":{"line":50,"column":81}}],"line":50}},"s":{"0":7,"1":3,"2":3,"3":3,"4":2,"5":2,"6":1,"7":1,"8":1,"9":1,"10":2,"11":2,"12":7},"f":{"0":3,"1":2,"2":1,"3":1,"4":2},"b":{"0":[1,2],"1":[3,1],"2":[2,1],"3":[2,2],"4":[2,1]},"_coverageSchema":"1a1c01bbd47fc00a2c39e90264f33305004495a9","hash":"4d4022b5058ecebad945ad72bf325bae457118f9"}
,"/home/user/dicoding-aiweb/server/src/repositories/audit-log.repo.js": {"path":"/home/user/dicoding-aiweb/server/src/repositories/audit-log.repo.js","statementMap":{"0":{"start":{"line":1,"column":11},"end":{"line":1,"column":27}},"1":{"start":{"line":4,"column":17},"end":{"line":9,"column":3}},"2":{"start":{"line":10,"column":2},"end":{"line":10,"column":24}},"3":{"start":{"line":14,"column":12},"end":{"line":14,"column":57}},"4":{"start":{"line":15,"column":17},"end":{"line":15,"column":25}},"5":{"start":{"line":16,"column":12},"end":{"line":16,"column":13}},"6":{"start":{"line":18,"column":2},"end":{"line":21,"column":3}},"7":{"start":{"line":19,"column":4},"end":{"line":19,"column":37}},"8":{"start":{"line":20,"column":4},"end":{"line":20,"column":24}},"9":{"start":{"line":23,"column":2},"end":{"line":23,"column":70}},"10":{"start":{"line":24,"column":2},"end":{"line":24,"column":29}},"11":{"start":{"line":26,"column":17},"end":{"line":26,"column":52}},"12":{"start":{"line":27,"column":2},"end":{"line":27,"column":21}},"13":{"start":{"line":31,"column":17},"end":{"line":35,"column":3}},"14":{"start":{"line":36,"column":2},"end":{"line":39,"column":9}},"15":{"start":{"line":37,"column":4},"end":{"line":37,"column":32}},"16":{"start":{"line":38,"column":4},"end":{"line":38,"column":15}},"17":{"start":{"line":42,"column":0},"end":{"line":42,"column":57}}},"fnMap":{"0":{"name":"create","decl":{"start":{"line":3,"column":15},"end":{"line":3,"column":21}},"loc":{"start":{"line":3,"column":106},"end":{"line":11,"column":1}},"line":3},"1":{"name":"findByUserId","decl":{"start":{"line":13,"column":15},"end":{"line":13,"column":27}},"loc":{"start":{"line":13,"column":85},"end":{"line":28,"column":1}},"line":13},"2":{"name":"countByAction","decl":{"start":{"line":30,"column":15},"end":{"line":30,"column":28}},"loc":{"start":{"line":30,"column":45},"end":{"line":40,"column":1}},"line":30},"3":{"name":"(anonymous_3)","decl":{"start":{"line":36,"column":28},"end":{"line":36,"column":29}},"loc":{"start":{"line":36,"column":42},"end":{"line":39,"column":3}},"line":36}},"branchMap":{"0":{"loc":{"start":{"line":7,"column":5},"end":{"line":7,"column":20}},"type":"binary-expr","locations":[{"start":{"line":7,"column":5},"end":{"line":7,"column":12}},{"start":{"line":7,"column":16},"end":{"line":7,"column":20}}],"line":7},"1":{"loc":{"start":{"line":7,"column":22},"end":{"line":7,"column":47}},"type":"binary-expr","locations":[{"start":{"line":7,"column":22},"end":{"line":7,"column":39}},{"start":{"line":7,"column":43},"end":{"line":7,"column":47}}],"line":7},"2":{"loc":{"start":{"line":7,"column":57},"end":{"line":7,"column":71}},"type":"binary-expr","locations":[{"start":{"line":7,"column":57},"end":{"line":7,"column":65}},{"start":{"line":7,"column":69},"end":{"line":7,"column":71}}],"line":7},"3":{"loc":{"start":{"line":7,"column":73},"end":{"line":7,"column":91}},"type":"binary-expr","locations":[{"start":{"line":7,"column":73},"end":{"line":7,"column":83}},{"start":{"line":7,"column":87},"end":{"line":7,"column":91}}],"line":7},"4":{"loc":{"start":{"line":7,"column":93},"end":{"line":7,"column":114}},"type":"binary-expr","locations":[{"start":{"line":7,"column":93},"end":{"line":7,"column":105}},{"start":{"line":7,"column":109},"end":{"line":7,"column":114}}],"line":7},"5":{"loc":{"start":{"line":13,"column":36},"end":{"line":13,"column":75}},"type":"default-arg","locations":[{"start":{"line":13,"column":73},"end":{"line":13,"column":75}}],"line":13},"6":{"loc":{"start":{"line":13,"column":38},"end":{"line":13,"column":48}},"type":"default-arg","locations":[{"start":{"line":13,"column":46},"end":{"line":13,"column":48}}],"line":13},"7":{"loc":{"start":{"line":13,"column":50},"end":{"line":13,"column":60}},"type":"default-arg","locations":[{"start":{"line":13,"column":59},"end":{"line":13,"column":60}}],"line":13},"8":{"loc":{"start":{"line":18,"column":2},"end":{"line":21,"column":3}},"type":"if","locations":[{"start":{"line":18,"column":2},"end":{"line":21,"column":3}},{"start":{},"end":{}}],"line":18}},"s":{"0":7,"1":1,"2":1,"3":2,"4":2,"5":2,"6":2,"7":1,"8":1,"9":2,"10":2,"11":2,"12":2,"13":1,"14":1,"15":2,"16":2,"17":7},"f":{"0":1,"1":2,"2":1,"3":2},"b":{"0":[1,0],"1":[1,1],"2":[1,0],"3":[1,1],"4":[1,1],"5":[1],"6":[2],"7":[2],"8":[1,1]},"_coverageSchema":"1a1c01bbd47fc00a2c39e90264f33305004495a9","hash":"973f3b49708292c89840ec1c466348cc9fe1cb3c"}
,"/home/user/dicoding-aiweb/server/src/repositories/cache.repo.js": {"path":"/home/user/dicoding-aiweb/server/src/repositories/cache.repo.js","statementMap":{"0":{"start":{"line":1,"column":24},"end":{"line":1,"column":52}},"1":{"start":{"line":2,"column":15},"end":{"line":2,"column":41}},"2":{"start":{"line":12,"column":4},"end":{"line":22,"column":5}},"3":{"start":{"line":13,"column":6},"end":{"line":13,"column":59}},"4":{"start":{"line":13,"column":31},"end":{"line":13,"column":59}},"5":{"start":{"line":14,"column":26},"end":{"line":14,"column":83}},"6":{"start":{"line":15,"column":6},"end":{"line":17,"column":9}},"7":{"start":{"line":18,"column":6},"end":{"line":18,"column":18}},"8":{"start":{"line":20,"column":6},"end":{"line":20,"column":56}},"9":{"start":{"line":21,"column":6},"end":{"line":21,"column":19}},"10":{"start":{"line":31,"column":4},"end":{"line":44,"column":5}},"11":{"start":{"line":32,"column":6},"end":{"line":32,"column":59}},"12":{"start":{"line":32,"column":31},"end":{"line":32,"column":59}},"13":{"start":{"line":33,"column":20},"end":{"line":33,"column":46}},"14":{"start":{"line":34,"column":6},"end":{"line":34,"column":30}},"15":{"start":{"line":34,"column":18},"end":{"line":34,"column":30}},"16":{"start":{"line":36,"column":6},"end":{"line":40,"column":7}},"17":{"start":{"line":37,"column":8},"end":{"line":37,"column":33}},"18":{"start":{"line":39,"column":8},"end":{"line":39,"column":21}},"19":{"start":{"line":42,"column":6},"end":{"line":42,"column":61}},"20":{"start":{"line":43,"column":6},"end":{"line":43,"column":18}},"21":{"start":{"line":52,"column":4},"end":{"line":59,"column":5}},"22":{"start":{"line":53,"column":6},"end":{"line":53,"column":59}},"23":{"start":{"line":53,"column":31},"end":{"line":53,"column":59}},"24":{"start":{"line":54,"column":6},"end":{"line":54,"column":33}},"25":{"start":{"line":55,"column":6},"end":{"line":55,"column":18}},"26":{"start":{"line":57,"column":6},"end":{"line":57,"column":64}},"27":{"start":{"line":58,"column":6},"end":{"line":58,"column":19}},"28":{"start":{"line":67,"column":4},"end":{"line":73,"column":5}},"29":{"start":{"line":68,"column":6},"end":{"line":68,"column":59}},"30":{"start":{"line":68,"column":31},"end":{"line":68,"column":59}},"31":{"start":{"line":69,"column":6},"end":{"line":69,"column":41}},"32":{"start":{"line":71,"column":6},"end":{"line":71,"column":66}},"33":{"start":{"line":72,"column":6},"end":{"line":72,"column":18}},"34":{"start":{"line":81,"column":4},"end":{"line":87,"column":5}},"35":{"start":{"line":82,"column":6},"end":{"line":82,"column":59}},"36":{"start":{"line":82,"column":31},"end":{"line":82,"column":59}},"37":{"start":{"line":83,"column":6},"end":{"line":83,"column":43}},"38":{"start":{"line":85,"column":6},"end":{"line":85,"column":71}},"39":{"start":{"line":86,"column":6},"end":{"line":86,"column":19}},"40":{"start":{"line":91,"column":0},"end":{"line":91,"column":39}}},"fnMap":{"0":{"name":"(anonymous_0)","decl":{"start":{"line":11,"column":2},"end":{"line":11,"column":3}},"loc":{"start":{"line":11,"column":43},"end":{"line":23,"column":3}},"line":11},"1":{"name":"(anonymous_1)","decl":{"start":{"line":30,"column":2},"end":{"line":30,"column":3}},"loc":{"start":{"line":30,"column":17},"end":{"line":45,"column":3}},"line":30},"2":{"name":"(anonymous_2)","decl":{"start":{"line":51,"column":2},"end":{"line":51,"column":3}},"loc":{"start":{"line":51,"column":17},"end":{"line":60,"column":3}},"line":51},"3":{"name":"(anonymous_3)","decl":{"start":{"line":66,"column":2},"end":{"line":66,"column":3}},"loc":{"start":{"line":66,"column":18},"end":{"line":74,"column":3}},"line":66},"4":{"name":"(anonymous_4)","decl":{"start":{"line":80,"column":2},"end":{"line":80,"column":3}},"loc":{"start":{"line":80,"column":20},"end":{"line":88,"column":3}},"line":80}},"branchMap":{"0":{"loc":{"start":{"line":11,"column":24},"end":{"line":11,"column":41}},"type":"default-arg","locations":[{"start":{"line":11,"column":37},"end":{"line":11,"column":41}}],"line":11},"1":{"loc":{"start":{"line":13,"column":6},"end":{"line":13,"column":59}},"type":"if","locations":[{"start":{"line":13,"column":6},"end":{"line":13,"column":59}},{"start":{},"end":{}}],"line":13},"2":{"loc":{"start":{"line":14,"column":26},"end":{"line":14,"column":83}},"type":"cond-expr","locations":[{"start":{"line":14,"column":54},"end":{"line":14,"column":59}},{"start":{"line":14,"column":62},"end":{"line":14,"column":83}}],"line":14},"3":{"loc":{"start":{"line":32,"column":6},"end":{"line":32,"column":59}},"type":"if","locations":[{"start":{"line":32,"column":6},"end":{"line":32,"column":59}},{"start":{},"end":{}}],"line":32},"4":{"loc":{"start":{"line":34,"column":6},"end":{"line":34,"column":30}},"type":"if","locations":[{"start":{"line":34,"column":6},"end":{"line":34,"column":30}},{"start":{},"end":{}}],"line":34},"5":{"loc":{"start":{"line":53,"column":6},"end":{"line":53,"column":59}},"type":"if","locations":[{"start":{"line":53,"column":6},"end":{"line":53,"column":59}},{"start":{},"end":{}}],"line":53},"6":{"loc":{"start":{"line":68,"column":6},"end":{"line":68,"column":59}},"type":"if","locations":[{"start":{"line":68,"column":6},"end":{"line":68,"column":59}},{"start":{},"end":{}}],"line":68},"7":{"loc":{"start":{"line":82,"column":6},"end":{"line":82,"column":59}},"type":"if","locations":[{"start":{"line":82,"column":6},"end":{"line":82,"column":59}},{"start":{},"end":{}}],"line":82}},"s":{"0":6,"1":6,"2":0,"3":0,"4":0,"5":0,"6":0,"7":0,"8":0,"9":0,"10":0,"11":0,"12":0,"13":0,"14":0,"15":0,"16":0,"17":0,"18":0,"19":0,"20":0,"21":0,"22":0,"23":0,"24":0,"25":0,"26":0,"27":0,"28":0,"29":0,"30":0,"31":0,"32":0,"33":0,"34":0,"35":0,"36":0,"37":0,"38":0,"39":0,"40":6},"f":{"0":0,"1":0,"2":0,"3":0,"4":0},"b":{"0":[0],"1":[0,0],"2":[0,0],"3":[0,0],"4":[0,0],"5":[0,0],"6":[0,0],"7":[0,0]},"_coverageSchema":"1a1c01bbd47fc00a2c39e90264f33305004495a9","hash":"089745d4431d5c3d67a0ff54ae9f44d17a56aa63"}
,"/home/user/dicoding-aiweb/server/src/repositories/chat-message.repo.js": {"path":"/home/user/dicoding-aiweb/server/src/repositories/chat-message.repo.js","statementMap":{"0":{"start":{"line":1,"column":11},"end":{"line":1,"column":27}},"1":{"start":{"line":4,"column":17},"end":{"line":9,"column":3}},"2":{"start":{"line":10,"column":2},"end":{"line":10,"column":24}},"3":{"start":{"line":14,"column":17},"end":{"line":18,"column":3}},"4":{"start":{"line":19,"column":2},"end":{"line":19,"column":31}},"5":{"start":{"line":23,"column":17},"end":{"line":27,"column":3}},"6":{"start":{"line":28,"column":2},"end":{"line":28,"column":21}},"7":{"start":{"line":31,"column":0},"end":{"line":31,"column":58}}},"fnMap":{"0":{"name":"create","decl":{"start":{"line":3,"column":15},"end":{"line":3,"column":21}},"loc":{"start":{"line":3,"column":107},"end":{"line":11,"column":1}},"line":3},"1":{"name":"findRecentByUser","decl":{"start":{"line":13,"column":15},"end":{"line":13,"column":31}},"loc":{"start":{"line":13,"column":59},"end":{"line":20,"column":1}},"line":13},"2":{"name":"findByUser","decl":{"start":{"line":22,"column":15},"end":{"line":22,"column":25}},"loc":{"start":{"line":22,"column":75},"end":{"line":29,"column":1}},"line":22}},"branchMap":{"0":{"loc":{"start":{"line":7,"column":29},"end":{"line":7,"column":58}},"type":"binary-expr","locations":[{"start":{"line":7,"column":29},"end":{"line":7,"column":50}},{"start":{"line":7,"column":54},"end":{"line":7,"column":58}}],"line":7},"1":{"loc":{"start":{"line":7,"column":60},"end":{"line":7,"column":80}},"type":"binary-expr","locations":[{"start":{"line":7,"column":60},"end":{"line":7,"column":72}},{"start":{"line":7,"column":76},"end":{"line":7,"column":80}}],"line":7},"2":{"loc":{"start":{"line":7,"column":82},"end":{"line":7,"column":100}},"type":"binary-expr","locations":[{"start":{"line":7,"column":82},"end":{"line":7,"column":92}},{"start":{"line":7,"column":96},"end":{"line":7,"column":100}}],"line":7},"3":{"loc":{"start":{"line":13,"column":40},"end":{"line":13,"column":49}},"type":"default-arg","locations":[{"start":{"line":13,"column":48},"end":{"line":13,"column":49}}],"line":13},"4":{"loc":{"start":{"line":22,"column":34},"end":{"line":22,"column":65}},"type":"default-arg","locations":[{"start":{"line":22,"column":63},"end":{"line":22,"column":65}}],"line":22},"5":{"loc":{"start":{"line":22,"column":36},"end":{"line":22,"column":46}},"type":"default-arg","locations":[{"start":{"line":22,"column":45},"end":{"line":22,"column":46}}],"line":22},"6":{"loc":{"start":{"line":22,"column":48},"end":{"line":22,"column":58}},"type":"default-arg","locations":[{"start":{"line":22,"column":56},"end":{"line":22,"column":58}}],"line":22}},"s":{"0":7,"1":1,"2":1,"3":1,"4":1,"5":1,"6":1,"7":7},"f":{"0":1,"1":1,"2":1},"b":{"0":[1,1],"1":[1,1],"2":[1,1],"3":[1],"4":[1],"5":[1],"6":[1]},"_coverageSchema":"1a1c01bbd47fc00a2c39e90264f33305004495a9","hash":"e9459617dd6c64541661bd3614e6c4c36fa2482c"}
,"/home/user/dicoding-aiweb/server/src/repositories/goal.repo.js": {"path":"/home/user/dicoding-aiweb/server/src/repositories/goal.repo.js","statementMap":{"0":{"start":{"line":1,"column":11},"end":{"line":1,"column":27}},"1":{"start":{"line":4,"column":12},"end":{"line":4,"column":52}},"2":{"start":{"line":5,"column":17},"end":{"line":5,"column":25}},"3":{"start":{"line":6,"column":12},"end":{"line":6,"column":13}},"4":{"start":{"line":7,"column":2},"end":{"line":10,"column":3}},"5":{"start":{"line":8,"column":4},"end":{"line":8,"column":37}},"6":{"start":{"line":9,"column":4},"end":{"line":9,"column":24}},"7":{"start":{"line":11,"column":2},"end":{"line":11,"column":37}},"8":{"start":{"line":12,"column":16},"end":{"line":12,"column":67}},"9":{"start":{"line":13,"column":2},"end":{"line":16,"column":3}},"10":{"start":{"line":14,"column":4},"end":{"line":14,"column":30}},"11":{"start":{"line":15,"column":4},"end":{"line":15,"column":23}},"12":{"start":{"line":17,"column":17},"end":{"line":17,"column":52}},"13":{"start":{"line":18,"column":2},"end":{"line":18,"column":21}},"14":{"start":{"line":22,"column":17},"end":{"line":22,"column":86}},"15":{"start":{"line":23,"column":2},"end":{"line":23,"column":32}},"16":{"start":{"line":27,"column":17},"end":{"line":31,"column":3}},"17":{"start":{"line":32,"column":2},"end":{"line":32,"column":32}},"18":{"start":{"line":36,"column":17},"end":{"line":41,"column":3}},"19":{"start":{"line":42,"column":2},"end":{"line":42,"column":24}},"20":{"start":{"line":46,"column":18},"end":{"line":46,"column":64}},"21":{"start":{"line":47,"column":15},"end":{"line":47,"column":17}},"22":{"start":{"line":48,"column":15},"end":{"line":48,"column":17}},"23":{"start":{"line":49,"column":10},"end":{"line":49,"column":11}},"24":{"start":{"line":51,"column":2},"end":{"line":56,"column":3}},"25":{"start":{"line":52,"column":4},"end":{"line":55,"column":5}},"26":{"start":{"line":53,"column":6},"end":{"line":53,"column":36}},"27":{"start":{"line":54,"column":6},"end":{"line":54,"column":27}},"28":{"start":{"line":57,"column":2},"end":{"line":57,"column":74}},"29":{"start":{"line":57,"column":25},"end":{"line":57,"column":74}},"30":{"start":{"line":59,"column":2},"end":{"line":59,"column":34}},"31":{"start":{"line":60,"column":2},"end":{"line":60,"column":20}},"32":{"start":{"line":61,"column":2},"end":{"line":61,"column":20}},"33":{"start":{"line":62,"column":17},"end":{"line":66,"column":3}},"34":{"start":{"line":67,"column":2},"end":{"line":67,"column":24}},"35":{"start":{"line":71,"column":2},"end":{"line":75,"column":4}},"36":{"start":{"line":77,"column":17},"end":{"line":81,"column":3}},"37":{"start":{"line":82,"column":2},"end":{"line":82,"column":29}},"38":{"start":{"line":85,"column":0},"end":{"line":85,"column":79}}},"fnMap":{"0":{"name":"list","decl":{"start":{"line":3,"column":15},"end":{"line":3,"column":19}},"loc":{"start":{"line":3,"column":72},"end":{"line":19,"column":1}},"line":3},"1":{"name":"findById","decl":{"start":{"line":21,"column":15},"end":{"line":21,"column":23}},"loc":{"start":{"line":21,"column":40},"end":{"line":24,"column":1}},"line":21},"2":{"name":"findByIdAndUserId","decl":{"start":{"line":26,"column":15},"end":{"line":26,"column":32}},"loc":{"start":{"line":26,"column":57},"end":{"line":33,"column":1}},"line":26},"3":{"name":"create","decl":{"start":{"line":35,"column":15},"end":{"line":35,"column":21}},"loc":{"start":{"line":35,"column":81},"end":{"line":43,"column":1}},"line":35},"4":{"name":"update","decl":{"start":{"line":45,"column":15},"end":{"line":45,"column":21}},"loc":{"start":{"line":45,"column":52},"end":{"line":68,"column":1}},"line":45},"5":{"name":"remove","decl":{"start":{"line":70,"column":15},"end":{"line":70,"column":21}},"loc":{"start":{"line":70,"column":46},"end":{"line":83,"column":1}},"line":70}},"branchMap":{"0":{"loc":{"start":{"line":3,"column":28},"end":{"line":3,"column":62}},"type":"default-arg","locations":[{"start":{"line":3,"column":60},"end":{"line":3,"column":62}}],"line":3},"1":{"loc":{"start":{"line":7,"column":2},"end":{"line":10,"column":3}},"type":"if","locations":[{"start":{"line":7,"column":2},"end":{"line":10,"column":3}},{"start":{},"end":{}}],"line":7},"2":{"loc":{"start":{"line":12,"column":16},"end":{"line":12,"column":67}},"type":"cond-expr","locations":[{"start":{"line":12,"column":37},"end":{"line":12,"column":61}},{"start":{"line":12,"column":64},"end":{"line":12,"column":67}}],"line":12},"3":{"loc":{"start":{"line":13,"column":2},"end":{"line":16,"column":3}},"type":"if","locations":[{"start":{"line":13,"column":2},"end":{"line":16,"column":3}},{"start":{},"end":{}}],"line":13},"4":{"loc":{"start":{"line":23,"column":9},"end":{"line":23,"column":31}},"type":"binary-expr","locations":[{"start":{"line":23,"column":9},"end":{"line":23,"column":23}},{"start":{"line":23,"column":27},"end":{"line":23,"column":31}}],"line":23},"5":{"loc":{"start":{"line":32,"column":9},"end":{"line":32,"column":31}},"type":"binary-expr","locations":[{"start":{"line":32,"column":9},"end":{"line":32,"column":23}},{"start":{"line":32,"column":27},"end":{"line":32,"column":31}}],"line":32},"6":{"loc":{"start":{"line":39,"column":21},"end":{"line":39,"column":40}},"type":"binary-expr","locations":[{"start":{"line":39,"column":21},"end":{"line":39,"column":32}},{"start":{"line":39,"column":36},"end":{"line":39,"column":40}}],"line":39},"7":{"loc":{"start":{"line":39,"column":42},"end":{"line":39,"column":58}},"type":"binary-expr","locations":[{"start":{"line":39,"column":42},"end":{"line":39,"column":50}},{"start":{"line":39,"column":54},"end":{"line":39,"column":58}}],"line":39},"8":{"loc":{"start":{"line":39,"column":60},"end":{"line":39,"column":78}},"type":"binary-expr","locations":[{"start":{"line":39,"column":60},"end":{"line":39,"column":66}},{"start":{"line":39,"column":70},"end":{"line":39,"column":78}}],"line":39},"9":{"loc":{"start":{"line":52,"column":4},"end":{"line":55,"column":5}},"type":"if","locations":[{"start":{"line":52,"column":4},"end":{"line":55,"column":5}},{"start":{},"end":{}}],"line":52},"10":{"loc":{"start":{"line":57,"column":2},"end":{"line":57,"column":74}},"type":"if","locations":[{"start":{"line":57,"column":2},"end":{"line":57,"column":74}},{"start":{},"end":{}}],"line":57}},"s":{"0":7,"1":5,"2":5,"3":5,"4":5,"5":1,"6":1,"7":5,"8":5,"9":5,"10":4,"11":4,"12":5,"13":4,"14":2,"15":2,"16":9,"17":3,"18":4,"19":2,"20":3,"21":3,"22":3,"23":3,"24":3,"25":12,"26":3,"27":3,"28":3,"29":1,"30":2,"31":2,"32":2,"33":2,"34":2,"35":2,"36":2,"37":2,"38":7},"f":{"0":5,"1":2,"2":9,"3":4,"4":3,"5":2},"b":{"0":[1],"1":[1,4],"2":[2,3],"3":[4,1],"4":[2,1],"5":[3,1],"6":[4,3],"7":[4,2],"8":[4,3],"9":[3,9],"10":[1,2]},"_coverageSchema":"1a1c01bbd47fc00a2c39e90264f33305004495a9","hash":"1a0bdc647a297d8ebb44181b999fec281854df6a"}
,"/home/user/dicoding-aiweb/server/src/repositories/index.js": {"path":"/home/user/dicoding-aiweb/server/src/repositories/index.js","statementMap":{"0":{"start":{"line":1,"column":17},"end":{"line":1,"column":39}},"1":{"start":{"line":2,"column":20},"end":{"line":2,"column":45}},"2":{"start":{"line":3,"column":17},"end":{"line":3,"column":39}},"3":{"start":{"line":4,"column":17},"end":{"line":4,"column":39}},"4":{"start":{"line":5,"column":18},"end":{"line":5,"column":53}},"5":{"start":{"line":6,"column":21},"end":{"line":6,"column":56}},"6":{"start":{"line":7,"column":18},"end":{"line":7,"column":45}},"7":{"start":{"line":8,"column":25},"end":{"line":8,"column":56}},"8":{"start":{"line":9,"column":24},"end":{"line":9,"column":54}},"9":{"start":{"line":10,"column":27},"end":{"line":10,"column":60}},"10":{"start":{"line":11,"column":18},"end":{"line":11,"column":41}},"11":{"start":{"line":12,"column":25},"end":{"line":12,"column":56}},"12":{"start":{"line":14,"column":0},"end":{"line":27,"column":2}}},"fnMap":{},"branchMap":{},"s":{"0":6,"1":6,"2":6,"3":6,"4":6,"5":6,"6":6,"7":6,"8":6,"9":6,"10":6,"11":6,"12":6},"f":{},"b":{},"_coverageSchema":"1a1c01bbd47fc00a2c39e90264f33305004495a9","hash":"23fd912bd791397f63bb4a32bd84e37176bc4e8e"}
,"/home/user/dicoding-aiweb/server/src/repositories/plan-snapshot.repo.js": {"path":"/home/user/dicoding-aiweb/server/src/repositories/plan-snapshot.repo.js","statementMap":{"0":{"start":{"line":1,"column":11},"end":{"line":1,"column":27}},"1":{"start":{"line":4,"column":17},"end":{"line":9,"column":3}},"2":{"start":{"line":10,"column":2},"end":{"line":10,"column":24}},"3":{"start":{"line":14,"column":17},"end":{"line":18,"column":3}},"4":{"start":{"line":19,"column":2},"end":{"line":19,"column":32}},"5":{"start":{"line":23,"column":17},"end":{"line":27,"column":3}},"6":{"start":{"line":28,"column":2},"end":{"line":28,"column":29}},"7":{"start":{"line":31,"column":0},"end":{"line":31,"column":48}}},"fnMap":{"0":{"name":"create","decl":{"start":{"line":3,"column":15},"end":{"line":3,"column":21}},"loc":{"start":{"line":3,"column":102},"end":{"line":11,"column":1}},"line":3},"1":{"name":"findLatest","decl":{"start":{"line":13,"column":15},"end":{"line":13,"column":25}},"loc":{"start":{"line":13,"column":42},"end":{"line":20,"column":1}},"line":13},"2":{"name":"remove","decl":{"start":{"line":22,"column":15},"end":{"line":22,"column":21}},"loc":{"start":{"line":22,"column":42},"end":{"line":29,"column":1}},"line":22}},"branchMap":{"0":{"loc":{"start":{"line":7,"column":75},"end":{"line":7,"column":95}},"type":"binary-expr","locations":[{"start":{"line":7,"column":75},"end":{"line":7,"column":87}},{"start":{"line":7,"column":91},"end":{"line":7,"column":95}}],"line":7},"1":{"loc":{"start":{"line":19,"column":9},"end":{"line":19,"column":31}},"type":"binary-expr","locations":[{"start":{"line":19,"column":9},"end":{"line":19,"column":23}},{"start":{"line":19,"column":27},"end":{"line":19,"column":31}}],"line":19}},"s":{"0":7,"1":1,"2":1,"3":2,"4":2,"5":2,"6":2,"7":7},"f":{"0":1,"1":2,"2":2},"b":{"0":[1,1],"1":[2,1]},"_coverageSchema":"1a1c01bbd47fc00a2c39e90264f33305004495a9","hash":"d6ab67a5a826c86212dcd541e1d6a5f0bed70cbc"}
,"/home/user/dicoding-aiweb/server/src/repositories/profile.repo.js": {"path":"/home/user/dicoding-aiweb/server/src/repositories/profile.repo.js","statementMap":{"0":{"start":{"line":1,"column":11},"end":{"line":1,"column":27}},"1":{"start":{"line":4,"column":17},"end":{"line":4,"column":94}},"2":{"start":{"line":5,"column":2},"end":{"line":5,"column":32}},"3":{"start":{"line":9,"column":17},"end":{"line":14,"column":3}},"4":{"start":{"line":15,"column":2},"end":{"line":15,"column":24}},"5":{"start":{"line":19,"column":18},"end":{"line":19,"column":87}},"6":{"start":{"line":20,"column":15},"end":{"line":20,"column":17}},"7":{"start":{"line":21,"column":15},"end":{"line":21,"column":17}},"8":{"start":{"line":22,"column":10},"end":{"line":22,"column":11}},"9":{"start":{"line":24,"column":2},"end":{"line":29,"column":3}},"10":{"start":{"line":25,"column":4},"end":{"line":28,"column":5}},"11":{"start":{"line":26,"column":6},"end":{"line":26,"column":36}},"12":{"start":{"line":27,"column":6},"end":{"line":27,"column":27}},"13":{"start":{"line":30,"column":2},"end":{"line":30,"column":61}},"14":{"start":{"line":30,"column":25},"end":{"line":30,"column":61}},"15":{"start":{"line":32,"column":2},"end":{"line":32,"column":34}},"16":{"start":{"line":33,"column":2},"end":{"line":33,"column":20}},"17":{"start":{"line":34,"column":17},"end":{"line":38,"column":3}},"18":{"start":{"line":39,"column":2},"end":{"line":39,"column":24}},"19":{"start":{"line":42,"column":0},"end":{"line":42,"column":50}}},"fnMap":{"0":{"name":"findByUserId","decl":{"start":{"line":3,"column":15},"end":{"line":3,"column":27}},"loc":{"start":{"line":3,"column":44},"end":{"line":6,"column":1}},"line":3},"1":{"name":"create","decl":{"start":{"line":8,"column":15},"end":{"line":8,"column":21}},"loc":{"start":{"line":8,"column":104},"end":{"line":16,"column":1}},"line":8},"2":{"name":"update","decl":{"start":{"line":18,"column":15},"end":{"line":18,"column":21}},"loc":{"start":{"line":18,"column":44},"end":{"line":40,"column":1}},"line":18}},"branchMap":{"0":{"loc":{"start":{"line":5,"column":9},"end":{"line":5,"column":31}},"type":"binary-expr","locations":[{"start":{"line":5,"column":9},"end":{"line":5,"column":23}},{"start":{"line":5,"column":27},"end":{"line":5,"column":31}}],"line":5},"1":{"loc":{"start":{"line":12,"column":61},"end":{"line":12,"column":79}},"type":"binary-expr","locations":[{"start":{"line":12,"column":61},"end":{"line":12,"column":73}},{"start":{"line":12,"column":77},"end":{"line":12,"column":79}}],"line":12},"2":{"loc":{"start":{"line":25,"column":4},"end":{"line":28,"column":5}},"type":"if","locations":[{"start":{"line":25,"column":4},"end":{"line":28,"column":5}},{"start":{},"end":{}}],"line":25},"3":{"loc":{"start":{"line":30,"column":2},"end":{"line":30,"column":61}},"type":"if","locations":[{"start":{"line":30,"column":2},"end":{"line":30,"column":61}},{"start":{},"end":{}}],"line":30}},"s":{"0":7,"1":3,"2":3,"3":1,"4":1,"5":4,"6":4,"7":4,"8":4,"9":4,"10":16,"11":7,"12":7,"13":4,"14":1,"15":3,"16":3,"17":3,"18":3,"19":7},"f":{"0":3,"1":1,"2":4},"b":{"0":[3,1],"1":[1,1],"2":[7,9],"3":[1,3]},"_coverageSchema":"1a1c01bbd47fc00a2c39e90264f33305004495a9","hash":"9708c6ba7965fba4210c9e91425d96c43fd8d8e5"}
,"/home/user/dicoding-aiweb/server/src/repositories/progress-snapshot.repo.js": {"path":"/home/user/dicoding-aiweb/server/src/repositories/progress-snapshot.repo.js","statementMap":{"0":{"start":{"line":1,"column":11},"end":{"line":1,"column":27}},"1":{"start":{"line":4,"column":17},"end":{"line":8,"column":3}},"2":{"start":{"line":9,"column":2},"end":{"line":9,"column":32}},"3":{"start":{"line":13,"column":17},"end":{"line":23,"column":3}},"4":{"start":{"line":24,"column":2},"end":{"line":24,"column":24}},"5":{"start":{"line":28,"column":12},"end":{"line":28,"column":65}},"6":{"start":{"line":29,"column":17},"end":{"line":29,"column":25}},"7":{"start":{"line":30,"column":12},"end":{"line":30,"column":13}},"8":{"start":{"line":32,"column":2},"end":{"line":35,"column":3}},"9":{"start":{"line":33,"column":4},"end":{"line":33,"column":36}},"10":{"start":{"line":34,"column":4},"end":{"line":34,"column":22}},"11":{"start":{"line":36,"column":2},"end":{"line":39,"column":3}},"12":{"start":{"line":37,"column":4},"end":{"line":37,"column":36}},"13":{"start":{"line":38,"column":4},"end":{"line":38,"column":20}},"14":{"start":{"line":40,"column":2},"end":{"line":40,"column":30}},"15":{"start":{"line":41,"column":2},"end":{"line":41,"column":45}},"16":{"start":{"line":42,"column":2},"end":{"line":42,"column":29}},"17":{"start":{"line":44,"column":17},"end":{"line":44,"column":52}},"18":{"start":{"line":45,"column":2},"end":{"line":45,"column":21}},"19":{"start":{"line":48,"column":0},"end":{"line":48,"column":58}}},"fnMap":{"0":{"name":"findByUserAndWeek","decl":{"start":{"line":3,"column":15},"end":{"line":3,"column":32}},"loc":{"start":{"line":3,"column":55},"end":{"line":10,"column":1}},"line":3},"1":{"name":"upsert","decl":{"start":{"line":12,"column":15},"end":{"line":12,"column":21}},"loc":{"start":{"line":12,"column":98},"end":{"line":25,"column":1}},"line":12},"2":{"name":"listTrend","decl":{"start":{"line":27,"column":15},"end":{"line":27,"column":24}},"loc":{"start":{"line":27,"column":84},"end":{"line":46,"column":1}},"line":27}},"branchMap":{"0":{"loc":{"start":{"line":9,"column":9},"end":{"line":9,"column":31}},"type":"binary-expr","locations":[{"start":{"line":9,"column":9},"end":{"line":9,"column":23}},{"start":{"line":9,"column":27},"end":{"line":9,"column":31}}],"line":9},"1":{"loc":{"start":{"line":27,"column":33},"end":{"line":27,"column":74}},"type":"default-arg","locations":[{"start":{"line":27,"column":72},"end":{"line":27,"column":74}}],"line":27},"2":{"loc":{"start":{"line":27,"column":45},"end":{"line":27,"column":55}},"type":"default-arg","locations":[{"start":{"line":27,"column":53},"end":{"line":27,"column":55}}],"line":27},"3":{"loc":{"start":{"line":27,"column":57},"end":{"line":27,"column":67}},"type":"default-arg","locations":[{"start":{"line":27,"column":66},"end":{"line":27,"column":67}}],"line":27},"4":{"loc":{"start":{"line":32,"column":2},"end":{"line":35,"column":3}},"type":"if","locations":[{"start":{"line":32,"column":2},"end":{"line":35,"column":3}},{"start":{},"end":{}}],"line":32},"5":{"loc":{"start":{"line":36,"column":2},"end":{"line":39,"column":3}},"type":"if","locations":[{"start":{"line":36,"column":2},"end":{"line":39,"column":3}},{"start":{},"end":{}}],"line":36}},"s":{"0":7,"1":2,"2":2,"3":1,"4":1,"5":4,"6":4,"7":4,"8":4,"9":2,"10":2,"11":4,"12":2,"13":2,"14":4,"15":4,"16":4,"17":4,"18":4,"19":7},"f":{"0":2,"1":1,"2":4},"b":{"0":[2,1],"1":[1],"2":[4],"3":[4],"4":[2,2],"5":[2,2]},"_coverageSchema":"1a1c01bbd47fc00a2c39e90264f33305004495a9","hash":"7128f849ba4004b6adfbdda1fc58771abc8b6833"}
,"/home/user/dicoding-aiweb/server/src/repositories/refresh-token.repo.js": {"path":"/home/user/dicoding-aiweb/server/src/repositories/refresh-token.repo.js","statementMap":{"0":{"start":{"line":1,"column":11},"end":{"line":1,"column":27}},"1":{"start":{"line":4,"column":17},"end":{"line":9,"column":3}},"2":{"start":{"line":10,"column":2},"end":{"line":10,"column":24}},"3":{"start":{"line":14,"column":17},"end":{"line":20,"column":3}},"4":{"start":{"line":21,"column":2},"end":{"line":21,"column":32}},"5":{"start":{"line":25,"column":17},"end":{"line":29,"column":3}},"6":{"start":{"line":30,"column":2},"end":{"line":30,"column":29}},"7":{"start":{"line":34,"column":17},"end":{"line":38,"column":3}},"8":{"start":{"line":39,"column":2},"end":{"line":39,"column":25}},"9":{"start":{"line":43,"column":17},"end":{"line":47,"column":3}},"10":{"start":{"line":48,"column":2},"end":{"line":48,"column":25}},"11":{"start":{"line":51,"column":0},"end":{"line":51,"column":96}}},"fnMap":{"0":{"name":"create","decl":{"start":{"line":3,"column":15},"end":{"line":3,"column":21}},"loc":{"start":{"line":3,"column":67},"end":{"line":11,"column":1}},"line":3},"1":{"name":"findByTokenHash","decl":{"start":{"line":13,"column":15},"end":{"line":13,"column":30}},"loc":{"start":{"line":13,"column":50},"end":{"line":22,"column":1}},"line":13},"2":{"name":"revokeByTokenHash","decl":{"start":{"line":24,"column":15},"end":{"line":24,"column":32}},"loc":{"start":{"line":24,"column":52},"end":{"line":31,"column":1}},"line":24},"3":{"name":"revokeAllForUser","decl":{"start":{"line":33,"column":15},"end":{"line":33,"column":31}},"loc":{"start":{"line":33,"column":48},"end":{"line":40,"column":1}},"line":33},"4":{"name":"cleanExpired","decl":{"start":{"line":42,"column":15},"end":{"line":42,"column":27}},"loc":{"start":{"line":42,"column":36},"end":{"line":49,"column":1}},"line":42}},"branchMap":{"0":{"loc":{"start":{"line":21,"column":9},"end":{"line":21,"column":31}},"type":"binary-expr","locations":[{"start":{"line":21,"column":9},"end":{"line":21,"column":23}},{"start":{"line":21,"column":27},"end":{"line":21,"column":31}}],"line":21}},"s":{"0":7,"1":1,"2":1,"3":2,"4":2,"5":2,"6":2,"7":1,"8":1,"9":1,"10":1,"11":7},"f":{"0":1,"1":2,"2":2,"3":1,"4":1},"b":{"0":[2,1]},"_coverageSchema":"1a1c01bbd47fc00a2c39e90264f33305004495a9","hash":"8db071fbcc50451576a15273457790d339342f67"}
,"/home/user/dicoding-aiweb/server/src/repositories/student-metrics.repo.js": {"path":"/home/user/dicoding-aiweb/server/src/repositories/student-metrics.repo.js","statementMap":{"0":{"start":{"line":1,"column":11},"end":{"line":1,"column":27}},"1":{"start":{"line":4,"column":17},"end":{"line":8,"column":3}},"2":{"start":{"line":9,"column":2},"end":{"line":9,"column":32}},"3":{"start":{"line":13,"column":21},"end":{"line":13,"column":41}},"4":{"start":{"line":14,"column":2},"end":{"line":14,"column":67}},"5":{"start":{"line":14,"column":31},"end":{"line":14,"column":67}},"6":{"start":{"line":16,"column":15},"end":{"line":16,"column":41}},"7":{"start":{"line":17,"column":15},"end":{"line":20,"column":5}},"8":{"start":{"line":18,"column":4},"end":{"line":18,"column":69}},"9":{"start":{"line":18,"column":35},"end":{"line":18,"column":69}},"10":{"start":{"line":19,"column":4},"end":{"line":19,"column":22}},"11":{"start":{"line":21,"column":13},"end":{"line":21,"column":44}},"12":{"start":{"line":21,"column":32},"end":{"line":21,"column":43}},"13":{"start":{"line":22,"column":21},"end":{"line":24,"column":3}},"14":{"start":{"line":23,"column":4},"end":{"line":23,"column":105}},"15":{"start":{"line":26,"column":17},"end":{"line":33,"column":3}},"16":{"start":{"line":34,"column":2},"end":{"line":34,"column":24}},"17":{"start":{"line":38,"column":17},"end":{"line":55,"column":3}},"18":{"start":{"line":56,"column":14},"end":{"line":56,"column":34}},"19":{"start":{"line":57,"column":2},"end":{"line":61,"column":4}},"20":{"start":{"line":64,"column":0},"end":{"line":64,"column":65}}},"fnMap":{"0":{"name":"findByUserId","decl":{"start":{"line":3,"column":15},"end":{"line":3,"column":27}},"loc":{"start":{"line":3,"column":44},"end":{"line":10,"column":1}},"line":3},"1":{"name":"upsert","decl":{"start":{"line":12,"column":15},"end":{"line":12,"column":21}},"loc":{"start":{"line":12,"column":47},"end":{"line":35,"column":1}},"line":12},"2":{"name":"(anonymous_2)","decl":{"start":{"line":17,"column":42},"end":{"line":17,"column":43}},"loc":{"start":{"line":17,"column":47},"end":{"line":20,"column":3}},"line":17},"3":{"name":"(anonymous_3)","decl":{"start":{"line":21,"column":22},"end":{"line":21,"column":23}},"loc":{"start":{"line":21,"column":32},"end":{"line":21,"column":43}},"line":21},"4":{"name":"(anonymous_4)","decl":{"start":{"line":22,"column":36},"end":{"line":22,"column":37}},"loc":{"start":{"line":23,"column":4},"end":{"line":23,"column":10
[...]
nd":{"line":118,"column":138}},"line":109}},"branchMap":{"0":{"loc":{"start":{"line":10,"column":24},"end":{"line":10,"column":89}},"type":"binary-expr","locations":[{"start":{"line":10,"column":24},"end":{"line":10,"column":50}},{"start":{"line":10,"column":54},"end":{"line":10,"column":89}}],"line":10},"1":{"loc":{"start":{"line":11,"column":17},"end":{"line":11,"column":53}},"type":"binary-expr","locations":[{"start":{"line":11,"column":17},"end":{"line":11,"column":37}},{"start":{"line":11,"column":41},"end":{"line":11,"column":53}}],"line":11},"2":{"loc":{"start":{"line":16,"column":4},"end":{"line":29,"column":5}},"type":"if","locations":[{"start":{"line":16,"column":4},"end":{"line":29,"column":5}},{"start":{"line":19,"column":11},"end":{"line":29,"column":5}}],"line":16},"3":{"loc":{"start":{"line":17,"column":41},"end":{"line":17,"column":75}},"type":"binary-expr","locations":[{"start":{"line":17,"column":41},"end":{"line":17,"column":62}},{"start":{"line":17,"column":66},"end":{"line":17,"column":75}}],"line":17},"4":{"loc":{"start":{"line":19,"column":11},"end":{"line":29,"column":5}},"type":"if","locations":[{"start":{"line":19,"column":11},"end":{"line":29,"column":5}},{"start":{"line":23,"column":11},"end":{"line":29,"column":5}}],"line":19},"5":{"loc":{"start":{"line":20,"column":39},"end":{"line":20,"column":73}},"type":"binary-expr","locations":[{"start":{"line":20,"column":39},"end":{"line":20,"column":60}},{"start":{"line":20,"column":64},"end":{"line":20,"column":73}}],"line":20},"6":{"loc":{"start":{"line":21,"column":6},"end":{"line":21,"column":66}},"type":"if","locations":[{"start":{"line":21,"column":6},"end":{"line":21,"column":66}},{"start":{},"end":{}}],"line":21},"7":{"loc":{"start":{"line":23,"column":11},"end":{"line":29,"column":5}},"type":"if","locations":[{"start":{"line":23,"column":11},"end":{"line":29,"column":5}},{"start":{},"end":{}}],"line":23},"8":{"loc":{"start":{"line":24,"column":53},"end":{"line":24,"column":87}},"type":"binary-expr","locations":[{"start":{"line":24,"column":53},"end":{"line":24,"column":74}},{"start":{"line":24,"column":78},"end":{"line":24,"column":87}}],"line":24},"9":{"loc":{"start":{"line":27,"column":6},"end":{"line":27,"column":71}},"type":"if","locations":[{"start":{"line":27,"column":6},"end":{"line":27,"column":71}},{"start":{},"end":{}}],"line":27},"10":{"loc":{"start":{"line":33,"column":45},"end":{"line":33,"column":80}},"type":"binary-expr","locations":[{"start":{"line":33,"column":45},"end":{"line":33,"column":75}},{"start":{"line":33,"column":79},"end":{"line":33,"column":80}}],"line":33},"11":{"loc":{"start":{"line":35,"column":26},"end":{"line":35,"column":91}},"type":"binary-expr","locations":[{"start":{"line":35,"column":26},"end":{"line":35,"column":52}},{"start":{"line":35,"column":56},"end":{"line":35,"column":91}}],"line":35},"12":{"loc":{"start":{"line":37,"column":19},"end":{"line":37,"column":55}},"type":"binary-expr","locations":[{"start":{"line":37,"column":19},"end":{"line":37,"column":39}},{"start":{"line":37,"column":43},"end":{"line":37,"column":55}}],"line":37},"13":{"loc":{"start":{"line":55,"column":26},"end":{"line":55,"column":54}},"type":"binary-expr","locations":[{"start":{"line":55,"column":26},"end":{"line":55,"column":42}},{"start":{"line":55,"column":46},"end":{"line":55,"column":54}}],"line":55},"14":{"loc":{"start":{"line":56,"column":15},"end":{"line":56,"column":40}},"type":"binary-expr","locations":[{"start":{"line":56,"column":15},"end":{"line":56,"column":34}},{"start":{"line":56,"column":38},"end":{"line":56,"column":40}}],"line":56},"15":{"loc":{"start":{"line":59,"column":43},"end":{"line":59,"column":78}},"type":"binary-expr","locations":[{"start":{"line":59,"column":43},"end":{"line":59,"column":73}},{"start":{"line":59,"column":77},"end":{"line":59,"column":78}}],"line":59},"16":{"loc":{"start":{"line":62,"column":24},"end":{"line":62,"column":89}},"type":"binary-expr","locations":[{"start":{"line":62,"column":24},"end":{"line":62,"column":50}},{"start":{"line":62,"column":54},"end":{"line":62,"column":89}}],"line":62},"17":{"loc":{"start":{"line":65,"column":17},"end":{"line":65,"column":53}},"type":"binary-expr","locations":[{"start":{"line":65,"column":17},"end":{"line":65,"column":37}},{"start":{"line":65,"column":41},"end":{"line":65,"column":53}}],"line":65},"18":{"loc":{"start":{"line":70,"column":4},"end":{"line":82,"column":5}},"type":"if","locations":[{"start":{"line":70,"column":4},"end":{"line":82,"column":5}},{"start":{"line":74,"column":11},"end":{"line":82,"column":5}}],"line":70},"19":{"loc":{"start":{"line":71,"column":39},"end":{"line":71,"column":73}},"type":"binary-expr","locations":[{"start":{"line":71,"column":39},"end":{"line":71,"column":60}},{"start":{"line":71,"column":64},"end":{"line":71,"column":73}}],"line":71},"20":{"loc":{"start":{"line":72,"column":6},"end":{"line":72,"column":66}},"type":"if","locations":[{"start":{"line":72,"column":6},"end":{"line":72,"column":66}},{"start":{},"end":{}}],"line":72},"21":{"loc":{"start":{"line":74,"column":11},"end":{"line":82,"column":5}},"type":"if","locations":[{"start":{"line":74,"column":11},"end":{"line":82,"column":5}},{"start":{"line":80,"column":11},"end":{"line":82,"column":5}}],"line":74},"22":{"loc":{"start":{"line":75,"column":43},"end":{"line":75,"column":77}},"type":"binary-expr","locations":[{"start":{"line":75,"column":43},"end":{"line":75,"column":64}},{"start":{"line":75,"column":68},"end":{"line":75,"column":77}}],"line":75},"23":{"loc":{"start":{"line":78,"column":6},"end":{"line":78,"column":71}},"type":"if","locations":[{"start":{"line":78,"column":6},"end":{"line":78,"column":71}},{"start":{},"end":{}}],"line":78},"24":{"loc":{"start":{"line":81,"column":34},"end":{"line":81,"column":59}},"type":"binary-expr","locations":[{"start":{"line":81,"column":34},"end":{"line":81,"column":53}},{"start":{"line":81,"column":57},"end":{"line":81,"column":59}}],"line":81},"25":{"loc":{"start":{"line":87,"column":45},"end":{"line":87,"column":80}},"type":"binary-expr","locations":[{"start":{"line":87,"column":45},"end":{"line":87,"column":75}},{"start":{"line":87,"column":79},"end":{"line":87,"column":80}}],"line":87},"26":{"loc":{"start":{"line":88,"column":17},"end":{"line":88,"column":51}},"type":"binary-expr","locations":[{"start":{"line":88,"column":17},"end":{"line":88,"column":38}},{"start":{"line":88,"column":42},"end":{"line":88,"column":51}}],"line":88},"27":{"loc":{"start":{"line":89,"column":26},"end":{"line":89,"column":91}},"type":"binary-expr","locations":[{"start":{"line":89,"column":26},"end":{"line":89,"column":52}},{"start":{"line":89,"column":56},"end":{"line":89,"column":91}}],"line":89},"28":{"loc":{"start":{"line":91,"column":19},"end":{"line":91,"column":55}},"type":"binary-expr","locations":[{"start":{"line":91,"column":19},"end":{"line":91,"column":39}},{"start":{"line":91,"column":43},"end":{"line":91,"column":55}}],"line":91},"29":{"loc":{"start":{"line":101,"column":43},"end":{"line":101,"column":78}},"type":"binary-expr","locations":[{"start":{"line":101,"column":43},"end":{"line":101,"column":73}},{"start":{"line":101,"column":77},"end":{"line":101,"column":78}}],"line":101},"30":{"loc":{"start":{"line":103,"column":24},"end":{"line":103,"column":89}},"type":"binary-expr","locations":[{"start":{"line":103,"column":24},"end":{"line":103,"column":50}},{"start":{"line":103,"column":54},"end":{"line":103,"column":89}}],"line":103},"31":{"loc":{"start":{"line":105,"column":17},"end":{"line":105,"column":53}},"type":"binary-expr","locations":[{"start":{"line":105,"column":17},"end":{"line":105,"column":37}},{"start":{"line":105,"column":41},"end":{"line":105,"column":53}}],"line":105},"32":{"loc":{"start":{"line":116,"column":26},"end":{"line":116,"column":91}},"type":"binary-expr","locations":[{"start":{"line":116,"column":26},"end":{"line":116,"column":52}},{"start":{"line":116,"column":56},"end":{"line":116,"column":91}}],"line":116},"33":{"loc":{"start":{"line":117,"column":19},"end":{"line":117,"column":55}},"type":"binary-expr","locations":[{"start":{"line":117,"column":19},"end":{"line":117,"column":39}},{"start":{"line":117,"column":43},"end":{"line":117,"column":55}}],"line":117}},"s":{"0":7,"1":3,"2":7,"3":7,"4":3,"5":3,"6":4,"7":2,"8":2,"9":1,"10":2,"11":2,"12":2,"13":2,"14":1,"15":2,"16":7,"17":7,"18":1,"19":2,"20":6,"21":6,"22":2,"23":2,"24":1,"25":2,"26":4,"27":2,"28":2,"29":1,"30":2,"31":2,"32":6,"33":6,"34":1,"35":1,"36":7,"37":7},"f":{"0":3,"1":7,"2":1,"3":2,"4":6,"5":1,"6":1},"b":{"0":[3,1],"1":[3,1],"2":[3,4],"3":[3,2],"4":[2,2],"5":[2,0],"6":[1,1],"7":[2,0],"8":[2,0],"9":[1,1],"10":[7,0],"11":[7,1],"12":[7,0],"13":[2,1],"14":[2,1],"15":[2,0],"16":[2,0],"17":[2,0],"18":[2,4],"19":[2,0],"20":[1,1],"21":[2,2],"22":[2,0],"23":[1,1],"24":[2,1],"25":[6,0],"26":[6,0],"27":[6,0],"28":[6,0],"29":[1,0],"30":[1,0],"31":[1,0],"32":[1,0],"33":[1,0]},"_coverageSchema":"1a1c01bbd47fc00a2c39e90264f33305004495a9","hash":"e5a291e5d2f36ffe9a20ab27e743de4ebb433a67"}
,"/home/user/dicoding-aiweb/server/src/utils/converter.js": {"path":"/home/user/dicoding-aiweb/server/src/utils/converter.js","statementMap":{"0":{"start":{"line":1,"column":28},"end":{"line":1,"column":75}},"1":{"start":{"line":4,"column":27},"end":{"line":4,"column":67}},"2":{"start":{"line":5,"column":2},"end":{"line":5,"column":76}},"3":{"start":{"line":5,"column":33},"end":{"line":5,"column":76}},"4":{"start":{"line":6,"column":2},"end":{"line":15,"column":4}},"5":{"start":{"line":19,"column":15},"end":{"line":27,"column":3}},"6":{"start":{"line":28,"column":2},"end":{"line":28,"column":64}},"7":{"start":{"line":28,"column":33},"end":{"line":28,"column":64}},"8":{"start":{"line":29,"column":2},"end":{"line":29,"column":23}},"9":{"start":{"line":33,"column":17},"end":{"line":33,"column":106}},"10":{"start":{"line":34,"column":2},"end":{"line":34,"column":46}},"11":{"start":{"line":35,"column":2},"end":{"line":35,"column":16}},"12":{"start":{"line":39,"column":17},"end":{"line":39,"column":90}},"13":{"start":{"line":40,"column":2},"end":{"line":40,"column":46}},"14":{"start":{"line":41,"column":2},"end":{"line":41,"column":16}},"15":{"start":{"line":45,"column":15},"end":{"line":52,"column":3}},"16":{"start":{"line":53,"column":2},"end":{"line":53,"column":64}},"17":{"start":{"line":53,"column":33},"end":{"line":53,"column":64}},"18":{"start":{"line":54,"column":2},"end":{"line":54,"column":18}},"19":{"start":{"line":58,"column":2},"end":{"line":67,"column":3}},"20":{"start":{"line":60,"column":6},"end":{"line":60,"column":33}},"21":{"start":{"line":64,"column":6},"end":{"line":64,"column":96}},"22":{"start":{"line":66,"column":6},"end":{"line":66,"column":70}},"23":{"start":{"line":70,"column":0},"end":{"line":78,"column":2}}},"fnMap":{"0":{"name":"buildGeminiPayload","decl":{"start":{"line":3,"column":9},"end":{"line":3,"column":27}},"loc":{"start":{"line":3,"column":75},"end":{"line":16,"column":1}},"line":3},"1":{"name":"buildOaiCompatPayload","decl":{"start":{"line":18,"column":9},"end":{"line":18,"column":30}},"loc":{"start":{"line":18,"column":83},"end":{"line":30,"column":1}},"line":18},"2":{"name":"buildOpenRouterPayload","decl":{"start":{"line":32,"column":9},"end":{"line":32,"column":31}},"loc":{"start":{"line":32,"column":79},"end":{"line":36,"column":1}},"line":32},"3":{"name":"buildGlmPayload","decl":{"start":{"line":38,"column":9},"end":{"line":38,"column":24}},"loc":{"start":{"line":38,"column":77},"end":{"line":42,"column":1}},"line":38},"4":{"name":"buildOllamaPayload","decl":{"start":{"line":44,"column":9},"end":{"line":44,"column":27}},"loc":{"start":{"line":44,"column":75},"end":{"line":55,"column":1}},"line":44},"5":{"name":"extractContent","decl":{"start":{"line":57,"column":9},"end":{"line":57,"column":23}},"loc":{"start":{"line":57,"column":39},"end":{"line":68,"column":1}},"line":57}},"branchMap":{"0":{"loc":{"start":{"line":5,"column":2},"end":{"line":5,"column":76}},"type":"if","locations":[{"start":{"line":5,"column":2},"end":{"line":5,"column":76}},{"start":{},"end":{}}],"line":5},"1":{"loc":{"start":{"line":28,"column":2},"end":{"line":28,"column":64}},"type":"if","locations":[{"start":{"line":28,"column":2},"end":{"line":28,"column":64}},{"start":{},"end":{}}],"line":28},"2":{"loc":{"start":{"line":53,"column":2},"end":{"line":53,"column":64}},"type":"if","locations":[{"start":{"line":53,"column":2},"end":{"line":53,"column":64}},{"start":{},"end":{}}],"line":53},"3":{"loc":{"start":{"line":58,"column":2},"end":{"line":67,"column":3}},"type":"switch","locations":[{"start":{"line":59,"column":4},"end":{"line":60,"column":33}},{"start":{"line":61,"column":4},"end":{"line":61,"column":22}},{"start":{"line":62,"column":4},"end":{"line":62,"column":15}},{"start":{"line":63,"column":4},"end":{"line":64,"column":96}},{"start":{"line":65,"column":4},"end":{"line":66,"column":70}}],"line":58},"4":{"loc":{"start":{"line":64,"column":13},"end":{"line":64,"column":95}},"type":"binary-expr","locations":[{"start":{"line":64,"column":13},"end":{"line":64,"column":47}},{"start":{"line":64,"column":51},"end":{"line":64,"column":87}},{"start":{"line":64,"column":91},"end":{"line":64,"column":95}}],"line":64}},"s":{"0":7,"1":2,"2":2,"3":1,"4":2,"5":4,"6":4,"7":3,"8":4,"9":1,"10":1,"11":1,"12":1,"13":1,"14":1,"15":2,"16":2,"17":1,"18":2,"19":7,"20":1,"21":5,"22":1,"23":7},"f":{"0":2,"1":4,"2":1,"3":1,"4":2,"5":7},"b":{"0":[1,1],"1":[3,1],"2":[1,1],"3":[1,3,4,5,1],"4":[5,2,1]},"_coverageSchema":"1a1c01bbd47fc00a2c39e90264f33305004495a9","hash":"e6014f5045e304e894140829c0c57e9b0d6ae940"}
,"/home/user/dicoding-aiweb/server/src/utils/logger.js": {"path":"/home/user/dicoding-aiweb/server/src/utils/logger.js","statementMap":{"0":{"start":{"line":1,"column":13},"end":{"line":1,"column":28}},"1":{"start":{"line":2,"column":15},"end":{"line":2,"column":35}},"2":{"start":{"line":4,"column":15},"end":{"line":9,"column":2}},"3":{"start":{"line":11,"column":0},"end":{"line":11,"column":24}}},"fnMap":{},"branchMap":{"0":{"loc":{"start":{"line":5,"column":9},"end":{"line":5,"column":59}},"type":"cond-expr","locations":[{"start":{"line":5,"column":43},"end":{"line":5,"column":49}},{"start":{"line":5,"column":52},"end":{"line":5,"column":59}}],"line":5},"1":{"loc":{"start":{"line":6,"column":6},"end":{"line":8,"column":3}},"type":"binary-expr","locations":[{"start":{"line":6,"column":6},"end":{"line":6,"column":37}},{"start":{"line":6,"column":41},"end":{"line":8,"column":3}}],"line":6}},"s":{"0":28,"1":28,"2":28,"3":28},"f":{},"b":{"0":[0,28],"1":[28,28]},"_coverageSchema":"1a1c01bbd47fc00a2c39e90264f33305004495a9","hash":"86cf6a0a1528df8df6df2c0df779d8c2f61c2af2"}
,"/home/user/dicoding-aiweb/server/src/utils/metrics.js": {"path":"/home/user/dicoding-aiweb/server/src/utils/metrics.js","statementMap":{"0":{"start":{"line":1,"column":19},"end":{"line":1,"column":41}},"1":{"start":{"line":3,"column":0},"end":{"line":3,"column":35}},"2":{"start":{"line":5,"column":17},"end":{"line":5,"column":36}},"3":{"start":{"line":7,"column":25},"end":{"line":11,"column":2}},"4":{"start":{"line":13,"column":20},"end":{"line":18,"column":2}},"5":{"start":{"line":20,"column":23},"end":{"line":24,"column":2}},"6":{"start":{"line":26,"column":0},"end":{"line":26,"column":77}}},"fnMap":{},"branchMap":{},"s":{"0":6,"1":6,"2":6,"3":6,"4":6,"5":6,"6":6},"f":{},"b":{},"_coverageSchema":"1a1c01bbd47fc00a2c39e90264f33305004495a9","hash":"e337ae4f119e5c7e2d57c303cab84d5c735f5a17"}
,"/home/user/dicoding-aiweb/server/src/utils/retry.js": {"path":"/home/user/dicoding-aiweb/server/src/utils/retry.js","statementMap":{"0":{"start":{"line":1,"column":15},"end":{"line":1,"column":34}},"1":{"start":{"line":3,"column":27},"end":{"line":12,"column":2}},"2":{"start":{"line":15,"column":2},"end":{"line":15,"column":57}},"3":{"start":{"line":15,"column":32},"end":{"line":15,"column":55}},"4":{"start":{"line":19,"column":98},"end":{"line":19,"column":102}},"5":{"start":{"line":22,"column":2},"end":{"line":44,"column":3}},"6":{"start":{"line":22,"column":21},"end":{"line":22,"column":22}},"7":{"start":{"line":23,"column":4},"end":{"line":43,"column":5}},"8":{"start":{"line":24,"column":6},"end":{"line":24,"column":31}},"9":{"start":{"line":26,"column":6},"end":{"line":26,"column":20}},"10":{"start":{"line":27,"column":24},"end":{"line":27,"column":61}},"11":{"start":{"line":28,"column":6},"end":{"line":30,"column":7}},"12":{"start":{"line":29,"column":8},"end":{"line":29,"column":18}},"13":{"start":{"line":32,"column":21},"end":{"line":32,"column":44}},"14":{"start":{"line":33,"column":22},"end":{"line":33,"column":87}},"15":{"start":{"line":34,"column":6},"end":{"line":41,"column":43}},"16":{"start":{"line":42,"column":6},"end":{"line":42,"column":27}},"17":{"start":{"line":45,"column":2},"end":{"line":45,"column":16}},"18":{"start":{"line":49,"column":2},"end":{"line":49,"column":42}},"19":{"start":{"line":52,"column":0},"end":{"line":52,"column":71}}},"fnMap":{"0":{"name":"sleep","decl":{"start":{"line":14,"column":9},"end":{"line":14,"column":14}},"loc":{"start":{"line":14,"column":19},"end":{"line":16,"column":1}},"line":14},"1":{"name":"(anonymous_1)","decl":{"start":{"line":15,"column":21},"end":{"line":15,"column":22}},"loc":{"start":{"line":15,"column":32},"end":{"line":15,"column":55}},"line":15},"2":{"name":"withRetry","decl":{"start":{"line":18,"column":15},"end":{"line":18,"column":24}},"loc":{"start":{"line":18,"column":40},"end":{"line":46,"column":1}},"line":18},"3":{"name":"isTransientPgError","decl":{"start":{"line":48,"column":9},"end":{"line":48,"column":27}},"loc":{"start":{"line":48,"column":33},"end":{"line":50,"column":1}},"line":48}},"branchMap":{"0":{"loc":{"start":{"line":18,"column":29},"end":{"line":18,"column":38}},"type":"default-arg","locations":[{"start":{"line":18,"column":36},"end":{"line":18,"column":38}}],"line":18},"1":{"loc":{"start":{"line":19,"column":10},"end":{"line":19,"column":25}},"type":"default-arg","locations":[{"start":{"line":19,"column":24},"end":{"line":19,"column":25}}],"line":19},"2":{"loc":{"start":{"line":19,"column":27},"end":{"line":19,"column":40}},"type":"default-arg","locations":[{"start":{"line":19,"column":37},"end":{"line":19,"column":40}}],"line":19},"3":{"loc":{"start":{"line":19,"column":42},"end":{"line":19,"column":59}},"type":"default-arg","locations":[{"start":{"line":19,"column":55},"end":{"line":19,"column":59}}],"line":19},"4":{"loc":{"start":{"line":19,"column":74},"end":{"line":19,"column":93}},"type":"default-arg","locations":[{"start":{"line":19,"column":82},"end":{"line":19,"column":93}}],"line":19},"5":{"loc":{"start":{"line":27,"column":24},"end":{"line":27,"column":61}},"type":"cond-expr","locations":[{"start":{"line":27,"column":38},"end":{"line":27,"column":54}},{"start":{"line":27,"column":57},"end":{"line":27,"column":61}}],"line":27},"6":{"loc":{"start":{"line":28,"column":6},"end":{"line":30,"column":7}},"type":"if","locations":[{"start":{"line":28,"column":6},"end":{"line":30,"column":7}},{"start":{},"end":{}}],"line":28},"7":{"loc":{"start":{"line":28,"column":10},"end":{"line":28,"column":47}},"type":"binary-expr","locations":[{"start":{"line":28,"column":10},"end":{"line":28,"column":20}},{"start":{"line":28,"column":24},"end":{"line":28,"column":47}}],"line":28},"8":{"loc":{"start":{"line":39,"column":14},"end":{"line":39,"column":35}},"type":"binary-expr","locations":[{"start":{"line":39,"column":14},"end":{"line":39,"column":22}},{"start":{"line":39,"column":26},"end":{"line":39,"column":35}}],"line":39}},"s":{"0":28,"1":28,"2":4,"3":4,"4":23,"5":23,"6":23,"7":27,"8":27,"9":22,"10":22,"11":22,"12":18,"13":4,"14":4,"15":4,"16":4,"17":0,"18":20,"19":28},"f":{"0":4,"1":4,"2":23,"3":20},"b":{"0":[1],"1":[1],"2":[1],"3":[23],"4":[7],"5":[18,4],"6":[18,4],"7":[22,5],"8":[4,4]},"_coverageSchema":"1a1c01bbd47fc00a2c39e90264f33305004495a9","hash":"9b35602f8e985c8f834be41560e6a2dea7933966"}
}
