TN:
SF:src/app.js
FNF:0
FNH:0
DA:1,9
DA:2,9
DA:3,9
DA:4,9
DA:5,9
DA:6,9
DA:7,9
DA:8,9
DA:9,9
DA:10,9
DA:11,9
DA:13,9
DA:14,9
DA:15,9
DA:16,9
DA:17,9
DA:18,9
DA:19,9
DA:20,9
DA:21,9
DA:23,9
DA:24,9
DA:25,9
DA:36,9
DA:37,9
DA:38,9
DA:39,9
DA:41,9
DA:42,9
DA:43,9
DA:44,9
DA:45,9
DA:46,9
DA:47,9
DA:48,9
DA:49,9
DA:51,9
DA:53,9
LF:38
LH:38
BRF:0
BRH:0
end_of_record
TN:
SF:src/db.js
FN:13,(anonymous_0)
FN:17,query
FN:21,(anonymous_2)
FN:29,withTransaction
FN:30,(anonymous_4)
FN:38,(anonymous_5)
FN:51,isHealthy
FNF:7
FNH:5
FNDA:0,(anonymous_0)
FNDA:63,query
FNDA:57,(anonymous_2)
FNDA:3,withTransaction
FNDA:3,(anonymous_4)
FNDA:0,(anonymous_5)
FNDA:1,isHealthy
DA:1,32
DA:2,32
DA:3,32
DA:4,32
DA:6,32
DA:13,32
DA:14,0
DA:18,63
DA:19,63
DA:21,57
DA:30,3
DA:31,3
DA:32,3
DA:33,3
DA:34,3
DA:35,3
DA:36,3
DA:38,0
DA:39,0
DA:41,3
DA:52,1
DA:53,1
DA:54,1
DA:56,0
DA:60,32
LF:25
LH:21
BRDA:18,0,0,63
BRDA:18,0,1,57
BRDA:19,1,0,6
BRDA:19,1,1,57
BRF:4
BRH:4
end_of_record
TN:
SF:src/config/firebase.js
FN:3,(anonymous_0)
FNF:1
FNH:1
FNDA:9,(anonymous_0)
DA:1,9
DA:3,9
DA:4,9
DA:5,9
DA:6,9
DA:7,9
DA:9,0
DA:13,9
DA:14,9
DA:19,9
LF:10
LH:9
BRDA:5,0,0,0
BRDA:5,0,1,9
BRDA:13,1,0,9
BRDA:13,1,1,0
BRF:4
BRH:2
end_of_record
TN:
SF:src/config/index.js
FN:29,(anonymous_0)
FN:59,(anonymous_1)
FNF:2
FNH:2
FNDA:99,(anonymous_0)
FNDA:33,(anonymous_1)
DA:1,33
DA:3,33
DA:8,33
DA:9,66
DA:12,33
DA:14,33
DA:15,33
DA:17,33
DA:18,33
DA:19,0
DA:21,33
DA:22,99
DA:23,0
DA:24,0
DA:28,33
DA:29,99
DA:31,33
DA:59,33
LF:18
LH:15
BRDA:12,0,0,33
BRDA:12,0,1,0
BRDA:14,1,0,33
BRDA:14,1,1,33
BRDA:15,2,0,33
BRDA:15,2,1,33
BRDA:18,3,0,0
BRDA:18,3,1,33
BRDA:22,4,0,0
BRDA:22,4,1,99
BRDA:28,5,0,33
BRDA:28,5,1,0
BRDA:32,6,0,33
BRDA:32,6,1,0
BRDA:33,7,0,33
BRDA:33,7,1,0
BRDA:40,8,0,33
BRDA:40,8,1,0
BRDA:41,9,0,33
BRDA:41,9,1,0
BRDA:42,10,0,33
BRDA:42,10,1,0
BRDA:43,11,0,33
BRDA:43,11,1,0
BRDA:44,12,0,33
BRDA:44,12,1,0
BRDA:45,13,0,33
BRDA:45,13,1,0
BRDA:46,14,0,33
BRDA:46,14,1,0
BRDA:50,15,0,33
BRDA:50,15,1,0
BRDA:50,15,2,0
BRDA:50,16,0,33
BRDA:50,16,1,0
BRDA:51,17,0,0
BRDA:51,17,1,0
BRDA:52,18,0,0
BRDA:52,18,1,0
BRDA:54,19,0,33
BRDA:54,19,1,0
BRDA:54,20,0,33
BRDA:54,20,1,0
BRDA:55,21,0,33
BRDA:55,21,1,0
BRDA:58,22,0,33
BRDA:58,22,1,33
BRDA:59,23,0,33
BRDA:59,23,1,33
BRDA:60,24,0,33
BRDA:60,24,1,33
BRF:51
BRH:28
end_of_record
TN:
SF:src/constants/enums.js
FNF:0
FNH:0
DA:1,13
DA:3,13
DA:4,13
DA:5,13
DA:6,13
DA:8,13
DA:10,13
DA:12,13
DA:18,13
DA:20,13
DA:22,13
LF:11
LH:11
BRF:0
BRH:0
end_of_record
TN:
SF:src/middleware/authenticate.js
FN:4,authenticate
FNF:1
FNH:1
FNDA:164,authenticate
DA:1,9
DA:2,9
DA:5,164
DA:6,164
DA:7,24
DA:10,140
DA:11,140
DA:12,140
DA:13,139
DA:14,139
DA:16,1
DA:20,9
LF:12
LH:12
BRDA:6,0,0,24
BRDA:6,0,1,140
BRDA:6,1,0,164
BRDA:6,1,1,140
BRF:4
BRH:4
end_of_record
TN:
SF:src/middleware/errorHandler.js
FN:3,buildMeta
FN:11,errorHandler
FNF:2
FNH:2
FNDA:112,buildMeta
FNDA:112,errorHandler
DA:1,10
DA:4,112
DA:5,112
DA:6,1
DA:8,112
DA:12,112
DA:14,112
DA:15,88
DA:22,24
DA:23,1
DA:30,23
DA:31,1
DA:38,22
DA:39,1
DA:46,21
DA:47,1
DA:54,20
DA:55,1
DA:62,19
DA:63,1
DA:70,18
DA:71,1
DA:78,17
DA:79,17
DA:81,17
DA:89,17
DA:99,10
LF:27
LH:27
BRDA:5,0,0,1
BRDA:5,0,1,111
BRDA:12,1,0,112
BRDA:12,1,1,1
BRDA:14,2,0,88
BRDA:14,2,1,24
BRDA:17,3,0,88
BRDA:17,3,1,1
BRDA:22,4,0,1
BRDA:22,4,1,23
BRDA:30,5,0,1
BRDA:30,5,1,22
BRDA:38,6,0,1
BRDA:38,6,1,21
BRDA:46,7,0,1
BRDA:46,7,1,20
BRDA:54,8,0,1
BRDA:54,8,1,19
BRDA:62,9,0,1
BRDA:62,9,1,18
BRDA:70,10,0,1
BRDA:70,10,1,17
BRDA:78,11,0,17
BRDA:78,11,1,8
BRDA:78,11,2,8
BRDA:79,12,0,17
BRDA:79,12,1,0
BRDA:86,13,0,17
BRDA:86,13,1,16
BRDA:92,14,0,17
BRDA:92,14,1,5
BRDA:93,15,0,1
BRDA:93,15,1,16
BRF:33
BRH:32
end_of_record
TN:
SF:src/middleware/metricsAuth.js
FN:1,metricsAuth
FNF:1
FNH:1
FNDA:6,metricsAuth
DA:2,6
DA:3,6
DA:5,2
DA:6,2
DA:7,1
DA:9,1
DA:12,12
LF:7
LH:7
BRDA:3,0,0,4
BRDA:3,0,1,2
BRDA:6,1,0,1
BRDA:6,1,1,1
BRF:4
BRH:4
end_of_record
TN:
SF:src/middleware/rateLimiter.js
FN:10,makeLimiter
FN:22,(anonymous_1)
FN:39,getRetryAfterSeconds
FN:53,(anonymous_3)
FN:54,(anonymous_4)
FN:71,(anonymous_5)
FN:72,(anonymous_6)
FN:91,(anonymous_7)
FN:92,(anonymous_8)
FNF:9
FNH:7
FNDA:27,makeLimiter
FNDA:0,(anonymous_1)
FNDA:8,getRetryAfterSeconds
FNDA:48,(anonymous_3)
FNDA:7,(anonymous_4)
FNDA:54,(anonymous_5)
FNDA:1,(anonymous_6)
FNDA:50,(anonymous_7)
FNDA:0,(anonymous_8)
DA:1,9
DA:2,9
DA:3,9
DA:4,9
DA:6,9
DA:7,9
DA:8,9
DA:11,27
DA:20,27
DA:21,0
DA:23,0
DA:24,0
DA:25,0
DA:28,0
DA:29,0
DA:36,27
DA:40,8
DA:41,8
DA:43,8
DA:44,8
DA:46,8
DA:49,9
DA:53,48
DA:55,7
DA:56,7
DA:67,9
DA:71,54
DA:73,1
DA:74,1
DA:85,9
DA:87,9
DA:91,50
DA:93,0
DA:94,0
DA:105,9
LF:35
LH:27
BRDA:6,0,0,9
BRDA:6,0,1,8
BRDA:7,1,0,9
BRDA:7,1,1,8
BRDA:8,2,0,9
BRDA:8,2,1,8
BRDA:20,3,0,0
BRDA:20,3,1,27
BRDA:41,4,0,0
BRDA:41,4,1,8
BRDA:43,5,0,8
BRDA:43,5,1,0
BRDA:44,6,0,0
BRDA:44,6,1,8
BRDA:71,7,0,54
BRDA:71,7,1,0
BRDA:85,8,0,9
BRDA:85,8,1,9
BRDA:91,9,0,50
BRDA:91,9,1,49
BRF:20
BRH:15
end_of_record
TN:
SF:src/middleware/requestLogger.js
FN:5,requestLogger
FN:9,(anonymous_1)
FNF:2
FNH:2
FNDA:161,requestLogger
FNDA:161,(anonymous_1)
DA:1,9
DA:2,9
DA:3,9
DA:6,161
DA:7,161
DA:9,161
DA:10,161
DA:11,161
DA:13,161
DA:14,161
DA:16,161
DA:17,8
DA:28,161
DA:38,161
DA:41,9
LF:15
LH:15
BRDA:11,0,0,128
BRDA:11,0,1,33
BRDA:11,1,0,128
BRDA:11,1,1,97
BRDA:11,2,0,128
BRDA:11,2,1,0
BRDA:16,3,0,8
BRDA:16,3,1,153
BRDA:23,4,0,8
BRDA:23,4,1,7
BRDA:24,5,0,8
BRDA:24,5,1,0
BRDA:34,6,0,161
BRDA:34,6,1,75
BRF:14
BRH:12
end_of_record
TN:
SF:src/middleware/requireAdmin.js
FN:3,requireAdmin
FNF:1
FNH:0
FNDA:0,requireAdmin
DA:1,9
DA:4,0
DA:6,0
DA:7,0
DA:10,0
DA:11,0
DA:14,0
DA:15,0
DA:18,0
DA:21,9
LF:10
LH:2
BRDA:6,0,0,0
BRDA:6,0,1,0
BRDA:6,1,0,0
BRDA:6,1,1,0
BRDA:10,2,0,0
BRDA:10,2,1,0
BRDA:10,3,0,0
BRDA:10,3,1,0
BRDA:14,4,0,0
BRDA:14,4,1,0
BRF:10
BRH:0
end_of_record
TN:
SF:src/middleware/responseEnricher.js
FN:1,responseEnricher
FN:3,(anonymous_1)
FNF:2
FNH:2
FNDA:161,responseEnricher
FNDA:158,(anonymous_1)
DA:2,161
DA:3,161
DA:4,158
DA:5,158
DA:6,158
DA:8,158
DA:10,161
DA:13,9
LF:8
LH:8
BRDA:4,0,0,158
BRDA:4,0,1,0
BRDA:4,1,0,158
BRDA:4,1,1,158
BRDA:5,2,0,61
BRDA:5,2,1,97
BRDA:6,3,0,61
BRDA:6,3,1,97
BRF:8
BRH:7
end_of_record
TN:
SF:src/middleware/validate.js
FN:1,validate
FN:2,(anonymous_1)
FNF:2
FNH:2
FNDA:147,validate
FNDA:115,(anonymous_1)
DA:2,147
DA:3,115
DA:4,115
DA:5,27
DA:6,27
DA:7,27
DA:9,88
DA:14,11
LF:8
LH:8
BRDA:1,0,0,0
BRDA:4,1,0,107
BRDA:4,1,1,8
BRDA:5,2,0,8
BRDA:5,2,1,19
BRDA:6,3,0,0
BRDA:6,3,1,27
BRF:7
BRH:5
end_of_record
TN:
SF:src/models/ai-recommendation.model.js
FNF:0
FNH:0
DA:1,9
DA:2,9
DA:4,9
DA:16,9
DA:21,9
LF:5
LH:5
BRF:0
BRH:0
end_of_record
TN:
SF:src/models/audit-log.model.js
FNF:0
FNH:0
DA:1,1
DA:3,1
DA:12,1
LF:3
LH:3
BRF:0
BRH:0
end_of_record
TN:
SF:src/models/chat-message.model.js
FNF:0
FNH:0
DA:1,1
DA:2,1
DA:4,1
DA:14,1
LF:4
LH:4
BRF:0
BRH:0
end_of_record
TN:
SF:src/models/coach.model.js
FNF:0
FNH:0
DA:1,10
DA:2,10
DA:4,10
DA:5,10
DA:7,10
DA:117,10
DA:125,10
DA:130,10
LF:8
LH:8
BRF:0
BRH:0
end_of_record
TN:
SF:src/models/goal.model.js
FNF:0
FNH:0
DA:1,10
DA:2,10
DA:4,10
DA:15,10
DA:21,10
DA:28,10
LF:6
LH:6
BRF:0
BRH:0
end_of_record
TN:
SF:src/models/llm.model.js
FNF:0
FNH:0
DA:1,11
DA:2,11
DA:4,11
DA:11,11
DA:16,11
DA:21,11
LF:6
LH:6
BRF:0
BRH:0
end_of_record
TN:
SF:src/models/plan-snapshot.model.js
FNF:0
FNH:0
DA:1,1
DA:3,1
DA:13,1
LF:3
LH:3
BRF:0
BRH:0
end_of_record
TN:
SF:src/models/profile.model.js
FNF:0
FNH:0
DA:1,1
DA:2,1
DA:4,1
DA:13,1
LF:4
LH:4
BRF:0
BRH:0
end_of_record
TN:
SF:src/models/progress-snapshot.model.js
FNF:0
FNH:0
DA:1,1
DA:3,1
DA:13,1
LF:3
LH:3
BRF:0
BRH:0
end_of_record
TN:
SF:src/models/refresh-token.model.js
FNF:0
FNH:0
DA:1,1
DA:3,1
DA:11,1
LF:3
LH:3
BRF:0
BRH:0
end_of_record
TN:
SF:src/models/student-metrics.model.js
FNF:0
FNH:0
DA:1,1
DA:3,1
DA:19,1
LF:3
LH:3
BRF:0
BRH:0
end_of_record
TN:
SF:src/models/task.model.js
FN:9,isValidCalendarDate
FNF:1
FNH:1
FNDA:13,isValidCalendarDate
DA:1,13
DA:7,13
DA:10,13
DA:11,13
DA:12,13
DA:13,13
DA:18,13
DA:22,13
DA:46,13
DA:55,13
DA:66,13
DA:81,13
DA:88,13
DA:94,13
LF:14
LH:14
BRDA:10,0,0,0
BRDA:10,0,1,13
BRDA:13,1,0,13
BRDA:13,1,1,12
BRDA:13,1,2,12
BRF:5
BRH:4
end_of_record
TN:
SF:src/models/user.model.js
FNF:0
FNH:0
DA:1,10
DA:3,10
DA:12,10
DA:22,10
DA:27,10
LF:5
LH:5
BRF:0
BRH:0
end_of_record
TN:
SF:src/repositories/ai-recommendation.repo.js
FN:3,findByIdAndUserId
FN:13,create
FN:23,updateStatus
FN:32,updateOutput
FN:41,computeAllMetrics
FNF:5
FNH:5
FNDA:4,findByIdAndUserId
FNDA:2,create
FNDA:1,updateStatus
FNDA:1,updateOutput
FNDA:3,computeAllMetrics
DA:1,10
DA:4,4
DA:5,4
DA:10,3
DA:14,2
DA:20,2
DA:24,1
DA:29,1
DA:33,1
DA:38,1
DA:42,3
DA:50,3
DA:53,10
LF:13
LH:13
BRDA:4,0,0,1
BRDA:4,0,1,3
BRDA:10,1,0,3
BRDA:10,1,1,1
BRDA:17,2,0,2
BRDA:17,2,1,1
BRDA:17,3,0,2
BRDA:17,3,1,2
BRDA:50,4,0,3
BRDA:50,4,1,1
BRF:10
BRH:10
end_of_record
TN:
SF:src/repositories/audit-log.repo.js
FN:3,create
FN:13,findByUserId
FN:30,countByAction
FN:36,(anonymous_3)
FNF:4
FNH:4
FNDA:1,create
FNDA:2,findByUserId
FNDA:1,countByAction
FNDA:2,(anonymous_3)
DA:1,10
DA:4,1
DA:10,1
DA:14,2
DA:15,2
DA:16,2
DA:18,2
DA:19,1
DA:20,1
DA:23,2
DA:24,2
DA:26,2
DA:27,2
DA:31,1
DA:36,1
DA:37,2
DA:38,2
DA:42,10
LF:18
LH:18
BRDA:7,0,0,1
BRDA:7,0,1,0
BRDA:7,1,0,1
BRDA:7,1,1,1
BRDA:7,2,0,1
BRDA:7,2,1,0
BRDA:7,3,0,1
BRDA:7,3,1,1
BRDA:7,4,0,1
BRDA:7,4,1,1
BRDA:13,5,0,1
BRDA:13,6,0,2
BRDA:13,7,0,2
BRDA:18,8,0,1
BRDA:18,8,1,1
BRF:15
BRH:13
end_of_record
TN:
SF:src/repositories/cache.repo.js
FN:11,(anonymous_0)
FN:30,(anonymous_1)
FN:51,(anonymous_2)
FN:66,(anonymous_3)
FN:80,(anonymous_4)
FNF:5
FNH:0
FNDA:0,(anonymous_0)
FNDA:0,(anonymous_1)
FNDA:0,(anonymous_2)
FNDA:0,(anonymous_3)
FNDA:0,(anonymous_4)
DA:1,9
DA:2,9
DA:12,0
DA:13,0
DA:14,0
DA:15,0
DA:18,0
DA:20,0
DA:21,0
DA:31,0
DA:32,0
DA:33,0
DA:34,0
DA:36,0
DA:37,0
DA:39,0
DA:42,0
DA:43,0
DA:52,0
DA:53,0
DA:54,0
DA:55,0
DA:57,0
DA:58,0
DA:67,0
DA:68,0
DA:69,0
DA:71,0
DA:72,0
DA:81,0
DA:82,0
DA:83,0
DA:85,0
DA:86,0
DA:91,9
LF:35
LH:3
BRDA:11,0,0,0
BRDA:13,1,0,0
BRDA:13,1,1,0
BRDA:14,2,0,0
BRDA:14,2,1,0
BRDA:32,3,0,0
BRDA:32,3,1,0
BRDA:34,4,0,0
BRDA:34,4,1,0
BRDA:53,5,0,0
BRDA:53,5,1,0
BRDA:68,6,0,0
BRDA:68,6,1,0
BRDA:82,7,0,0
BRDA:82,7,1,0
BRF:15
BRH:0
end_of_record
TN:
SF:src/repositories/chat-message.repo.js
FN:3,create
FN:13,findRecentByUser
FN:22,findByUser
FNF:3
FNH:3
FNDA:1,create
FNDA:1,findRecentByUser
FNDA:1,findByUser
DA:1,10
DA:4,1
DA:10,1
DA:14,1
DA:19,1
DA:23,1
DA:28,1
DA:31,10
LF:8
LH:8
BRDA:7,0,0,1
BRDA:7,0,1,1
BRDA:7,1,0,1
BRDA:7,1,1,1
BRDA:7,2,0,1
BRDA:7,2,1,1
BRDA:13,3,0,1
BRDA:22,4,0,1
BRDA:22,5,0,1
BRDA:22,6,0,1
BRF:10
BRH:10
end_of_record
TN:
SF:src/repositories/goal.repo.js
FN:3,list
FN:21,findById
FN:26,findByIdAndUserId
FN:35,create
FN:45,update
FN:70,remove
FNF:6
FNH:6
FNDA:5,list
FNDA:2,findById
FNDA:12,findByIdAndUserId
FNDA:5,create
FNDA:4,update
FNDA:4,remove
DA:1,10
DA:4,5
DA:5,5
DA:6,5
DA:7,5
DA:8,1
DA:9,1
DA:11,5
DA:12,5
DA:13,5
DA:14,4
DA:15,4
DA:17,5
DA:18,5
DA:22,2
DA:23,2
DA:27,12
DA:32,12
DA:36,5
DA:42,5
DA:46,4
DA:47,4
DA:48,4
DA:49,4
DA:51,4
DA:52,16
DA:53,5
DA:54,5
DA:57,4
DA:59,3
DA:60,3
DA:61,3
DA:62,3
DA:67,3
DA:71,4
DA:77,4
DA:82,4
DA:85,10
LF:38
LH:38
BRDA:3,0,0,1
BRDA:7,1,0,1
BRDA:7,1,1,4
BRDA:12,2,0,2
BRDA:12,2,1,3
BRDA:13,3,0,4
BRDA:13,3,1,1
BRDA:23,4,0,2
BRDA:23,4,1,1
BRDA:32,5,0,12
BRDA:32,5,1,5
BRDA:39,6,0,5
BRDA:39,6,1,4
BRDA:39,7,0,5
BRDA:39,7,1,2
BRDA:39,8,0,5
BRDA:39,8,1,4
BRDA:52,9,0,5
BRDA:52,9,1,11
BRDA:57,10,0,1
BRDA:57,10,1,3
BRF:21
BRH:21
end_of_record
TN:
SF:src/repositories/index.js
FNF:0
FNH:0
DA:1,9
DA:2,9
DA:3,9
DA:4,9
DA:5,9
DA:6,9
DA:7,9
DA:8,9
DA:9,9
DA:10,9
DA:11,9
DA:12,9
DA:14,9
LF:13
LH:13
BRF:0
BRH:0
end_of_record
TN:
SF:src/repositories/plan-snapshot.repo.js
FN:3,create
FN:13,findLatest
FN:22,remove
FNF:3
FNH:3
FNDA:1,create
FNDA:2,findLatest
FNDA:2,remove
DA:1,10
DA:4,1
DA:10,1
DA:14,2
DA:19,2
DA:23,2
DA:28,2
DA:31,10
LF:8
LH:8
BRDA:7,0,0,1
BRDA:7,0,1,1
BRDA:19,1,0,2
BRDA:19,1,1,1
BRF:4
BRH:4
end_of_record
TN:
SF:src/repositories/profile.repo.js
FN:3,findByUserId
FN:8,create
FN:18,update
FNF:3
FNH:3
FNDA:6,findByUserId
FNDA:4,create
FNDA:4,update
DA:1,10
DA:4,6
DA:5,6
DA:9,4
DA:15,4
DA:19,4
DA:20,4
DA:21,4
DA:22,4
DA:24,4
DA:25,16
DA:26,7
DA:27,7
DA:30,4
DA:32,3
DA:33,3
DA:34,3
DA:39,3
DA:42,10
LF:19
LH:19
BRDA:5,0,0,6
BRDA:5,0,1,1
BRDA:12,1,0,4
BRDA:12,1,1,1
BRDA:25,2,0,7
BRDA:25,2,1,9
BRDA:30,3,0,1
BRDA:30,3,1,3
BRF:8
BRH:8
end_of_record
TN:
SF:src/repositories/progress-snapshot.repo.js
FN:3,findByUserAndWeek
FN:12,upsert
FN:27,listTrend
FNF:3
FNH:3
FNDA:2,findByUserAndWeek
FNDA:1,upsert
FNDA:4,listTrend
DA:1,10
DA:4,2
DA:9,2
DA:13,1
DA:24,1
DA:28,4
DA:29,4
DA:30,4
DA:32,4
DA:33,2
DA:34,2
DA:36,4
DA:37,2
DA:38,2
DA:40,4
DA:41,4
DA:42,4
DA:44,4
DA:45,4
DA:48,10
LF:20
LH:20
BRDA:9,0,0,2
BRDA:9,0,1,1
BRDA:27,1,0,1
BRDA:27,2,0,4
BRDA:27,3,0,4
BRDA:32,4,0,2
BRDA:32,4,1,2
BRDA:36,5,0,2
BRDA:36,5,1,2
BRF:9
BRH:9
end_of_record
TN:
SF:src/repositories/refresh-token.repo.js
FN:3,create
FN:13,findByTokenHash
FN:24,revokeByTokenHash
FN:33,revokeAllForUser
FN:42,cleanExpired
FNF:5
FNH:5
FNDA:4,create
FNDA:2,findByTokenHash
FNDA:2,revokeByTokenHash
FNDA:4,revokeAllForUser
FNDA:1,cleanExpired
DA:1,10
DA:4,4
DA:10,4
DA:14,2
DA:21,2
DA:25,2
DA:30,2
DA:34,4
DA:39,4
DA:43,1
DA:48,1
DA:51,10
LF:12
LH:12
BRDA:21,0,0,2
BRDA:21,0,1,1
BRF:2
BRH:2
end_of_record
TN:
SF:src/repositories/student-metrics.repo.js
FN:3,findByUserId
FN:12,upsert
FN:17,(anonymous_2)
FN:21,(anonymous_3)
FN:22,(anonymous_4)
FN:37,computeRollingMetrics
FNF:6
FNH:6
FNDA:3,findByUserId
FNDA:4,upsert
FNDA:4,(anonymous_2)
FNDA:7,(anonymous_3)
FNDA:4,(anonymous_4)
FNDA:2,computeRollingMetrics
DA:1,10
DA:4,3
DA:9,3
DA:13,4
DA:14,4
DA:16,3
DA:17,3
DA:18,4
DA:19,2
DA:21,7
DA:22,3
DA:23,4
DA:26,3
DA:34,3
DA:38,2
DA:56,2
DA:57,2
DA:64,10
LF:18
LH:18
BRDA:9,0,0,3
BRDA:9,0,1,1
BRDA:14,1,0,1
BRDA:14,1,1,3
BRDA:18,2,0,2
BRDA:18,2,1,2
BRDA:23,3,0,2
BRDA:23,3,1,2
BRDA:56,4,0,2
BRDA:56,4,1,0
BRDA:58,5,0,2
BRDA:58,5,1,1
BRDA:59,6,0,2
BRDA:59,6,1,1
BRDA:60,7,0,2
BRDA:60,7,1,1
BRF:16
BRH:15
end_of_record
TN:
SF:src/repositories/task.repo.js
FN:3,listByUser
FN:27,findByGoalIds
FN:37,findByGoalId
FN:46,findById
FN:51,findByIdAndUser
FN:61,create
FN:87,createMany
FN:106,(anonymous_7)
FN:115,update
FN:144,remove
FN:155,findByUserAndWeek
FN:167,findActiveByUser
FN:179,countByGoalIds
FNF:13
FNH:13
FNDA:9,listByUser
FNDA:2,findByGoalIds
FNDA:5,findByGoalId
FNDA:3,findById
FNDA:12,findByIdAndUser
FNDA:2,create
FNDA:2,createMany
FNDA:26,(anonymous_7)
FNDA:5,update
FNDA:3,remove
FNDA:1,findByUserAndWeek
FNDA:1,findActiveByUser
FNDA:3,countByGoalIds
DA:1,10
DA:4,9
DA:5,9
DA:6,9
DA:8,9
DA:9,2
DA:10,2
DA:12,9
DA:13,2
DA:14,2
DA:16,9
DA:17,9
DA:18,9
DA:19,8
DA:20,8
DA:23,9
DA:24,9
DA:28,2
DA:29,1
DA:34,1
DA:38,5
DA:43,5
DA:47,3
DA:48,3
DA:52,12
DA:58,9
DA:62,2
DA:84,2
DA:88,2
DA:90,1
DA:95,1
DA:96,1
DA:97,1
DA:99,1
DA:100,2
DA:106,26
DA:107,2
DA:110,1
DA:111,1
DA:112,1
DA:116,5
DA:122,5
DA:123,5
DA:124,5
DA:126,5
DA:127,85
DA:128,6
DA:129,6
DA:132,5
DA:134,4
DA:135,4
DA:136,4
DA:141,4
DA:145,3
DA:152,3
DA:156,1
DA:164,1
DA:168,1
DA:176,1
DA:180,3
DA:181,2
DA:191,2
DA:192,2
DA:193,1
DA:195,2
DA:198,10
LF:66
LH:66
BRDA:3,0,0,1
BRDA:8,1,0,2
BRDA:8,1,1,7
BRDA:12,2,0,2
BRDA:12,2,1,7
BRDA:17,3,0,3
BRDA:17,3,1,6
BRDA:18,4,0,8
BRDA:18,4,1,1
BRDA:28,5,0,1
BRDA:28,5,1,1
BRDA:48,6,0,3
BRDA:48,6,1,1
BRDA:58,7,0,9
BRDA:58,7,1,4
BRDA:70,8,0,2
BRDA:70,8,1,1
BRDA:72,9,0,2
BRDA:72,9,1,1
BRDA:73,10,0,2
BRDA:73,10,1,1
BRDA:74,11,0,2
BRDA:74,11,1,2
BRDA:75,12,0,2
BRDA:75,12,1,1
BRDA:76,13,0,2
BRDA:76,13,1,2
BRDA:77,14,0,2
BRDA:77,14,1,2
BRDA:78,15,0,2
BRDA:78,15,1,2
BRDA:79,16,0,2
BRDA:79,16,1,2
BRDA:80,17,0,2
BRDA:80,17,1,2
BRDA:88,18,0,1
BRDA:88,18,1,1
BRDA:101,19,0,2
BRDA:101,19,1,2
BRDA:102,20,0,2
BRDA:102,20,1,2
BRDA:102,21,0,2
BRDA:102,21,1,2
BRDA:102,22,0,2
BRDA:102,22,1,2
BRDA:103,23,0,2
BRDA:103,23,1,2
BRDA:103,24,0,2
BRDA:103,24,1,2
BRDA:103,25,0,2
BRDA:103,25,1,2
BRDA:104,26,0,2
BRDA:104,26,1,2
BRDA:104,27,0,2
BRDA:104,27,1,2
BRDA:104,28,0,2
BRDA:104,28,1,2
BRDA:127,29,0,6
BRDA:127,29,1,79
BRDA:132,30,0,1
BRDA:132,30,1,4
BRDA:180,31,0,1
BRDA:180,31,1,2
BRF:63
BRH:63
end_of_record
TN:
SF:src/repositories/user.repo.js
FN:3,findByEmail
FN:8,findById
FN:13,findByGoogleId
FN:18,updateGoogleId
FN:27,create
FNF:5
FNH:5
FNDA:8,findByEmail
FNDA:2,findById
FNDA:1,findByGoogleId
FNDA:1,updateGoogleId
FNDA:4,create
DA:1,10
DA:4,8
DA:5,8
DA:9,2
DA:10,2
DA:14,1
DA:15,1
DA:19,1
DA:24,1
DA:28,4
DA:33,4
DA:36,10
LF:12
LH:12
BRDA:5,0,0,8
BRDA:5,0,1,4
BRDA:10,1,0,2
BRDA:10,1,1,1
BRDA:15,2,0,1
BRDA:15,2,1,1
BRDA:27,3,0,4
BRDA:27,4,0,4
BRF:8
BRH:8
end_of_record
TN:
SF:src/routes/admin.js
FN:8,(anonymous_0)
FNF:1
FNH:0
FNDA:0,(anonymous_0)
DA:1,9
DA:2,9
DA:3,9
DA:4,9
DA:5,9
DA:6,9
DA:8,9
DA:9,0
DA:10,0
DA:11,0
DA:13,0
DA:17,9
LF:12
LH:8
BRF:0
BRH:0
end_of_record
TN:
SF:src/routes/ai.js
FN:10,(anonymous_0)
FN:17,(anonymous_1)
FN:24,(anonymous_2)
FNF:3
FNH:1
FNDA:0,(anonymous_0)
FNDA:1,(anonymous_1)
FNDA:0,(anonymous_2)
DA:1,9
DA:2,9
DA:3,9
DA:4,9
DA:5,9
DA:6,9
DA:8,9
DA:10,9
DA:11,0
DA:12,0
DA:13,0
DA:14,0
DA:17,9
DA:18,1
DA:19,1
DA:20,0
DA:21,1
DA:24,9
DA:25,0
DA:26,0
DA:27,0
DA:28,0
DA:31,9
LF:23
LH:14
BRF:0
BRH:0
end_of_record
TN:
SF:src/routes/auth.js
FN:15,(anonymous_0)
FN:22,(anonymous_1)
FN:30,(anonymous_2)
FN:44,(anonymous_3)
FN:58,(anonymous_4)
FN:62,(anonymous_5)
FNF:6
FNH:6
FNDA:4,(anonymous_0)
FNDA:4,(anonymous_1)
FNDA:2,(anonymous_2)
FNDA:2,(anonymous_3)
FNDA:1,(anonymous_4)
FNDA:4,(anonymous_5)
DA:1,10
DA:2,10
DA:3,10
DA:4,10
DA:5,10
DA:6,10
DA:8,10
DA:15,10
DA:16,4
DA:17,4
DA:18,4
DA:19,0
DA:22,10
DA:23,4
DA:24,4
DA:25,4
DA:26,4
DA:27,0
DA:30,10
DA:31,2
DA:32,2
DA:33,2
DA:34,1
DA:35,1
DA:36,1
DA:38,1
DA:39,1
DA:40,1
DA:41,1
DA:44,10
DA:45,2
DA:46,2
DA:47,2
DA:48,1
DA:49,1
DA:50,1
DA:52,1
DA:53,1
DA:54,1
DA:55,1
DA:58,10
DA:59,1
DA:62,10
DA:63,4
DA:64,4
DA:65,4
DA:66,4
DA:67,0
DA:70,10
LF:49
LH:46
BRDA:33,0,0,1
BRDA:33,0,1,1
BRDA:47,1,0,1
BRDA:47,1,1,1
BRF:4
BRH:4
end_of_record
TN:
SF:src/routes/coach.js
FN:24,(anonymous_0)
FN:33,(anonymous_1)
FN:44,(anonymous_2)
FN:68,(anonymous_3)
FN:81,(anonymous_4)
FN:103,(anonymous_5)
FN:123,(anonymous_6)
FNF:7
FNH:1
FNDA:0,(anonymous_0)
FNDA:1,(anonymous_1)
FNDA:0,(anonymous_2)
FNDA:0,(anonymous_3)
FNDA:0,(anonymous_4)
FNDA:0,(anonymous_5)
FNDA:0,(anonymous_6)
DA:1,9
DA:2,9
DA:3,9
DA:4,9
DA:5,9
DA:6,9
DA:7,9
DA:8,9
DA:9,9
DA:11,9
DA:13,9
DA:18,9
DA:24,9
DA:25,0
DA:26,0
DA:27,0
DA:29,0
DA:33,9
DA:34,1
DA:35,1
DA:36,1
DA:38,0
DA:42,9
DA:45,0
DA:46,0
DA:47,0
DA:55,0
DA:57,0
DA:58,0
DA:64,0
DA:68,9
DA:69,0
DA:70,0
DA:71,0
DA:75,0
DA:77,0
DA:81,9
DA:82,0
DA:83,0
DA:87,0
DA:99,0
DA:103,9
DA:104,0
DA:105,0
DA:106,0
DA:119,0
DA:123,9
DA:124,0
DA:125,0
DA:126,0
DA:128,0
DA:141,0
DA:145,9
LF:53
LH:23
BRDA:57,0,0,0
BRDA:57,0,1,0
BRDA:90,1,0,0
BRDA:90,1,1,0
BRDA:115,2,0,0
BRDA:115,2,1,0
BRDA:134,3,0,0
BRDA:134,3,1,0
BRDA:135,4,0,0
BRDA:135,4,1,0
BRDA:137,5,0,0
BRDA:137,5,1,0
BRF:12
BRH:0
end_of_record
TN:
SF:src/routes/goals.js
FN:17,(anonymous_0)
FN:24,(anonymous_1)
FN:31,(anonymous_2)
FN:38,(anonymous_3)
FN:45,(anonymous_4)
FNF:5
FNH:5
FNDA:1,(anonymous_0)
FNDA:3,(anonymous_1)
FNDA:3,(anonymous_2)
FNDA:1,(anonymous_3)
FNDA:3,(anonymous_4)
DA:1,9
DA:2,9
DA:3,9
DA:4,9
DA:5,9
DA:6,9
DA:7,9
DA:9,9
DA:11,9
DA:17,9
DA:18,1
DA:19,1
DA:20,1
DA:21,0
DA:24,9
DA:25,3
DA:26,3
DA:27,3
DA:28,0
DA:31,9
DA:32,3
DA:33,3
DA:34,1
DA:35,2
DA:38,9
DA:39,1
DA:40,1
DA:41,1
DA:42,0
DA:45,9
DA:46,3
DA:47,3
DA:48,2
DA:49,1
DA:52,9
LF:35
LH:32
BRF:0
BRH:0
end_of_record
TN:
SF:src/routes/health.js
FN:5,(anonymous_0)
FNF:1
FNH:1
FNDA:4,(anonymous_0)
DA:1,10
DA:2,10
DA:3,10
DA:5,10
DA:6,4
DA:7,4
DA:8,4
DA:9,4
DA:19,10
LF:9
LH:9
BRDA:7,0,0,3
BRDA:7,0,1,1
BRDA:8,1,0,3
BRDA:8,1,1,1
BRDA:14,2,0,3
BRDA:14,2,1,1
BRF:6
BRH:6
end_of_record
TN:
SF:src/routes/metrics.js
FN:4,(anonymous_0)
FNF:1
FNH:1
FNDA:3,(anonymous_0)
DA:1,9
DA:2,9
DA:3,9
DA:4,9
DA:5,3
DA:6,3
DA:8,9
LF:7
LH:7
BRF:0
BRH:0
end_of_record
TN:
SF:src/routes/progress.js
FN:19,(anonymous_0)
FN:26,(anonymous_1)
FN:44,(anonymous_2)
FNF:3
FNH:3
FNDA:2,(anonymous_0)
FNDA:4,(anonymous_1)
FNDA:4,(anonymous_2)
DA:1,10
DA:2,10
DA:3,10
DA:4,10
DA:5,10
DA:6,10
DA:8,10
DA:10,10
DA:17,10
DA:19,10
DA:20,2
DA:21,2
DA:22,1
DA:23,1
DA:26,10
DA:27,4
DA:28,4
DA:29,4
DA:30,1
DA:31,1
DA:32,1
DA:34,3
DA:35,1
DA:36,1
DA:37,1
DA:39,2
DA:40,1
DA:41,3
DA:44,10
DA:45,4
DA:46,4
DA:47,4
DA:52,3
DA:53,1
DA:56,10
LF:35
LH:35
BRDA:29,0,0,1
BRDA:29,0,1,3
BRDA:34,1,0,1
BRDA:34,1,1,2
BRF:4
BRH:4
end_of_record
TN:
SF:src/routes/tasks.js
FN:18,(anonymous_0)
FN:25,(anonymous_1)
FN:32,(anonymous_2)
FN:39,(anonymous_3)
FN:46,(anonymous_4)
FN:53,(anonymous_5)
FN:73,(anonymous_6)
FNF:7
FNH:7
FNDA:3,(anonymous_0)
FNDA:2,(anonymous_1)
FNDA:3,(anonymous_2)
FNDA:1,(anonymous_3)
FNDA:2,(anonymous_4)
FNDA:2,(anonymous_5)
FNDA:2,(anonymous_6)
DA:1,9
DA:2,9
DA:3,9
DA:4,9
DA:5,9
DA:6,9
DA:7,9
DA:8,9
DA:10,9
DA:12,9
DA:18,9
DA:19,3
DA:20,3
DA:21,3
DA:22,0
DA:25,9
DA:26,2
DA:27,2
DA:28,1
DA:29,1
DA:32,9
DA:33,3
DA:34,3
DA:35,1
DA:36,2
DA:39,9
DA:40,1
DA:41,1
DA:42,1
DA:43,0
DA:46,9
DA:47,2
DA:48,2
DA:49,1
DA:50,1
DA:53,9
DA:54,2
DA:55,2
DA:56,2
DA:57,0
DA:59,0
DA:69,0
DA:70,2
DA:73,9
DA:74,2
DA:75,2
DA:76,1
DA:77,1
DA:80,9
LF:49
LH:44
BRF:0
BRH:0
end_of_record
TN:
SF:src/services/adaptation-trigger.service.js
FN:2,(anonymous_0)
FN:3,(anonymous_1)
FN:4,(anonymous_2)
FN:5,(anonymous_3)
FN:6,(anonymous_4)
FN:7,(anonymous_5)
FN:13,evaluate
FN:32,(anonymous_7)
FN:36,recordCooldown
FNF:9
FNH:9
FNDA:5,(anonymous_0)
FNDA:5,(anonymous_1)
FNDA:5,(anonymous_2)
FNDA:5,(anonymous_3)
FNDA:5,(anonymous_4)
FNDA:5,(anonymous_5)
FNDA:6,evaluate
FNDA:4,(anonymous_7)
FNDA:3,recordCooldown
DA:1,10
DA:2,5
DA:3,5
DA:4,5
DA:5,5
DA:6,5
DA:7,5
DA:10,10
DA:11,10
DA:14,6
DA:16,5
DA:17,5
DA:19,5
DA:20,5
DA:21,30
DA:22,6
DA:23,6
DA:24,1
DA:26,5
DA:30,5
DA:32,4
DA:33,3
DA:37,3
DA:38,3
DA:39,3
DA:42,10
LF:26
LH:26
BRDA:4,0,0,5
BRDA:4,0,1,4
BRDA:5,1,0,5
BRDA:5,1,1,1
BRDA:7,2,0,5
BRDA:7,2,1,0
BRDA:14,3,0,1
BRDA:14,3,1,5
BRDA:17,4,0,5
BRDA:17,4,1,0
BRDA:21,5,0,6
BRDA:21,5,1,24
BRDA:23,6,0,1
BRDA:23,6,1,5
BRDA:23,7,0,6
BRDA:23,7,1,1
BRDA:30,8,0,2
BRDA:30,8,1,3
BRDA:37,9,0,3
BRDA:37,9,1,1
BRF:20
BRH:18
end_of_record
TN:
SF:src/services/admin.service.js
FN:5,getAdminMetrics
FN:8,(anonymous_1)
FN:21,(anonymous_2)
FN:28,(anonymous_3)
FN:43,(anonymous_4)
FN:52,(anonymous_5)
FN:58,(anonymous_6)
FNF:7
FNH:0
FNDA:0,getAdminMetrics
FNDA:0,(anonymous_1)
FNDA:0,(anonymous_2)
FNDA:0,(anonymous_3)
FNDA:0,(anonymous_4)
FNDA:0,(anonymous_5)
FNDA:0,(anonymous_6)
DA:1,9
DA:2,9
DA:3,9
DA:6,0
DA:8,0
DA:12,0
DA:21,0
DA:23,0
DA:28,0
DA:30,0
DA:31,0
DA:42,0
DA:43,0
DA:52,0
DA:58,0
DA:66,0
DA:69,9
LF:17
LH:4
BRDA:39,0,0,0
BRDA:39,0,1,0
BRDA:42,1,0,0
BRDA:42,1,1,0
BRF:4
BRH:0
end_of_record
TN:
SF:src/services/ai.service.js
FN:13,(anonymous_0)
FN:42,(anonymous_1)
FN:91,(anonymous_2)
FN:107,(anonymous_3)
FN:137,(anonymous_4)
FN:151,(anonymous_5)
FN:165,(anonymous_6)
FN:180,(anonymous_7)
FN:188,(anonymous_8)
FNF:9
FNH:3
FNDA:1,(anonymous_0)
FNDA:0,(anonymous_1)
FNDA:1,(anonymous_2)
FNDA:0,(anonymous_3)
FNDA:1,(anonymous_4)
FNDA:0,(anonymous_5)
FNDA:0,(anonymous_6)
FNDA:0,(anonymous_7)
FNDA:0,(anonymous_8)
DA:1,10
DA:2,10
DA:3,10
DA:4,10
DA:5,10
DA:6,10
DA:7,10
DA:8,10
DA:9,10
DA:10,10
DA:14,1
DA:15,1
DA:16,0
DA:17,0
DA:18,0
DA:20,1
DA:21,1
DA:22,1
DA:23,0
DA:24,0
DA:25,0
DA:26,0
DA:29,1
DA:31,1
DA:42,0
DA:51,1
DA:52,1
DA:54,1
DA:55,1
DA:56,0
DA:57,0
DA:65,0
DA:69,1
DA:70,0
DA:71,0
DA:72,0
DA:74,1
DA:77,1
DA:79,1
DA:88,1
DA:92,1
DA:102,1
DA:103,1
DA:104,1
DA:105,1
DA:107,0
DA:108,1
DA:109,0
DA:121,0
DA:122,0
DA:123,0
DA:124,0
DA:125,0
DA:127,0
DA:128,0
DA:129,0
DA:130,0
DA:131,0
DA:132,0
DA:134,1
DA:138,1
DA:139,0
DA:140,0
DA:141,0
DA:142,0
DA:144,0
DA:145,0
DA:146,0
DA:147,0
DA:148,0
DA:151,0
DA:163,0
DA:165,0
DA:166,0
DA:167,0
DA:168,0
DA:174,0
DA:177,0
DA:181,0
DA:182,0
DA:183,0
DA:184,0
DA:185,0
DA:188,0
DA:189,0
DA:190,0
DA:198,0
DA:202,10
LF:88
LH:35
BRDA:13,0,0,0
BRDA:15,1,0,0
BRDA:15,1,1,1
BRDA:22,2,0,0
BRDA:22,2,1,1
BRDA:34,3,0,1
BRDA:34,3,1,0
BRDA:35,4,0,1
BRDA:35,4,1,0
BRDA:36,5,0,1
BRDA:36,5,1,0
BRDA:37,6,0,1
BRDA:37,6,1,1
BRDA:55,7,0,0
BRDA:55,7,1,1
BRDA:69,8,0,0
BRDA:69,8,1,1
BRDA:104,9,0,1
BRDA:104,9,1,0
BRDA:105,10,0,1
BRDA:105,10,1,0
BRDA:107,11,0,0
BRDA:107,11,1,0
BRDA:108,12,0,0
BRDA:108,12,1,1
BRDA:113,13,0,0
BRDA:113,13,1,0
BRDA:121,14,0,0
BRDA:121,14,1,0
BRDA:139,15,0,0
BRDA:139,15,1,0
BRDA:144,16,0,0
BRDA:144,16,1,0
BRDA:182,17,0,0
BRDA:182,17,1,0
BRF:35
BRH:12
end_of_record
TN:
SF:src/services/auth.service.js
FN:10,hashToken
FN:14,refreshExpiryDate
FN:21,(anonymous_2)
FN:32,(anonymous_3)
FN:47,(anonymous_4)
FN:88,(anonymous_5)
FN:108,(anonymous_6)
FN:154,(anonymous_7)
FN:198,(anonymous_8)
FNF:9
FNH:9
FNDA:13,hashToken
FNDA:9,refreshExpiryDate
FNDA:6,(anonymous_2)
FNDA:5,(anonymous_3)
FNDA:6,(anonymous_4)
FNDA:5,(anonymous_5)
FNDA:2,(anonymous_6)
FNDA:3,(anonymous_7)
FNDA:5,(anonymous_8)
DA:1,10
DA:2,10
DA:3,10
DA:4,10
DA:5,10
DA:6,10
DA:7,10
DA:8,10
DA:11,13
DA:15,9
DA:16,9
DA:17,9
DA:22,6
DA:23,6
DA:24,1
DA:25,1
DA:26,1
DA:27,1
DA:30,5
DA:32,5
DA:33,5
DA:34,5
DA:41,5
DA:44,5
DA:48,6
DA:49,6
DA:50,1
DA:51,1
DA:52,1
DA:55,5
DA:56,5
DA:57,1
DA:58,1
DA:59,1
DA:62,4
DA:64,4
DA:69,4
DA:75,4
DA:81,4
DA:89,5
DA:90,1
DA:91,1
DA:92,1
DA:94,4
DA:95,4
DA:98,4
DA:99,4
DA:100,2
DA:101,2
DA:103,1
DA:104,1
DA:107,4
DA:108,2
DA:109,2
DA:114,2
DA:115,1
DA:117,2
DA:124,2
DA:129,4
DA:130,4
DA:135,4
DA:141,4
DA:147,4
DA:155,3
DA:156,1
DA:157,1
DA:158,1
DA:161,2
DA:162,2
DA:164,0
DA:165,0
DA:166,0
DA:169,2
DA:170,2
DA:171,1
DA:172,1
DA:173,1
DA:176,1
DA:178,1
DA:183,1
DA:189,1
DA:195,1
DA:199,5
DA:200,1
DA:202,4
DA:207,10
LF:86
LH:83
BRDA:23,0,0,1
BRDA:23,0,1,5
BRDA:36,1,0,5
BRDA:36,1,1,4
BRDA:37,2,0,5
BRDA:37,2,1,4
BRDA:38,3,0,5
BRDA:38,3,1,4
BRDA:49,4,0,1
BRDA:49,4,1,5
BRDA:56,5,0,1
BRDA:56,5,1,4
BRDA:89,6,0,1
BRDA:89,6,1,4
BRDA:89,7,0,5
BRDA:89,7,1,5
BRDA:99,8,0,2
BRDA:99,8,1,2
BRDA:99,9,0,4
BRDA:99,9,1,3
BRDA:101,10,0,1
BRDA:101,10,1,1
BRDA:107,11,0,2
BRDA:107,11,1,2
BRDA:110,12,0,2
BRDA:110,12,1,1
BRDA:114,13,0,1
BRDA:114,13,1,1
BRDA:155,14,0,1
BRDA:155,14,1,2
BRDA:155,15,0,3
BRDA:155,15,1,2
BRDA:170,16,0,1
BRDA:170,16,1,1
BRDA:199,17,0,1
BRDA:199,17,1,4
BRF:36
BRH:36
end_of_record
TN:
SF:src/services/goal.service.js
FN:4,(anonymous_0)
FN:7,(anonymous_1)
FN:18,(anonymous_2)
FN:22,(anonymous_3)
FN:34,(anonymous_4)
FN:39,(anonymous_5)
FNF:6
FNH:6
FNDA:4,(anonymous_0)
FNDA:4,(anonymous_1)
FNDA:4,(anonymous_2)
FNDA:13,(anonymous_3)
FNDA:3,(anonymous_4)
FNDA:5,(anonymous_5)
DA:1,10
DA:5,4
DA:6,4
DA:7,4
DA:8,3
DA:9,3
DA:10,4
DA:11,4
DA:12,4
DA:15,4
DA:19,4
DA:23,13
DA:24,13
DA:25,6
DA:26,6
DA:27,6
DA:28,6
DA:30,7
DA:31,7
DA:35,3
DA:36,2
DA:40,5
DA:41,3
DA:42,3
DA:46,10
LF:25
LH:25
BRDA:4,0,0,3
BRDA:6,1,0,3
BRDA:6,1,1,1
BRDA:10,2,0,4
BRDA:10,2,1,2
BRDA:24,3,0,6
BRDA:24,3,1,7
BRF:7
BRH:7
end_of_record
TN:
SF:src/services/llm-client.js
FN:16,_onCooldown
FN:17,_startCooldown
FN:18,_clearCooldown
FN:24,_loadSystemPrompt
FN:30,initGemini
FN:37,initGeminiPaid
FN:49,setIsMock
FN:53,isRetryable
FN:63,_is429
FN:67,_genOllamaUrl
FN:71,callGemini
FN:76,(anonymous_11)
FN:91,callGeminiPaid
FN:97,(anonymous_13)
FN:112,callGlm
FN:116,(anonymous_15)
FN:147,callOpenRouter
FN:151,(anonymous_17)
FN:182,callOllama
FN:187,(anonymous_19)
FN:215,callWithRetry
FN:222,makeTracker
FN:223,(anonymous_22)
FN:246,(anonymous_23)
FN:253,(anonymous_24)
FN:253,(anonymous_25)
FN:254,(anonymous_26)
FN:254,(anonymous_27)
FN:255,(anonymous_28)
FN:255,(anonymous_29)
FN:256,(anonymous_30)
FN:256,(anonymous_31)
FN:269,(anonymous_32)
FN:288,validateGemini
FN:305,validateGeminiPaid
FN:320,validateGlm
FN:341,validateOpenRouter
FN:362,validateOllama
FN:386,validateConnection
FN:398,(anonymous_39)
FN:399,(anonymous_40)
FN:400,(anonymous_41)
FN:401,(anonymous_42)
FN:425,(anonymous_43)
FN:427,(anonymous_44)
FNF:45
FNH:1
FNDA:0,_onCooldown
FNDA:0,_startCooldown
FNDA:0,_clearCooldown
FNDA:0,_loadSystemPrompt
FNDA:0,initGemini
FNDA:0,initGeminiPaid
FNDA:0,setIsMock
FNDA:0,isRetryable
FNDA:0,_is429
FNDA:0,_genOllamaUrl
FNDA:0,callGemini
FNDA:0,(anonymous_11)
FNDA:0,callGeminiPaid
FNDA:0,(anonymous_13)
FNDA:0,callGlm
FNDA:0,(anonymous_15)
FNDA:0,callOpenRouter
FNDA:0,(anonymous_17)
FNDA:0,callOllama
FNDA:0,(anonymous_19)
FNDA:0,callWithRetry
FNDA:0,makeTracker
FNDA:0,(anonymous_22)
FNDA:0,(anonymous_23)
FNDA:0,(anonymous_24)
FNDA:0,(anonymous_25)
FNDA:0,(anonymous_26)
FNDA:0,(anonymous_27)
FNDA:0,(anonymous_28)
FNDA:0,(anonymous_29)
FNDA:0,(anonymous_30)
FNDA:0,(anonymous_31)
FNDA:0,(anonymous_32)
FNDA:0,validateGemini
FNDA:0,validateGeminiPaid
FNDA:0,validateGlm
FNDA:0,validateOpenRouter
FNDA:0,validateOllama
FNDA:0,validateConnection
FNDA:0,(anonymous_39)
FNDA:0,(anonymous_40)
FNDA:0,(anonymous_41)
FNDA:0,(anonymous_42)
FNDA:18,(anonymous_43)
FNDA:0,(anonymous_44)
DA:1,9
DA:2,9
DA:3,9
DA:4,9
DA:5,9
DA:6,9
DA:8,9
DA:10,9
DA:11,9
DA:12,9
DA:13,9
DA:14,9
DA:16,0
DA:17,0
DA:18,0
DA:25,0
DA:26,0
DA:31,0
DA:32,0
DA:33,0
DA:34,0
DA:38,0
DA:39,0
DA:40,0
DA:41,0
DA:42,0
DA:45,9
DA:46,0
DA:50,0
DA:54,0
DA:55,0
DA:56,0
DA:57,0
DA:58,0
DA:59,0
DA:60,0
DA:64,0
DA:68,0
DA:72,0
DA:73,0
DA:74,0
DA:75,0
DA:76,0
DA:77,0
DA:78,0
DA:79,0
DA:80,0
DA:85,0
DA:87,0
DA:92,0
DA:93,0
DA:94,0
DA:95,0
DA:96,0
DA:97,0
DA:98,0
DA:99,0
DA:100,0
DA:101,0
DA:106,0
DA:108,0
DA:113,0
DA:114,0
DA:115,0
DA:116,0
DA:117,0
DA:118,0
DA:127,0
DA:128,0
DA:129,0
DA:130,0
DA:131,0
DA:133,0
DA:134,0
DA:135,0
DA:136,0
DA:141,0
DA:143,0
DA:148,0
DA:149,0
DA:150,0
DA:151,0
DA:152,0
DA:153,0
DA:162,0
DA:163,0
DA:164,0
DA:165,0
DA:166,0
DA:168,0
DA:169,0
DA:170,0
DA:171,0
DA:176,0
DA:178,0
DA:183,0
DA:184,0
DA:185,0
DA:186,0
DA:187,0
DA:188,0
DA:189,0
DA:195,0
DA:196,0
DA:197,0
DA:198,0
DA:199,0
DA:201,0
DA:202,0
DA:203,0
DA:204,0
DA:209,0
DA:211,0
DA:216,0
DA:217,0
DA:220,0
DA:223,0
DA:224,0
DA:225,0
DA:226,0
DA:227,0
DA:228,0
DA:229,0
DA:230,0
DA:231,0
DA:232,0
DA:233,0
DA:235,0
DA:236,0
DA:237,0
DA:238,0
DA:239,0
DA:244,0
DA:245,0
DA:246,0
DA:249,0
DA:252,0
DA:253,0
DA:254,0
DA:255,0
DA:256,0
DA:260,0
DA:261,0
DA:262,0
DA:263,0
DA:264,0
DA:266,0
DA:267,0
DA:268,0
DA:269,0
DA:272,0
DA:274,0
DA:275,0
DA:276,0
DA:277,0
DA:279,0
DA:283,0
DA:284,0
DA:285,0
DA:289,0
DA:290,0
DA:291,0
DA:293,0
DA:294,0
DA:298,0
DA:299,0
DA:300,0
DA:302,0
DA:306,0
DA:307,0
DA:308,0
DA:309,0
DA:313,0
DA:314,0
DA:315,0
DA:317,0
DA:321,0
DA:322,0
DA:323,0
DA:331,0
DA:332,0
DA:333,0
DA:335,0
DA:336,0
DA:337,0
DA:338,0
DA:342,0
DA:343,0
DA:344,0
DA:352,0
DA:353,0
DA:354,0
DA:356,0
DA:357,0
DA:358,0
DA:359,0
DA:363,0
DA:364,0
DA:371,0
DA:376,0
DA:377,0
DA:378,0
DA:380,0
DA:381,0
DA:382,0
DA:383,0
DA:387,0
DA:388,0
DA:391,0
DA:392,0
DA:393,0
DA:394,0
DA:397,0
DA:398,0
DA:399,0
DA:400,0
DA:401,0
DA:404,0
DA:405,0
DA:406,0
DA:407,0
DA:408,0
DA:409,0
DA:410,0
DA:412,0
DA:413,0
DA:414,0
DA:416,0
DA:417,0
DA:421,0
DA:424,9
DA:425,18
DA:427,0
LF:233
LH:15
BRDA:25,0,0,0
BRDA:25,0,1,0
BRDA:31,1,0,0
BRDA:31,1,1,0
BRDA:38,2,0,0
BRDA:38,2,1,0
BRDA:39,3,0,0
BRDA:39,3,1,0
BRDA:45,4,0,0
BRDA:45,4,1,9
BRDA:45,5,0,9
BRDA:45,5,1,9
BRDA:54,6,0,0
BRDA:54,6,1,0
BRDA:55,7,0,0
BRDA:55,7,1,0
BRDA:56,8,0,0
BRDA:56,8,1,0
BRDA:56,9,0,0
BRDA:56,9,1,0
BRDA:57,10,0,0
BRDA:57,10,1,0
BRDA:58,11,0,0
BRDA:58,11,1,0
BRDA:58,12,0,0
BRDA:58,12,1,0
BRDA:59,13,0,0
BRDA:59,13,1,0
BRDA:64,14,0,0
BRDA:64,14,1,0
BRDA:64,14,2,0
BRDA:71,15,0,0
BRDA:80,16,0,0
BRDA:80,16,1,0
BRDA:91,17,0,0
BRDA:93,18,0,0
BRDA:93,18,1,0
BRDA:101,19,0,0
BRDA:101,19,1,0
BRDA:112,20,0,0
BRDA:127,21,0,0
BRDA:127,21,1,0
BRDA:135,22,0,0
BRDA:135,22,1,0
BRDA:136,23,0,0
BRDA:136,23,1,0
BRDA:147,24,0,0
BRDA:162,25,0,0
BRDA:162,25,1,0
BRDA:170,26,0,0
BRDA:170,26,1,0
BRDA:171,27,0,0
BRDA:171,27,1,0
BRDA:182,28,0,0
BRDA:195,29,0,0
BRDA:195,29,1,0
BRDA:203,30,0,0
BRDA:203,30,1,0
BRDA:204,31,0,0
BRDA:204,31,1,0
BRDA:215,32,0,0
BRDA:215,33,0,0
BRDA:215,34,0,0
BRDA:215,35,0,0
BRDA:216,36,0,0
BRDA:216,36,1,0
BRDA:231,37,0,0
BRDA:231,37,1,0
BRDA:244,38,0,0
BRDA:244,38,1,0
BRDA:255,39,0,0
BRDA:255,39,1,0
BRDA:256,40,0,0
BRDA:256,40,1,0
BRDA:261,41,0,0
BRDA:261,41,1,0
BRDA:262,42,0,0
BRDA:262,42,1,0
BRDA:267,43,0,0
BRDA:267,43,1,0
BRDA:275,44,0,0
BRDA:275,44,1,0
BRDA:283,45,0,0
BRDA:283,45,1,0
BRDA:289,46,0,0
BRDA:289,46,1,0
BRDA:299,47,0,0
BRDA:299,47,1,0
BRDA:307,48,0,0
BRDA:307,48,1,0
BRDA:314,49,0,0
BRDA:314,49,1,0
BRDA:331,50,0,0
BRDA:331,50,1,0
BRDA:337,51,0,0
BRDA:337,51,1,0
BRDA:352,52,0,0
BRDA:352,52,1,0
BRDA:358,53,0,0
BRDA:358,53,1,0
BRDA:376,54,0,0
BRDA:376,54,1,0
BRDA:382,55,0,0
BRDA:382,55,1,0
BRDA:387,56,0,0
BRDA:387,56,1,0
BRDA:391,57,0,0
BRDA:391,57,1,0
BRDA:406,58,0,0
BRDA:406,58,1,0
BRDA:412,59,0,0
BRDA:412,59,1,0
BRF:112
BRH:3
end_of_record
TN:
SF:src/services/llm-mock.js
FN:3,generateDates
FN:36,generateMockSuggestion
FN:44,(anonymous_2)
FN:77,generateMockTaskAction
FN:128,generateMockChat
FNF:5
FNH:4
FNDA:9,generateDates
FNDA:9,generateMockSuggestion
FNDA:42,(anonymous_2)
FNDA:0,generateMockTaskAction
FNDA:1,generateMockChat
DA:1,11
DA:4,9
DA:5,9
DA:6,9
DA:7,9
DA:8,9
DA:10,9
DA:11,42
DA:12,42
DA:13,42
DA:15,9
DA:18,11
DA:19,11
DA:25,11
DA:37,9
DA:38,9
DA:39,9
DA:40,9
DA:41,9
DA:42,9
DA:44,9
DA:45,42
DA:46,42
DA:49,9
DA:51,9
DA:52,9
DA:53,42
DA:54,42
DA:67,9
DA:69,9
DA:78,0
DA:80,0
DA:81,0
DA:82,0
DA:84,0
DA:85,0
DA:86,0
DA:87,0
DA:89,0
DA:91,0
DA:94,0
DA:95,0
DA:96,0
DA:104,0
DA:105,0
DA:106,0
DA:109,0
DA:110,0
DA:111,0
DA:112,0
DA:113,0
DA:114,0
DA:115,0
DA:116,0
DA:118,0
DA:120,0
DA:123,0
DA:126,11
DA:129,1
DA:131,1
DA:132,0
DA:133,0
DA:139,0
DA:140,0
DA:141,0
DA:142,0
DA:143,0
DA:146,1
DA:147,0
DA:148,0
DA:149,0
DA:150,0
DA:151,0
DA:152,0
DA:153,0
DA:154,0
DA:156,0
DA:158,0
DA:161,1
DA:162,1
DA:165,1
DA:172,1
DA:173,1
DA:174,1
DA:175,1
DA:178,1
DA:179,1
DA:185,1
DA:186,1
DA:187,1
DA:188,1
DA:190,1
DA:191,1
DA:193,0
DA:195,0
DA:196,0
DA:197,0
DA:198,0
DA:200,0
DA:203,1
LF:100
LH:50
BRDA:5,0,0,4
BRDA:5,0,1,5
BRDA:12,1,0,0
BRDA:12,1,1,42
BRDA:37,2,0,9
BRDA:37,2,1,1
BRDA:38,3,0,9
BRDA:38,3,1,0
BRDA:40,4,0,9
BRDA:40,4,1,1
BRDA:41,5,0,9
BRDA:41,5,1,1
BRDA:62,6,0,9
BRDA:62,6,1,33
BRDA:78,7,0,0
BRDA:78,7,1,0
BRDA:80,8,0,0
BRDA:80,8,1,0
BRDA:81,9,0,0
BRDA:81,9,1,0
BRDA:82,10,0,0
BRDA:82,10,1,0
BRDA:84,11,0,0
BRDA:84,11,1,0
BRDA:86,12,0,0
BRDA:86,12,1,0
BRDA:89,13,0,0
BRDA:89,13,1,0
BRDA:94,14,0,0
BRDA:94,14,1,0
BRDA:95,15,0,0
BRDA:95,15,1,0
BRDA:104,16,0,0
BRDA:104,16,1,0
BRDA:109,17,0,0
BRDA:109,17,1,0
BRDA:110,18,0,0
BRDA:110,18,1,0
BRDA:112,19,0,0
BRDA:112,19,1,0
BRDA:113,20,0,0
BRDA:113,20,1,0
BRDA:115,21,0,0
BRDA:115,21,1,0
BRDA:129,22,0,1
BRDA:129,22,1,0
BRDA:131,23,0,0
BRDA:131,23,1,1
BRDA:132,24,0,0
BRDA:132,24,1,0
BRDA:139,25,0,0
BRDA:139,25,1,0
BRDA:141,26,0,0
BRDA:141,26,1,0
BRDA:146,27,0,0
BRDA:146,27,1,1
BRDA:147,28,0,0
BRDA:147,28,1,0
BRDA:150,29,0,0
BRDA:150,29,1,0
BRDA:151,30,0,0
BRDA:151,30,1,0
BRDA:153,31,0,0
BRDA:153,31,1,0
BRDA:161,32,0,1
BRDA:161,32,1,0
BRDA:165,33,0,1
BRDA:165,33,1,0
BRDA:166,34,0,1
BRDA:166,34,1,0
BRDA:166,34,2,0
BRDA:166,34,3,0
BRDA:166,34,4,0
BRDA:172,35,0,1
BRDA:172,35,1,0
BRDA:173,36,0,1
BRDA:173,36,1,0
BRDA:174,37,0,1
BRDA:174,37,1,0
BRDA:175,38,0,1
BRDA:175,38,1,0
BRDA:175,39,0,1
BRDA:175,39,1,1
BRDA:178,40,0,1
BRDA:178,40,1,0
BRDA:179,41,0,0
BRDA:179,41,1,1
BRDA:181,42,0,1
BRDA:181,42,1,0
BRDA:187,43,0,1
BRDA:187,43,1,0
BRDA:190,44,0,1
BRDA:190,44,1,0
BRDA:195,45,0,0
BRDA:195,45,1,0
BRDA:195,46,0,0
BRDA:195,46,1,0
BRDA:195,46,2,0
BRDA:197,47,0,0
BRDA:197,47,1,0
BRDA:197,48,0,0
BRDA:197,48,1,0
BRDA:197,48,2,0
BRF:103
BRH:29
end_of_record
TN:
SF:src/services/llm.js
FN:6,isRecoverable
FN:11,getValueAtPath
FN:20,_sanitize
FN:53,_stripMarkdown
FN:61,_extractJson
FN:66,_parse
FN:89,_previewParsed
FN:97,validateAIOutput
FN:111,validateChatOutput
FN:124,validateWithWarnings
FN:161,sanitizeContext
FNF:11
FNH:7
FNDA:0,isRecoverable
FNDA:0,getValueAtPath
FNDA:10,_sanitize
FNDA:12,_stripMarkdown
FNDA:1,_extractJson
FNDA:10,_parse
FNDA:5,_previewParsed
FNDA:10,validateAIOutput
FNDA:0,validateChatOutput
FNDA:0,validateWithWarnings
FNDA:17,sanitizeContext
DA:1,11
DA:3,11
DA:4,11
DA:7,0
DA:8,0
DA:12,0
DA:13,0
DA:14,0
DA:15,0
DA:17,0
DA:21,10
DA:22,10
DA:23,10
DA:24,10
DA:25,18
DA:26,18
DA:28,10
DA:29,10
DA:30,0
DA:31,0
DA:32,0
DA:33,0
DA:37,10
DA:38,1
DA:40,9
DA:41,0
DA:43,9
DA:44,0
DA:45,0
DA:46,0
DA:47,0
DA:50,9
DA:54,12
DA:55,12
DA:56,0
DA:58,12
DA:62,1
DA:63,1
DA:67,10
DA:68,10
DA:69,10
DA:70,2
DA:72,8
DA:73,7
DA:75,1
DA:76,1
DA:77,1
DA:78,0
DA:79,0
DA:82,1
DA:83,1
DA:84,1
DA:85,1
DA:90,5
DA:91,5
DA:93,0
DA:98,10
DA:99,9
DA:100,9
DA:101,5
DA:102,5
DA:103,5
DA:104,5
DA:105,5
DA:106,5
DA:108,4
DA:112,0
DA:113,0
DA:114,0
DA:115,0
DA:116,0
DA:117,0
DA:118,0
DA:119,0
DA:121,0
DA:125,0
DA:126,0
DA:127,0
DA:128,0
DA:131,0
DA:132,0
DA:134,0
DA:135,0
DA:136,0
DA:144,0
DA:148,0
DA:149,0
DA:150,0
DA:151,0
DA:152,0
DA:153,0
DA:156,0
DA:159,11
DA:162,17
DA:163,13
DA:164,1
DA:166,12
DA:167,12
DA:168,25
DA:169,13
DA:173,12
DA:176,11
LF:102
LH:56
BRDA:8,0,0,0
BRDA:8,0,1,0
BRDA:14,1,0,0
BRDA:14,1,1,0
BRDA:21,2,0,0
BRDA:21,2,1,10
BRDA:22,3,0,0
BRDA:22,3,1,10
BRDA:22,4,0,10
BRDA:22,4,1,10
BRDA:25,5,0,0
BRDA:25,5,1,18
BRDA:28,6,0,0
BRDA:28,6,1,10
BRDA:28,7,0,10
BRDA:28,7,1,0
BRDA:29,8,0,0
BRDA:29,8,1,10
BRDA:29,9,0,10
BRDA:29,9,1,3
BRDA:29,9,2,0
BRDA:32,10,0,0
BRDA:32,10,1,0
BRDA:32,11,0,0
BRDA:32,11,1,0
BRDA:32,11,2,0
BRDA:32,11,3,0
BRDA:37,12,0,1
BRDA:37,12,1,9
BRDA:37,13,0,10
BRDA:37,13,1,3
BRDA:37,13,2,1
BRDA:37,13,3,1
BRDA:40,14,0,0
BRDA:40,14,1,9
BRDA:40,15,0,9
BRDA:40,15,1,9
BRDA:43,16,0,0
BRDA:43,16,1,9
BRDA:43,17,0,9
BRDA:43,17,1,9
BRDA:44,18,0,0
BRDA:44,18,1,0
BRDA:46,19,0,0
BRDA:46,19,1,0
BRDA:46,20,0,0
BRDA:46,20,1,0
BRDA:54,21,0,10
BRDA:54,21,1,2
BRDA:55,22,0,0
BRDA:55,22,1,12
BRDA:55,23,0,12
BRDA:55,23,1,10
BRDA:63,24,0,0
BRDA:63,24,1,1
BRDA:69,25,0,2
BRDA:69,25,1,8
BRDA:69,26,0,10
BRDA:69,26,1,10
BRDA:77,27,0,0
BRDA:77,27,1,1
BRDA:100,28,0,5
BRDA:100,28,1,4
BRDA:114,29,0,0
BRDA:114,29,1,0
BRDA:127,30,0,0
BRDA:127,30,1,0
BRDA:135,31,0,0
BRDA:135,31,1,0
BRDA:141,32,0,0
BRDA:141,32,1,0
BRDA:148,33,0,0
BRDA:148,33,1,0
BRDA:162,34,0,4
BRDA:162,34,1,13
BRDA:162,35,0,17
BRDA:162,35,1,15
BRDA:163,36,0,1
BRDA:163,36,1,12
BRDA:168,37,0,12
BRDA:168,37,1,13
BRDA:169,38,0,6
BRDA:169,38,1,7
BRDA:169,39,0,13
BRDA:169,39,1,13
BRF:85
BRH:47
end_of_record
TN:
SF:src/services/progress.service.js
FN:4,(anonymous_0)
FN:6,(anonymous_1)
FN:8,(anonymous_2)
FN:9,(anonymous_3)
FN:12,(anonymous_4)
FN:13,(anonymous_5)
FN:15,(anonymous_6)
FN:33,(anonymous_7)
FN:37,(anonymous_8)
FNF:9
FNH:9
FNDA:4,(anonymous_0)
FNDA:6,(anonymous_1)
FNDA:6,(anonymous_2)
FNDA:5,(anonymous_3)
FNDA:6,(anonymous_4)
FNDA:2,(anonymous_5)
FNDA:2,(anonymous_6)
FNDA:1,(anonymous_7)
FNDA:1,(anonymous_8)
DA:1,10
DA:5,4
DA:6,6
DA:7,4
DA:8,6
DA:9,5
DA:11,4
DA:12,6
DA:13,2
DA:14,4
DA:15,2
DA:18,4
DA:20,4
DA:34,1
DA:38,1
DA:42,10
LF:16
LH:16
BRDA:6,0,0,6
BRDA:6,0,1,2
BRDA:8,1,0,6
BRDA:8,1,1,0
BRDA:9,2,0,5
BRDA:9,2,1,0
BRDA:14,3,0,1
BRDA:14,3,1,3
BRDA:25,4,0,3
BRDA:25,4,1,1
BRDA:27,5,0,4
BRDA:27,5,1,3
BRDA:29,6,0,4
BRDA:29,6,1,4
BRDA:37,7,0,0
BRF:15
BRH:12
end_of_record
TN:
SF:src/services/redis.js
FN:6,(anonymous_0)
FN:11,(anonymous_1)
FN:21,(anonymous_2)
FN:22,(anonymous_3)
FN:23,(anonymous_4)
FN:24,(anonymous_5)
FN:27,(anonymous_6)
FN:30,(anonymous_7)
FN:37,(anonymous_8)
FN:48,(anonymous_9)
FN:49,(anonymous_10)
FNF:11
FNH:6
FNDA:10,(anonymous_0)
FNDA:0,(anonymous_1)
FNDA:0,(anonymous_2)
FNDA:0,(anonymous_3)
FNDA:0,(anonymous_4)
FNDA:0,(anonymous_5)
FNDA:1,(anonymous_6)
FNDA:1,(anonymous_7)
FNDA:1,(anonymous_8)
FNDA:1,(anonymous_9)
FNDA:1,(anonymous_10)
DA:1,10
DA:2,10
DA:3,10
DA:7,10
DA:8,10
DA:12,0
DA:13,0
DA:14,0
DA:16,0
DA:21,10
DA:22,10
DA:23,10
DA:24,10
DA:28,1
DA:29,1
DA:30,1
DA:31,1
DA:34,1
DA:38,1
DA:39,1
DA:44,10
DA:46,10
DA:48,1
DA:49,1
LF:24
LH:20
BRDA:9,0,0,10
BRDA:9,0,1,0
BRDA:12,1,0,0
BRDA:12,1,1,0
BRDA:28,2,0,0
BRDA:28,2,1,1
BRDA:29,3,0,1
BRDA:29,3,1,0
BRDA:38,4,0,1
BRDA:38,4,1,0
BRF:10
BRH:4
end_of_record
TN:
SF:src/services/scheduler.service.js
FN:18,toDayAbbr
FN:22,toLocalDateString
FN:29,nextDay
FN:36,generateCandidateDates
FN:56,assignSlots
FN:59,(anonymous_5)
FN:61,(anonymous_6)
FN:64,scheduleTasks
FN:98,(anonymous_8)
FN:140,(anonymous_9)
FN:143,(anonymous_10)
FN:147,(anonymous_11)
FN:156,(anonymous_12)
FN:172,(anonymous_13)
FN:175,(anonymous_14)
FNF:15
FNH:0
FNDA:0,toDayAbbr
FNDA:0,toLocalDateString
FNDA:0,nextDay
FNDA:0,generateCandidateDates
FNDA:0,assignSlots
FNDA:0,(anonymous_5)
FNDA:0,(anonymous_6)
FNDA:0,scheduleTasks
FNDA:0,(anonymous_8)
FNDA:0,(anonymous_9)
FNDA:0,(anonymous_10)
FNDA:0,(anonymous_11)
FNDA:0,(anonymous_12)
FNDA:0,(anonymous_13)
FNDA:0,(anonymous_14)
DA:1,9
DA:3,9
DA:14,9
DA:15,9
DA:16,9
DA:19,0
DA:23,0
DA:24,0
DA:25,0
DA:26,0
DA:30,0
DA:31,0
DA:32,0
DA:33,0
DA:37,0
DA:38,0
DA:39,0
DA:42,0
DA:44,0
DA:45,0
DA:46,0
DA:47,0
DA:49,0
DA:50,0
DA:53,0
DA:57,0
DA:58,0
DA:59,0
DA:61,0
DA:65,0
DA:67,0
DA:71,0
DA:76,0
DA:77,0
DA:79,0
DA:80,0
DA:84,0
DA:87,0
DA:88,0
DA:89,0
DA:90,0
DA:91,0
DA:92,0
DA:93,0
DA:95,0
DA:98,0
DA:99,0
DA:100,0
DA:101,0
DA:104,0
DA:105,0
DA:106,0
DA:107,0
DA:109,0
DA:110,0
DA:112,0
DA:113,0
DA:114,0
DA:115,0
DA:117,0
DA:118,0
DA:120,0
DA:121,0
DA:122,0
DA:123,0
DA:124,0
DA:128,0
DA:129,0
DA:133,0
DA:134,0
DA:139,0
DA:140,0
DA:142,0
DA:143,0
DA:144,0
DA:147,0
DA:148,0
DA:149,0
DA:152,0
DA:153,0
DA:154,0
DA:156,0
DA:157,0
DA:158,0
DA:159,0
DA:164,0
DA:165,0
DA:166,0
DA:167,0
DA:168,0
DA:171,0
DA:172,0
DA:173,0
DA:175,0
DA:176,0
DA:177,0
DA:178,0
DA:181,0
DA:184,9
LF:99
LH:6
BRDA:39,0,0,0
BRDA:39,0,1,0
BRDA:45,1,0,0
BRDA:45,1,1,0
BRDA:46,2,0,0
BRDA:46,2,1,0
BRDA:58,3,0,0
BRDA:58,3,1,0
BRDA:65,4,0,0
BRDA:65,4,1,0
BRDA:65,5,0,0
BRDA:65,5,1,0
BRDA:67,6,0,0
BRDA:67,6,1,0
BRDA:67,7,0,0
BRDA:67,7,1,0
BRDA:79,8,0,0
BRDA:79,8,1,0
BRDA:87,9,0,0
BRDA:87,9,1,0
BRDA:99,10,0,0
BRDA:99,10,1,0
BRDA:100,11,0,0
BRDA:100,11,1,0
BRDA:114,12,0,0
BRDA:114,12,1,0
BRDA:118,13,0,0
BRDA:118,13,1,0
BRDA:120,14,0,0
BRDA:120,14,1,0
BRDA:128,15,0,0
BRDA:128,15,1,0
BRDA:133,16,0,0
BRDA:133,16,1,0
BRDA:144,17,0,0
BRDA:144,17,1,0
BRDA:149,18,0,0
BRDA:149,18,1,0
BRDA:152,19,0,0
BRDA:152,19,1,0
BRDA:153,20,0,0
BRDA:153,20,1,0
BRDA:158,21,0,0
BRDA:158,21,1,0
BRDA:167,22,0,0
BRDA:167,22,1,0
BRDA:173,23,0,0
BRDA:173,23,1,0
BRDA:176,24,0,0
BRDA:176,24,1,0
BRDA:177,25,0,0
BRDA:177,25,1,0
BRF:52
BRH:0
end_of_record
TN:
SF:src/services/task.service.js
FN:5,(anonymous_0)
FN:9,(anonymous_1)
FN:24,(anonymous_2)
FN:35,(anonymous_3)
FN:57,(anonymous_4)
FN:112,(anonymous_5)
FN:118,(anonymous_6)
FN:124,(anonymous_7)
FN:126,(anonymous_8)
FN:127,(anonymous_9)
FN:141,getISOWeek
FNF:11
FNH:11
FNDA:4,(anonymous_0)
FNDA:4,(anonymous_1)
FNDA:29,(anonymous_2)
FNDA:11,(anonymous_3)
FNDA:7,(anonymous_4)
FNDA:4,(anonymous_5)
FNDA:17,(anonymous_6)
FNDA:12,(anonymous_7)
FNDA:12,(anonymous_8)
FNDA:8,(anonymous_9)
FNDA:13,getISOWeek
DA:1,10
DA:2,10
DA:6,4
DA:10,4
DA:11,4
DA:12,2
DA:13,2
DA:14,2
DA:15,2
DA:18,2
DA:25,29
DA:26,26
DA:27,6
DA:28,6
DA:29,6
DA:30,6
DA:32,20
DA:36,11
DA:38,10
DA:40,10
DA:41,3
DA:43,10
DA:44,2
DA:47,10
DA:49,10
DA:50,10
DA:51,5
DA:54,10
DA:58,7
DA:60,6
DA:61,1
DA:62,1
DA:63,1
DA:64,1
DA:67,5
DA:69,5
DA:70,4
DA:71,4
DA:72,1
DA:73,1
DA:74,1
DA:76,0
DA:79,5
DA:81,5
DA:83,5
DA:84,4
DA:85,4
DA:86,4
DA:87,4
DA:88,1
DA:89,1
DA:90,1
DA:91,1
DA:94,5
DA:95,5
DA:96,5
DA:97,5
DA:99,0
DA:100,0
DA:102,5
DA:105,5
DA:106,5
DA:109,5
DA:113,4
DA:114,2
DA:115,2
DA:119,17
DA:120,13
DA:122,13
DA:124,13
DA:125,13
DA:126,12
DA:127,8
DA:129,13
DA:131,13
DA:142,13
DA:143,13
DA:144,13
DA:145,13
DA:146,13
DA:147,13
DA:148,13
DA:151,10
LF:83
LH:80
BRDA:5,0,0,0
BRDA:11,1,0,2
BRDA:11,1,1,2
BRDA:26,2,0,6
BRDA:26,2,1,20
BRDA:40,3,0,3
BRDA:40,3,1,7
BRDA:40,4,0,10
BRDA:40,4,1,3
BRDA:43,5,0,2
BRDA:43,5,1,8
BRDA:43,6,0,10
BRDA:43,6,1,5
BRDA:49,7,0,10
BRDA:49,7,1,5
BRDA:50,8,0,5
BRDA:50,8,1,5
BRDA:50,9,0,10
BRDA:50,9,1,5
BRDA:50,9,2,2
BRDA:57,10,0,0
BRDA:60,11,0,1
BRDA:60,11,1,5
BRDA:69,12,0,4
BRDA:69,12,1,1
BRDA:71,13,0,4
BRDA:71,13,1,3
BRDA:72,14,0,1
BRDA:72,14,1,0
BRDA:74,15,0,1
BRDA:74,15,1,0
BRDA:83,16,0,4
BRDA:83,16,1,1
BRDA:85,17,0,4
BRDA:85,17,1,3
BRDA:86,18,0,4
BRDA:86,18,1,3
BRDA:88,19,0,1
BRDA:88,19,1,0
BRDA:90,20,0,1
BRDA:90,20,1,0
BRDA:91,21,0,1
BRDA:91,21,1,0
BRDA:94,22,0,5
BRDA:94,22,1,0
BRDA:105,23,0,5
BRDA:105,23,1,0
BRDA:119,24,0,4
BRDA:119,24,1,13
BRDA:124,25,0,12
BRDA:124,25,1,0
BRDA:127,26,0,4
BRDA:127,26,1,4
BRDA:127,27,0,4
BRDA:127,27,1,0
BRDA:129,28,0,7
BRDA:129,28,1,6
BRDA:144,29,0,13
BRDA:144,29,1,0
BRF:59
BRH:47
end_of_record
TN:
SF:src/services/coach/context-builder.service.js
FN:3,checkLastMoodDrained
FN:26,buildContext
FN:32,(anonymous_2)
FN:38,(anonymous_3)
FN:41,(anonymous_4)
FN:43,(anonymous_5)
FN:46,(anonymous_6)
FN:50,(anonymous_7)
FN:54,(anonymous_8)
FN:60,(anonymous_9)
FN:125,(anonymous_10)
FN:126,(anonymous_11)
FNF:12
FNH:0
FNDA:0,checkLastMoodDrained
FNDA:0,buildContext
FNDA:0,(anonymous_2)
FNDA:0,(anonymous_3)
FNDA:0,(anonymous_4)
FNDA:0,(anonymous_5)
FNDA:0,(anonymous_6)
FNDA:0,(anonymous_7)
FNDA:0,(anonymous_8)
FNDA:0,(anonymous_9)
FNDA:0,(anonymous_10)
FNDA:0,(anonymous_11)
DA:1,9
DA:4,0
DA:5,0
DA:6,0
DA:10,0
DA:11,0
DA:12,0
DA:13,0
DA:14,0
DA:15,0
DA:16,0
DA:18,0
DA:20,0
DA:22,0
DA:27,0
DA:32,0
DA:35,0
DA:37,0
DA:38,0
DA:40,0
DA:41,0
DA:43,0
DA:45,0
DA:46,0
DA:49,0
DA:50,0
DA:53,0
DA:54,0
DA:57,0
DA:59,0
DA:60,0
DA:61,0
DA:62,0
DA:63,0
DA:64,0
DA:65,0
DA:68,0
DA:69,0
DA:70,0
DA:71,0
DA:72,0
DA:73,0
DA:75,0
DA:76,0
DA:77,0
DA:78,0
DA:80,0
DA:81,0
DA:82,0
DA:85,0
DA:86,0
DA:90,0
DA:91,0
DA:94,0
DA:95,0
DA:98,0
DA:125,0
DA:126,0
DA:132,9
LF:59
LH:2
BRDA:11,0,0,0
BRDA:11,0,1,0
BRDA:11,1,0,0
BRDA:11,1,1,0
BRDA:12,2,0,0
BRDA:12,2,1,0
BRDA:15,3,0,0
BRDA:15,3,1,0
BRDA:32,4,0,0
BRDA:32,4,1,0
BRDA:33,5,0,0
BRDA:33,5,1,0
BRDA:35,6,0,0
BRDA:35,6,1,0
BRDA:41,7,0,0
BRDA:41,7,1,0
BRDA:46,8,0,0
BRDA:46,8,1,0
BRDA:50,9,0,0
BRDA:50,9,1,0
BRDA:60,10,0,0
BRDA:60,10,1,0
BRDA:62,11,0,0
BRDA:62,11,1,0
BRDA:64,12,0,0
BRDA:64,12,1,0
BRDA:65,13,0,0
BRDA:65,13,1,0
BRDA:68,14,0,0
BRDA:68,14,1,0
BRDA:69,15,0,0
BRDA:69,15,1,0
BRDA:70,16,0,0
BRDA:70,16,1,0
BRDA:71,17,0,0
BRDA:71,17,1,0
BRDA:72,18,0,0
BRDA:72,18,1,0
BRDA:73,19,0,0
BRDA:73,19,1,0
BRDA:75,20,0,0
BRDA:75,20,1,0
BRDA:75,21,0,0
BRDA:75,21,1,0
BRDA:76,22,0,0
BRDA:76,22,1,0
BRDA:77,23,0,0
BRDA:77,23,1,0
BRDA:78,24,0,0
BRDA:78,24,1,0
BRDA:80,25,0,0
BRDA:80,25,1,0
BRDA:80,26,0,0
BRDA:80,26,1,0
BRDA:81,27,0,0
BRDA:81,27,1,0
BRDA:82,28,0,0
BRDA:82,28,1,0
BRDA:85,29,0,0
BRDA:85,29,1,0
BRDA:85,30,0,0
BRDA:85,30,1,0
BRDA:85,30,2,0
BRDA:90,31,0,0
BRDA:90,31,1,0
BRDA:90,32,0,0
BRDA:90,32,1,0
BRDA:94,33,0,0
BRDA:94,33,1,0
BRDA:94,34,0,0
BRDA:94,34,1,0
BRDA:111,35,0,0
BRDA:111,35,1,0
BRDA:112,36,0,0
BRDA:112,36,1,0
BRDA:113,37,0,0
BRDA:113,37,1,0
BRDA:114,38,0,0
BRDA:114,38,1,0
BRDA:115,39,0,0
BRDA:115,39,1,0
BRDA:116,40,0,0
BRDA:116,40,1,0
BRDA:117,41,0,0
BRDA:117,41,1,0
BRDA:118,42,0,0
BRDA:118,42,1,0
BRDA:119,43,0,0
BRDA:119,43,1,0
BRDA:122,44,0,0
BRDA:122,44,1,0
BRDA:123,45,0,0
BRDA:123,45,1,0
BRDA:124,46,0,0
BRDA:124,46,1,0
BRDA:125,47,0,0
BRDA:125,47,1,0
BRDA:126,48,0,0
BRDA:126,48,1,0
BRDA:127,49,0,0
BRDA:127,49,1,0
BRF:101
BRH:0
end_of_record
TN:
SF:src/services/coach/dispatch.service.js
FN:14,(anonymous_0)
FN:230,(anonymous_1)
FN:242,(anonymous_2)
FN:316,(anonymous_3)
FN:317,(anonymous_4)
FN:331,(anonymous_5)
FN:352,(anonymous_6)
FN:354,(anonymous_7)
FN:362,(anonymous_8)
FN:430,(anonymous_9)
FN:453,(anonymous_10)
FN:470,(anonymous_11)
FN:563,(anonymous_12)
FN:564,(anonymous_13)
FN:572,(anonymous_14)
FN:577,(anonymous_15)
FN:590,(anonymous_16)
FN:592,(anonymous_17)
FNF:18
FNH:1
FNDA:0,(anonymous_0)
FNDA:0,(anonymous_1)
FNDA:0,(anonymous_2)
FNDA:0,(anonymous_3)
FNDA:0,(anonymous_4)
FNDA:0,(anonymous_5)
FNDA:0,(anonymous_6)
FNDA:0,(anonymous_7)
FNDA:0,(anonymous_8)
FNDA:1,(anonymous_9)
FNDA:0,(anonymous_10)
FNDA:0,(anonymous_11)
FNDA:0,(anonymous_12)
FNDA:0,(anonymous_13)
FNDA:0,(anonymous_14)
FNDA:0,(anonymous_15)
FNDA:0,(anonymous_16)
FNDA:0,(anonymous_17)
DA:1,9
DA:2,9
DA:3,9
DA:4,9
DA:5,9
DA:6,9
DA:7,9
DA:8,9
DA:9,9
DA:10,9
DA:11,9
DA:15,0
DA:16,0
DA:17,0
DA:19,0
DA:20,0
DA:22,0
DA:23,0
DA:26,0
DA:27,0
DA:30,0
DA:31,0
DA:34,0
DA:35,0
DA:36,0
DA:39,0
DA:41,0
DA:42,0
DA:43,0
DA:46,0
DA:47,0
DA:48,0
DA:49,0
DA:50,0
DA:51,0
DA:52,0
DA:54,0
DA:56,0
DA:57,0
DA:58,0
DA:62,0
DA:63,0
DA:64,0
DA:67,0
DA:69,0
DA:70,0
DA:73,0
DA:74,0
DA:76,0
DA:79,0
DA:80,0
DA:81,0
DA:82,0
DA:83,0
DA:85,0
DA:86,0
DA:87,0
DA:88,0
DA:90,0
DA:102,0
DA:105,0
DA:106,0
DA:110,0
DA:113,0
DA:114,0
DA:117,0
DA:118,0
DA:119,0
DA:120,0
DA:126,0
DA:127,0
DA:129,0
DA:134,0
DA:135,0
DA:136,0
DA:147,0
DA:150,0
DA:151,0
DA:153,0
DA:154,0
DA:157,0
DA:166,0
DA:180,0
DA:189,0
DA:190,0
DA:191,0
DA:200,0
DA:213,0
DA:214,0
DA:215,0
DA:223,0
DA:226,0
DA:227,0
DA:228,0
DA:230,0
DA:241,0
DA:242,0
DA:243,0
DA:244,0
DA:245,0
DA:246,0
DA:254,0
DA:255,0
DA:258,0
DA:265,0
DA:266,0
DA:267,0
DA:277,0
DA:278,0
DA:279,0
DA:280,0
DA:290,0
DA:292,0
DA:293,0
DA:307,0
DA:317,0
DA:318,0
DA:319,0
DA:320,0
DA:321,0
DA:322,0
DA:324,0
DA:325,0
DA:326,0
DA:327,0
DA:330,0
DA:331,0
DA:332,0
DA:333,0
DA:334,0
DA:335,0
DA:337,0
DA:338,0
DA:339,0
DA:340,0
DA:343,0
DA:344,0
DA:346,0
DA:347,0
DA:348,0
DA:352,0
DA:354,0
DA:355,0
DA:356,0
DA:359,0
DA:361,0
DA:362,0
DA:363,0
DA:366,0
DA:367,0
DA:368,0
DA:369,0
DA:370,0
DA:377,0
DA:380,0
DA:381,0
DA:394,0
DA:406,0
DA:407,0
DA:420,0
DA:421,0
DA:431,1
DA:432,1
DA:433,1
DA:434,1
DA:442,0
DA:443,0
DA:454,0
DA:467,0
DA:471,0
DA:472,0
DA:474,0
DA:476,0
DA:477,0
DA:478,0
DA:482,0
DA:489,0
DA:490,0
DA:491,0
DA:492,0
DA:495,0
DA:496,0
DA:497,0
DA:501,0
DA:508,0
DA:509,0
DA:510,0
DA:513,0
DA:519,0
DA:520,0
DA:526,0
DA:529,0
DA:530,0
DA:531,0
DA:534,0
DA:540,0
DA:546,0
DA:549,0
DA:552,0
DA:553,0
DA:554,0
DA:555,0
DA:557,0
DA:559,0
DA:564,0
DA:565,0
DA:567,0
DA:568,0
DA:569,0
DA:570,0
DA:572,0
DA:573,0
DA:574,0
DA:577,0
DA:578,0
DA:580,0
DA:581,0
DA:582,0
DA:583,0
DA:584,0
DA:587,0
DA:591,0
DA:592,0
DA:593,0
DA:594,0
DA:605,9
LF:226
LH:16
BRDA:17,0,0,0
BRDA:17,0,1,0
BRDA:22,1,0,0
BRDA:22,1,1,0
BRDA:26,2,0,0
BRDA:26,2,1,0
BRDA:30,3,0,0
BRDA:30,3,1,0
BRDA:34,4,0,0
BRDA:34,4,1,0
BRDA:34,5,0,0
BRDA:34,5,1,0
BRDA:36,6,0,0
BRDA:36,6,1,0
BRDA:41,7,0,0
BRDA:41,7,1,0
BRDA:46,8,0,0
BRDA:46,8,1,0
BRDA:46,9,0,0
BRDA:46,9,1,0
BRDA:47,10,0,0
BRDA:47,10,1,0
BRDA:49,11,0,0
BRDA:49,11,1,0
BRDA:51,12,0,0
BRDA:51,12,1,0
BRDA:57,13,0,0
BRDA:57,13,1,0
BRDA:62,14,0,0
BRDA:62,14,1,0
BRDA:63,15,0,0
BRDA:63,15,1,0
BRDA:69,16,0,0
BRDA:69,16,1,0
BRDA:69,17,0,0
BRDA:69,17,1,0
BRDA:73,18,0,0
BRDA:73,18,1,0
BRDA:76,19,0,0
BRDA:76,19,1,0
BRDA:83,20,0,0
BRDA:83,20,1,0
BRDA:85,21,0,0
BRDA:85,21,1,0
BRDA:95,22,0,0
BRDA:95,22,1,0
BRDA:97,23,0,0
BRDA:97,23,1,0
BRDA:105,24,0,0
BRDA:105,24,1,0
BRDA:105,25,0,0
BRDA:105,25,1,0
BRDA:113,26,0,0
BRDA:113,26,1,0
BRDA:117,27,0,0
BRDA:117,27,1,0
BRDA:117,28,0,0
BRDA:117,28,1,0
BRDA:118,29,0,0
BRDA:118,29,1,0
BRDA:119,30,0,0
BRDA:119,30,1,0
BRDA:119,31,0,0
BRDA:119,31,1,0
BRDA:126,32,0,0
BRDA:126,32,1,0
BRDA:135,33,0,0
BRDA:135,33,1,0
BRDA:150,34,0,0
BRDA:150,34,1,0
BRDA:151,35,0,0
BRDA:151,35,1,0
BRDA:153,36,0,0
BRDA:153,36,1,0
BRDA:161,37,0,0
BRDA:161,37,1,0
BRDA:182,38,0,0
BRDA:182,38,1,0
BRDA:183,39,0,0
BRDA:183,39,1,0
BRDA:184,40,0,0
BRDA:184,40,1,0
BRDA:189,41,0,0
BRDA:189,41,1,0
BRDA:190,42,0,0
BRDA:190,42,1,0
BRDA:195,43,0,0
BRDA:195,43,1,0
BRDA:213,44,0,0
BRDA:213,44,1,0
BRDA:218,45,0,0
BRDA:218,45,1,0
BRDA:219,46,0,0
BRDA:219,46,1,0
BRDA:226,47,0,0
BRDA:226,47,1,0
BRDA:226,48,0,0
BRDA:226,48,1,0
BRDA:241,49,0,0
BRDA:241,49,1,0
BRDA:247,50,0,0
BRDA:247,50,1,0
BRDA:265,51,0,0
BRDA:265,51,1,0
BRDA:266,52,0,0
BRDA:266,52,1,0
BRDA:266,52,2,0
BRDA:271,53,0,0
BRDA:271,53,1,0
BRDA:277,54,0,0
BRDA:277,54,1,0
BRDA:277,55,0,0
BRDA:277,55,1,0
BRDA:279,56,0,0
BRDA:279,56,1,0
BRDA:285,57,0,0
BRDA:285,57,1,0
BRDA:292,58,0,0
BRDA:292,58,1,0
BRDA:292,59,0,0
BRDA:292,59,1,0
BRDA:310,60,0,0
BRDA:310,60,1,0
BRDA:311,61,0,0
BRDA:311,61,1,0
BRDA:319,62,0,0
BRDA:319,62,1,0
BRDA:324,63,0,0
BRDA:324,63,1,0
BRDA:332,64,0,0
BRDA:332,64,1,0
BRDA:337,65,0,0
BRDA:337,65,1,0
BRDA:346,66,0,0
BRDA:346,66,1,0
BRDA:346,67,0,0
BRDA:346,67,1,0
BRDA:347,68,0,0
BRDA:347,68,1,0
BRDA:354,69,0,0
BRDA:354,69,1,0
BRDA:354,70,0,0
BRDA:354,70,1,0
BRDA:356,71,0,0
BRDA:356,71,1,0
BRDA:361,72,0,0
BRDA:361,72,1,0
BRDA:362,73,0,0
BRDA:362,73,1,0
BRDA:366,74,0,0
BRDA:366,74,1,0
BRDA:368,75,0,0
BRDA:368,75,1,0
BRDA:369,76,0,0
BRDA:369,76,1,0
BRDA:372,77,0,0
BRDA:372,77,1,0
BRDA:373,78,0,0
BRDA:373,78,1,0
BRDA:374,79,0,0
BRDA:374,79,1,0
BRDA:380,80,0,0
BRDA:380,80,1,0
BRDA:380,81,0,0
BRDA:380,81,1,0
BRDA:384,82,0,0
BRDA:384,82,1,0
BRDA:386,83,0,0
BRDA:386,83,1,0
BRDA:387,84,0,0
BRDA:387,84,1,0
BRDA:388,85,0,0
BRDA:388,85,1,0
BRDA:389,86,0,0
BRDA:389,86,1,0
BRDA:401,87,0,0
BRDA:401,87,1,0
BRDA:406,88,0,0
BRDA:406,88,1,0
BRDA:406,89,0,0
BRDA:406,89,1,0
BRDA:414,90,0,0
BRDA:414,90,1,0
BRDA:425,91,0,0
BRDA:425,91,1,0
BRDA:425,92,0,0
BRDA:425,92,1,0
BRDA:425,92,2,0
BRDA:439,93,0,1
BRDA:439,93,1,0
BRDA:467,94,0,0
BRDA:467,94,1,0
BRDA:471,95,0,0
BRDA:471,95,1,0
BRDA:474,96,0,0
BRDA:474,96,1,0
BRDA:474,96,2,0
BRDA:474,96,3,0
BRDA:474,96,4,0
BRDA:474,96,5,0
BRDA:477,97,0,0
BRDA:477,97,1,0
BRDA:489,98,0,0
BRDA:489,98,1,0
BRDA:490,99,0,0
BRDA:490,99,1,0
BRDA:496,100,0,0
BRDA:496,100,1,0
BRDA:499,101,0,0
BRDA:499,101,1,0
BRDA:504,102,0,0
BRDA:504,102,1,0
BRDA:508,103,0,0
BRDA:508,103,1,0
BRDA:509,104,0,0
BRDA:509,104,1,0
BRDA:516,105,0,0
BRDA:516,105,1,0
BRDA:543,106,0,0
BRDA:543,106,1,0
BRDA:552,107,0,0
BRDA:552,107,1,0
BRDA:552,108,0,0
BRDA:552,108,1,0
BRDA:552,108,2,0
BRDA:552,108,3,0
BRDA:565,109,0,0
BRDA:565,109,1,0
BRDA:567,110,0,0
BRDA:567,110,1,0
BRDA:568,111,0,0
BRDA:568,111,1,0
BRDA:569,112,0,0
BRDA:569,112,1,0
BRDA:574,113,0,0
BRDA:574,113,1,0
BRDA:574,114,0,0
BRDA:574,114,1,0
BRDA:577,115,0,0
BRDA:577,115,1,0
BRDA:580,116,0,0
BRDA:580,116,1,0
BRDA:582,117,0,0
BRDA:582,117,1,0
BRDA:591,118,0,0
BRDA:591,118,1,0
BRDA:591,119,0,0
BRDA:591,119,1,0
BRDA:591,119,2,0
BRDA:593,120,0,0
BRDA:593,120,1,0
BRDA:593,121,0,0
BRDA:593,121,1,0
BRDA:596,122,0,0
BRDA:596,122,1,0
BRF:255
BRH:1
end_of_record
TN:
SF:src/services/coach/gate.service.js
FN:3,evaluateGate
FNF:1
FNH:1
FNDA:16,evaluateGate
DA:1,10
DA:4,16
DA:6,16
DA:8,2
DA:9,1
DA:11,1
DA:14,2
DA:15,1
DA:17,1
DA:20,6
DA:21,6
DA:22,6
DA:23,6
DA:24,3
DA:26,3
DA:30,5
DA:31,5
DA:32,5
DA:33,5
DA:34,5
DA:35,1
DA:37,4
DA:41,1
DA:45,10
LF:24
LH:24
BRDA:6,0,0,2
BRDA:6,0,1,2
BRDA:6,0,2,6
BRDA:6,0,3,5
BRDA:6,0,4,1
BRDA:8,1,0,1
BRDA:8,1,1,1
BRDA:14,2,0,1
BRDA:14,2,1,1
BRDA:20,3,0,6
BRDA:20,3,1,5
BRDA:21,4,0,6
BRDA:21,4,1,2
BRDA:23,5,0,3
BRDA:23,5,1,3
BRDA:23,6,0,6
BRDA:23,6,1,5
BRDA:30,7,0,5
BRDA:30,7,1,1
BRDA:31,8,0,5
BRDA:31,8,1,4
BRDA:32,9,0,5
BRDA:32,9,1,0
BRDA:34,10,0,1
BRDA:34,10,1,4
BRDA:34,11,0,5
BRDA:34,11,1,3
BRDA:34,11,2,2
BRF:28
BRH:27
end_of_record
TN:
SF:src/services/coach/index.js
FNF:0
FNH:0
DA:1,9
DA:2,9
LF:2
LH:2
BRF:0
BRH:0
end_of_record
TN:
SF:src/services/coach/llm-pipeline.service.js
FN:8,_buildUserMessage
FN:14,getTasks
FN:20,applyBusinessRules
FN:28,(anonymous_3)
FN:38,(anonymous_4)
FN:40,(anonymous_5)
FN:44,(anonymous_6)
FN:53,(anonymous_7)
FN:55,(anonymous_8)
FN:69,(anonymous_9)
FN:71,(anonymous_10)
FN:79,(anonymous_11)
FN:95,(anonymous_12)
FN:97,(anonymous_13)
FN:109,callLLM
FNF:15
FNH:0
FNDA:0,_buildUserMessage
FNDA:0,getTasks
FNDA:0,applyBusinessRules
FNDA:0,(anonymous_3)
FNDA:0,(anonymous_4)
FNDA:0,(anonymous_5)
FNDA:0,(anonymous_6)
FNDA:0,(anonymous_7)
FNDA:0,(anonymous_8)
FNDA:0,(anonymous_9)
FNDA:0,(anonymous_10)
FNDA:0,(anonymous_11)
FNDA:0,(anonymous_12)
FNDA:0,(anonymous_13)
FNDA:0,callLLM
DA:1,9
DA:2,9
DA:3,9
DA:4,9
DA:5,9
DA:6,9
DA:9,0
DA:10,0
DA:11,0
DA:15,0
DA:16,0
DA:17,0
DA:21,0
DA:22,0
DA:24,0
DA:25,0
DA:26,0
DA:28,0
DA:29,0
DA:30,0
DA:31,0
DA:32,0
DA:33,0
DA:35,0
DA:38,0
DA:39,0
DA:40,0
DA:41,0
DA:42,0
DA:44,0
DA:45,0
DA:49,0
DA:50,0
DA:52,0
DA:53,0
DA:54,0
DA:55,0
DA:56,0
DA:57,0
DA:58,0
DA:64,0
DA:65,0
DA:66,0
DA:68,0
DA:69,0
DA:70,0
DA:71,0
DA:72,0
DA:73,0
DA:74,0
DA:79,0
DA:80,0
DA:83,0
DA:84,0
DA:85,0
DA:86,0
DA:87,0
DA:89,0
DA:90,0
DA:91,0
DA:92,0
DA:93,0
DA:94,0
DA:95,0
DA:96,0
DA:97,0
DA:98,0
DA:102,0
DA:106,0
DA:110,0
DA:112,0
DA:113,0
DA:115,0
DA:116,0
DA:117,0
DA:118,0
DA:120,0
DA:122,0
DA:125,0
DA:126,0
DA:127,0
DA:128,0
DA:130,0
DA:131,0
DA:133,0
DA:135,0
DA:136,0
DA:142,0
DA:143,0
DA:145,0
DA:146,0
DA:147,0
DA:148,0
DA:149,0
DA:151,0
DA:152,0
DA:155,0
DA:156,0
DA:157,0
DA:161,0
DA:162,0
DA:163,0
DA:165,0
DA:166,0
DA:167,0
DA:168,0
DA:176,0
DA:177,0
DA:178,0
DA:179,0
DA:181,0
DA:183,0
DA:185,0
DA:186,0
DA:187,0
DA:188,0
DA:190,0
DA:191,0
DA:194,0
DA:195,0
DA:196,0
DA:197,0
DA:199,0
DA:200,0
DA:203,0
DA:207,9
LF:126
LH:7
BRDA:10,0,0,0
BRDA:10,0,1,0
BRDA:15,1,0,0
BRDA:15,1,1,0
BRDA:15,2,0,0
BRDA:15,2,1,0
BRDA:16,3,0,0
BRDA:16,3,1,0
BRDA:16,4,0,0
BRDA:16,4,1,0
BRDA:16,4,2,0
BRDA:22,5,0,0
BRDA:22,5,1,0
BRDA:22,6,0,0
BRDA:22,6,1,0
BRDA:24,7,0,0
BRDA:24,7,1,0
BRDA:32,8,0,0
BRDA:32,8,1,0
BRDA:38,9,0,0
BRDA:38,9,1,0
BRDA:39,10,0,0
BRDA:39,10,1,0
BRDA:42,11,0,0
BRDA:42,11,1,0
BRDA:42,12,0,0
BRDA:42,12,1,0
BRDA:44,13,0,0
BRDA:44,13,1,0
BRDA:44,14,0,0
BRDA:44,14,1,0
BRDA:54,15,0,0
BRDA:54,15,1,0
BRDA:56,16,0,0
BRDA:56,16,1,0
BRDA:70,17,0,0
BRDA:70,17,1,0
BRDA:72,18,0,0
BRDA:72,18,1,0
BRDA:72,19,0,0
BRDA:72,19,1,0
BRDA:73,20,0,0
BRDA:73,20,1,0
BRDA:73,21,0,0
BRDA:73,21,1,0
BRDA:79,22,0,0
BRDA:79,22,1,0
BRDA:85,23,0,0
BRDA:85,23,1,0
BRDA:87,24,0,0
BRDA:87,24,1,0
BRDA:92,25,0,0
BRDA:92,25,1,0
BRDA:94,26,0,0
BRDA:94,26,1,0
BRDA:95,27,0,0
BRDA:95,27,1,0
BRDA:96,28,0,0
BRDA:96,28,1,0
BRDA:96,29,0,0
BRDA:96,29,1,0
BRDA:97,30,0,0
BRDA:97,30,1,0
BRDA:112,31,0,0
BRDA:112,31,1,0
BRDA:115,32,0,0
BRDA:115,32,1,0
BRDA:117,33,0,0
BRDA:117,33,1,0
BRDA:131,34,0,0
BRDA:131,34,1,0
BRDA:139,35,0,0
BRDA:139,35,1,0
BRDA:143,36,0,0
BRDA:143,36,1,0
BRDA:147,37,0,0
BRDA:147,37,1,0
BRDA:148,38,0,0
BRDA:148,38,1,0
BRDA:162,39,0,0
BRDA:162,39,1,0
BRDA:167,40,0,0
BRDA:167,40,1,0
BRDA:176,41,0,0
BRDA:176,41,1,0
BRDA:176,42,0,0
BRDA:176,42,1,0
BRDA:178,43,0,0
BRDA:178,43,1,0
BRDA:187,44,0,0
BRDA:187,44,1,0
BRDA:194,45,0,0
BRDA:194,45,1,0
BRDA:194,46,0,0
BRDA:194,46,1,0
BRDA:194,46,2,0
BRDA:194,46,3,0
BRDA:194,46,4,0
BRDA:196,47,0,0
BRDA:196,47,1,0
BRDA:196,48,0,0
BRDA:196,48,1,0
BRF:102
BRH:0
end_of_record
TN:
SF:src/services/coach/response-formatter.service.js
FN:5,persistPlan
FN:8,(anonymous_1)
FN:20,(anonymous_2)
FN:38,stageRecommendation
FN:49,(anonymous_4)
FN:76,acceptProposal
FN:97,undoPlan
FN:103,(anonymous_7)
FN:105,(anonymous_8)
FNF:9
FNH:9
FNDA:6,persistPlan
FNDA:4,(anonymous_1)
FNDA:2,(anonymous_2)
FNDA:2,stageRecommendation
FNDA:1,(anonymous_4)
FNDA:3,acceptProposal
FNDA:2,undoPlan
FNDA:2,(anonymous_7)
FNDA:1,(anonymous_8)
DA:1,10
DA:2,10
DA:3,10
DA:6,6
DA:8,4
DA:9,4
DA:10,4
DA:11,3
DA:12,3
DA:13,3
DA:14,2
DA:15,2
DA:17,1
DA:20,2
DA:33,2
DA:35,4
DA:39,2
DA:40,2
DA:48,2
DA:49,2
DA:56,2
DA:71,2
DA:73,2
DA:77,3
DA:78,3
DA:79,2
DA:82,1
DA:84,1
DA:94,1
DA:98,2
DA:99,2
DA:100,1
DA:103,2
DA:105,1
DA:106,1
DA:107,1
DA:108,2
DA:109,1
DA:113,1
DA:114,2
DA:115,2
DA:119,1
DA:121,1
DA:133,1
DA:136,10
LF:45
LH:45
BRDA:6,0,0,2
BRDA:6,0,1,4
BRDA:6,1,0,6
BRDA:6,1,1,5
BRDA:6,1,2,5
BRDA:10,2,0,3
BRDA:10,2,1,1
BRDA:13,3,0,2
BRDA:13,3,1,1
BRDA:23,4,0,2
BRDA:23,4,1,2
BRDA:25,5,0,2
BRDA:25,5,1,2
BRDA:26,6,0,2
BRDA:26,6,1,2
BRDA:27,7,0,2
BRDA:27,7,1,2
BRDA:28,8,0,2
BRDA:28,8,1,2
BRDA:39,9,0,2
BRDA:39,9,1,1
BRDA:42,10,0,2
BRDA:42,10,1,1
BRDA:43,11,0,2
BRDA:43,11,1,2
BRDA:44,12,0,2
BRDA:44,12,1,2
BRDA:62,13,0,2
BRDA:62,13,1,1
BRDA:78,14,0,2
BRDA:78,14,1,1
BRDA:78,15,0,3
BRDA:78,15,1,2
BRDA:78,15,2,2
BRDA:99,16,0,1
BRDA:99,16,1,1
BRDA:108,17,0,1
BRDA:108,17,1,1
BRDA:114,18,0,2
BRDA:114,18,1,0
BRF:40
BRH:39
end_of_record
TN:
SF:src/services/coach/static-response.service.js
FN:5,_formatLocalDate
FN:12,_getNextAvailableDate
FN:31,respondTaskCompleted
FN:65,respondFeedback
FN:102,respondSkip
FN:137,respondCheckIn
FNF:6
FNH:6
FNDA:4,_formatLocalDate
FNDA:4,_getNextAvailableDate
FNDA:5,respondTaskCompleted
FNDA:5,respondFeedback
FNDA:4,respondSkip
FNDA:6,respondCheckIn
DA:1,10
DA:3,10
DA:6,4
DA:7,4
DA:8,4
DA:9,4
DA:13,4
DA:16,4
DA:17,4
DA:18,4
DA:19,4
DA:20,8
DA:21,8
DA:22,4
DA:24,4
DA:26,0
DA:27,0
DA:28,0
DA:32,5
DA:33,5
DA:34,5
DA:35,5
DA:38,5
DA:39,1
DA:40,4
DA:41,1
DA:43,3
DA:46,5
DA:55,5
DA:62,5
DA:66,5
DA:67,5
DA:68,5
DA:71,5
DA:72,1
DA:73,4
DA:74,1
DA:76,3
DA:79,5
DA:88,5
DA:99,5
DA:103,4
DA:104,4
DA:105,4
DA:106,4
DA:108,4
DA:110,4
DA:112,4
DA:114,4
DA:123,4
DA:134,4
DA:138,6
DA:139,6
DA:140,6
DA:143,6
DA:144,1
DA:145,5
DA:146,1
DA:147,4
DA:148,1
DA:150,3
DA:153,6
DA:162,6
DA:173,6
DA:176,10
LF:65
LH:62
BRDA:13,0,0,2
BRDA:13,0,1,2
BRDA:13,1,0,4
BRDA:13,1,1,2
BRDA:21,2,0,4
BRDA:21,2,1,4
BRDA:32,3,0,5
BRDA:32,3,1,1
BRDA:34,4,0,5
BRDA:34,4,1,1
BRDA:35,5,0,5
BRDA:35,5,1,2
BRDA:38,6,0,1
BRDA:38,6,1,4
BRDA:39,7,0,1
BRDA:39,7,1,0
BRDA:40,8,0,1
BRDA:40,8,1,3
BRDA:41,9,0,1
BRDA:41,9,1,0
BRDA:43,10,0,3
BRDA:43,10,1,1
BRDA:67,11,0,5
BRDA:67,11,1,1
BRDA:68,12,0,5
BRDA:68,12,1,1
BRDA:68,12,2,0
BRDA:71,13,0,1
BRDA:71,13,1,4
BRDA:73,14,0,1
BRDA:73,14,1,3
BRDA:94,15,0,5
BRDA:94,15,1,2
BRDA:104,16,0,4
BRDA:104,16,1,2
BRDA:104,16,2,1
BRDA:105,17,0,4
BRDA:105,17,1,2
BRDA:138,18,0,6
BRDA:138,18,1,1
BRDA:139,19,0,6
BRDA:139,19,1,2
BRDA:140,20,0,6
BRDA:140,20,1,2
BRDA:143,21,0,1
BRDA:143,21,1,5
BRDA:145,22,0,1
BRDA:145,22,1,4
BRDA:147,23,0,1
BRDA:147,23,1,3
BRDA:168,24,0,6
BRDA:168,24,1,2
BRF:52
BRH:49
end_of_record
TN:
SF:src/services/coach/templates.js
FN:2,(anonymous_0)
FN:16,(anonymous_1)
FN:44,(anonymous_2)
FN:55,(anonymous_3)
FN:70,(anonymous_4)
FN:98,(anonymous_5)
FN:110,(anonymous_6)
FNF:7
FNH:7
FNDA:3,(anonymous_0)
FNDA:7,(anonymous_1)
FNDA:1,(anonymous_2)
FNDA:2,(anonymous_3)
FNDA:6,(anonymous_4)
FNDA:1,(anonymous_5)
FNDA:1,(anonymous_6)
DA:1,10
DA:3,3
DA:17,7
DA:18,7
DA:19,3
DA:20,3
DA:21,4
DA:22,2
DA:23,2
DA:24,2
DA:25,2
DA:26,2
DA:29,2
DA:30,2
DA:32,7
DA:41,7
DA:45,1
DA:56,2
DA:71,6
DA:72,6
DA:73,2
DA:74,2
DA:75,2
DA:76,4
DA:77,2
DA:80,2
DA:81,2
DA:83,2
DA:85,6
DA:95,6
DA:99,1
DA:111,1
DA:123,10
DA:132,10
LF:34
LH:34
BRDA:10,0,0,3
BRDA:10,0,1,1
BRDA:11,1,0,3
BRDA:11,1,1,1
BRDA:18,2,0,3
BRDA:18,2,1,4
BRDA:19,3,0,3
BRDA:19,3,1,2
BRDA:21,4,0,2
BRDA:21,4,1,2
BRDA:22,5,0,2
BRDA:22,5,1,0
BRDA:23,6,0,1
BRDA:23,6,1,1
BRDA:25,7,0,2
BRDA:25,7,1,0
BRDA:26,8,0,2
BRDA:26,8,1,0
BRDA:29,9,0,1
BRDA:29,9,1,1
BRDA:35,10,0,7
BRDA:35,10,1,0
BRDA:37,11,0,7
BRDA:37,11,1,1
BRDA:39,12,0,7
BRDA:39,12,1,0
BRDA:57,13,0,2
BRDA:57,13,1,1
BRDA:58,14,0,2
BRDA:58,14,1,1
BRDA:61,15,0,2
BRDA:61,15,1,0
BRDA:64,16,0,2
BRDA:64,16,1,0
BRDA:67,17,0,2
BRDA:67,17,1,0
BRDA:72,18,0,2
BRDA:72,18,1,4
BRDA:73,19,0,2
BRDA:73,19,1,0
BRDA:74,20,0,1
BRDA:74,20,1,1
BRDA:76,21,0,2
BRDA:76,21,1,2
BRDA:77,22,0,2
BRDA:77,22,1,0
BRDA:80,23,0,1
BRDA:80,23,1,1
BRDA:83,24,0,2
BRDA:83,24,1,1
BRDA:89,25,0,6
BRDA:89,25,1,0
BRDA:90,26,0,6
BRDA:90,26,1,0
BRDA:91,27,0,6
BRDA:91,27,1,0
BRDA:93,28,0,6
BRDA:93,28,1,0
BRDA:103,29,0,1
BRDA:103,29,1,0
BRDA:105,30,0,1
BRDA:105,30,1,0
BRDA:107,31,0,1
BRDA:107,31,1,0
BRDA:118,32,0,1
BRDA:118,32,1,0
BRDA:119,33,0,1
BRDA:119,33,1,0
BRF:68
BRH:49
end_of_record
TN:
SF:src/utils/converter.js
FN:3,buildGeminiPayload
FN:18,buildOaiCompatPayload
FN:32,buildOpenRouterPayload
FN:38,buildGlmPayload
FN:44,buildOllamaPayload
FN:57,extractContent
FNF:6
FNH:6
FNDA:2,buildGeminiPayload
FNDA:4,buildOaiCompatPayload
FNDA:1,buildOpenRouterPayload
FNDA:1,buildGlmPayload
FNDA:2,buildOllamaPayload
FNDA:7,extractContent
DA:1,10
DA:4,2
DA:5,2
DA:6,2
DA:19,4
DA:28,4
DA:29,4
DA:33,1
DA:34,1
DA:35,1
DA:39,1
DA:40,1
DA:41,1
DA:45,2
DA:53,2
DA:54,2
DA:58,7
DA:60,1
DA:64,5
DA:66,1
DA:70,10
LF:21
LH:21
BRDA:5,0,0,1
BRDA:5,0,1,1
BRDA:28,1,0,3
BRDA:28,1,1,1
BRDA:53,2,0,1
BRDA:53,2,1,1
BRDA:58,3,0,1
BRDA:58,3,1,3
BRDA:58,3,2,4
BRDA:58,3,3,5
BRDA:58,3,4,1
BRDA:64,4,0,5
BRDA:64,4,1,2
BRDA:64,4,2,1
BRF:14
BRH:14
end_of_record
TN:
SF:src/utils/logger.js
FNF:0
FNH:0
DA:1,33
DA:2,33
DA:4,33
DA:11,33
LF:4
LH:4
BRDA:5,0,0,0
BRDA:5,0,1,33
BRDA:6,1,0,33
BRDA:6,1,1,33
BRF:4
BRH:3
end_of_record
TN:
SF:src/utils/metrics.js
FN:74,_pricingFor
FN:79,estimateAIUsageCost
FN:86,_snapshotKey
FN:90,recordAIUsage
FN:150,getAIUsageSnapshot
FN:154,resetAIUsageForTests
FNF:6
FNH:6
FNDA:4,_pricingFor
FNDA:4,estimateAIUsageCost
FNDA:4,_snapshotKey
FNDA:4,recordAIUsage
FNDA:1,getAIUsageSnapshot
FNDA:4,resetAIUsageForTests
DA:1,10
DA:2,10
DA:4,10
DA:6,10
DA:8,10
DA:14,10
DA:21,10
DA:27,10
DA:33,10
DA:39,10
DA:63,10
DA:75,4
DA:76,4
DA:80,4
DA:81,4
DA:82,4
DA:83,4
DA:87,4
DA:100,4
DA:101,4
DA:102,4
DA:103,4
DA:105,4
DA:106,4
DA:107,4
DA:108,4
DA:109,4
DA:111,4
DA:112,4
DA:113,4
DA:114,4
DA:115,4
DA:117,4
DA:118,4
DA:127,4
DA:128,4
DA:129,4
DA:130,4
DA:131,4
DA:132,4
DA:134,4
DA:146,4
DA:147,4
DA:151,1
DA:155,4
DA:156,4
DA:157,4
DA:158,4
DA:165,4
DA:168,10
LF:50
LH:50
BRDA:75,0,0,4
BRDA:75,0,1,0
BRDA:76,1,0,4
BRDA:76,1,1,1
BRDA:76,1,2,0
BRDA:79,2,0,0
BRDA:79,3,0,0
BRDA:79,4,0,0
BRDA:79,5,0,0
BRDA:81,6,0,4
BRDA:81,6,1,0
BRDA:82,7,0,4
BRDA:82,7,1,0
BRDA:90,8,0,0
BRDA:91,9,0,0
BRDA:92,10,0,0
BRDA:93,11,0,0
BRDA:94,12,0,0
BRDA:95,13,0,0
BRDA:96,14,0,0
BRDA:100,15,0,4
BRDA:100,15,1,0
BRDA:101,16,0,4
BRDA:101,16,1,0
BRDA:102,17,0,4
BRDA:102,17,1,4
BRDA:106,18,0,4
BRDA:106,18,1,0
BRDA:107,19,0,4
BRDA:107,19,1,0
BRDA:108,20,0,4
BRDA:108,20,1,0
BRDA:109,21,0,4
BRDA:109,21,1,0
BRDA:118,22,0,4
BRDA:118,22,1,4
BRF:36
BRH:15
end_of_record
TN:
SF:src/utils/retry.js
FN:14,sleep
FN:15,(anonymous_1)
FN:18,withRetry
FN:48,isTransientPgError
FNF:4
FNH:4
FNDA:4,sleep
FNDA:4,(anonymous_1)
FNDA:67,withRetry
FNDA:8,isTransientPgError
DA:1,33
DA:3,33
DA:15,4
DA:19,67
DA:22,67
DA:23,71
DA:24,71
DA:26,10
DA:27,10
DA:28,10
DA:29,6
DA:32,4
DA:33,4
DA:34,4
DA:42,4
DA:45,0
DA:49,8
DA:52,33
LF:18
LH:17
BRDA:18,0,0,1
BRDA:19,1,0,1
BRDA:19,2,0,1
BRDA:19,3,0,67
BRDA:19,4,0,7
BRDA:27,5,0,6
BRDA:27,5,1,4
BRDA:28,6,0,6
BRDA:28,6,1,4
BRDA:28,7,0,10
BRDA:28,7,1,5
BRDA:39,8,0,4
BRDA:39,8,1,4
BRF:13
BRH:13
end_of_record
